[15:29:11][LOGGER][INFO] Logger started!
[15:29:11][RoboScript][INFO] Interpreter ready!
[15:29:11][TMGR][INFO] Applying robot position to model
[15:29:11][MOTORS][INFO] Motors controller ready!
[15:29:11][TMGR][INFO] TaskManager ready!
[15:29:11][WEB][INFO] Starting WebAPI on 0.0.0.0:8080
[15:29:11][TMGR][INFO] Starting tasks execution loop
[15:29:33][TMGR][SUCCESS] All tasks finished! Match finished!
[15:29:33][TMGR][INFO] Starting tasks execution loop
[15:29:33][TMGR][SUCCESS] All tasks finished! Match finished!
[15:29:33][TMGR][INFO] Starting tasks execution loop
[15:29:33][TMGR][SUCCESS] All tasks finished! Match finished!
[15:29:33][TMGR][INFO] Starting tasks execution loop
[15:29:33][TMGR][SUCCESS] All tasks finished! Match finished!
[15:29:33][TMGR][INFO] Starting tasks execution loop
[15:29:33][TMGR][SUCCESS] All tasks finished! Match finished!
[15:29:33][TMGR][INFO] Starting tasks execution loop
[15:29:33][TMGR][SUCCESS] All tasks finished! Match finished!
[15:29:33][TMGR][INFO] Starting tasks execution loop
[15:29:33][TMGR][SUCCESS] All tasks finished! Match finished!
[15:29:33][TMGR][INFO] Starting tasks execution loop
[15:29:34][TMGR][SUCCESS] All tasks finished! Match finished!
[15:29:34][TMGR][INFO] Starting tasks execution loop
[15:29:34][TMGR][SUCCESS] All tasks finished! Match finished!
[15:29:34][TMGR][INFO] Starting tasks execution loop
[15:29:34][TMGR][SUCCESS] All tasks finished! Match finished!
[15:29:34][TMGR][INFO] Starting tasks execution loop
[15:29:34][TMGR][SUCCESS] All tasks finished! Match finished!
[15:29:34][TMGR][INFO] Starting tasks execution loop
[15:29:34][TMGR][SUCCESS] All tasks finished! Match finished!
[15:29:34][TMGR][INFO] Starting tasks execution loop
[15:29:34][TMGR][SUCCESS] All tasks finished! Match finished!
[15:29:34][TMGR][INFO] Starting tasks execution loop
[15:29:34][TMGR][SUCCESS] All tasks finished! Match finished!
[15:29:34][TMGR][INFO] Starting tasks execution loop
[15:29:34][TMGR][SUCCESS] All tasks finished! Match finished!
[15:29:34][TMGR][INFO] Starting tasks execution loop
[15:29:34][TMGR][SUCCESS] All tasks finished! Match finished!
[15:29:34][TMGR][INFO] Starting tasks execution loop
[15:29:34][TMGR][SUCCESS] All tasks finished! Match finished!
[15:29:34][TMGR][INFO] Starting tasks execution loop
[15:29:34][TMGR][SUCCESS] All tasks finished! Match finished!
[15:29:34][TMGR][INFO] Starting tasks execution loop
[15:29:34][TMGR][SUCCESS] All tasks finished! Match finished!
[15:29:35][TMGR][INFO] Starting tasks execution loop
[15:29:35][TMGR][SUCCESS] All tasks finished! Match finished!
[15:29:35][TMGR][INFO] Starting tasks execution loop
[15:29:35][TMGR][SUCCESS] All tasks finished! Match finished!
[15:29:35][TMGR][INFO] Starting tasks execution loop
[15:29:35][TMGR][SUCCESS] All tasks finished! Match finished!
[15:29:35][TMGR][INFO] Starting tasks execution loop
[15:29:35][TMGR][SUCCESS] All tasks finished! Match finished!
[15:29:35][TMGR][INFO] Starting tasks execution loop
[15:29:35][TMGR][SUCCESS] All tasks finished! Match finished!
[15:29:35][TMGR][INFO] Starting tasks execution loop
[15:29:35][TMGR][SUCCESS] All tasks finished! Match finished!
[15:29:35][TMGR][INFO] Starting tasks execution loop
[15:29:35][TMGR][SUCCESS] All tasks finished! Match finished!
[15:29:35][TMGR][INFO] Starting tasks execution loop
[15:29:35][TMGR][SUCCESS] All tasks finished! Match finished!
[15:29:35][TMGR][INFO] Starting tasks execution loop
[15:29:35][TMGR][SUCCESS] All tasks finished! Match finished!
[15:29:35][TMGR][INFO] Starting tasks execution loop
[15:29:35][TMGR][SUCCESS] All tasks finished! Match finished!
[15:29:35][TMGR][INFO] Starting tasks execution loop
[15:29:36][TMGR][SUCCESS] All tasks finished! Match finished!
[15:29:36][TMGR][INFO] Starting tasks execution loop
[15:29:36][TMGR][SUCCESS] All tasks finished! Match finished!
[15:29:36][TMGR][INFO] Starting tasks execution loop
[15:29:36][TMGR][SUCCESS] All tasks finished! Match finished!
[15:29:36][TMGR][INFO] Starting tasks execution loop
[15:29:36][TMGR][SUCCESS] All tasks finished! Match finished!
[15:29:36][TMGR][INFO] Starting tasks execution loop
[15:29:36][TMGR][SUCCESS] All tasks finished! Match finished!
[15:29:36][TMGR][INFO] Starting tasks execution loop
[15:29:36][TMGR][SUCCESS] All tasks finished! Match finished!
[15:29:36][TMGR][INFO] Starting tasks execution loop
[15:29:36][TMGR][SUCCESS] All tasks finished! Match finished!
[15:29:36][TMGR][INFO] Starting tasks execution loop
[15:29:36][TMGR][SUCCESS] All tasks finished! Match finished!
[15:29:36][TMGR][INFO] Starting tasks execution loop
[15:29:36][TMGR][SUCCESS] All tasks finished! Match finished!
[15:29:36][TMGR][INFO] Starting tasks execution loop
[15:29:36][TMGR][SUCCESS] All tasks finished! Match finished!
[15:29:36][TMGR][INFO] Starting tasks execution loop
