[16:26:16][LOGGER][INFO] Match started!
[16:26:16][TMGR][INFO] Executing new task from route: {'action': 1, 'point': [0, 50]}
[16:26:16][MOTORS][INFO] Planning to drive to [0, 50]
[16:26:18][TMGR][INFO] Executing new task from route: {'action': 'delay', 'seconds': 2}
[16:26:20][TMGR][INFO] Executing new task from route: {'action': 'open_gripper'}
[16:26:20][TMGR][INFO] Executing new task from route: {'action': 'delay', 'seconds': 2}
[16:26:22][TMGR][INFO] Executing new task from route: {'action': 'close_gripper'}
[16:26:23][TMGR][INFO] Executing new task from route: {'action': 'backward', 'back_point': [240, 50]}
[16:26:23][TMGR][INFO] Executing new task from route: {'action': 'delay', 'seconds': 2}
[16:26:25][TMGR][INFO] Executing new task from route: {'action': 1, 'point': [240, 51]}
[16:26:25][MOTORS][INFO] Planning to drive to [240, 51]
[16:26:27][TMGR][INFO] Executing new task from route: {'action': 'backward', 'back_point': [240, 0], 'extra_force': 300}
[16:26:27][TMGR][INFO] Executing new task from route: {'action': 'delay', 'seconds': 5}
[16:26:32][TMGR][INFO] Executing new task from route: {'action': 1, 'point': [240, 50]}
[16:26:32][MOTORS][INFO] Planning to drive to [240, 50]
[16:26:33][TMGR][INFO] Executing new task from route: {'action': 'delay', 'seconds': 2}
[16:26:35][TMGR][INFO] Executing new task from route: {'action': 1, 'point': [237, 1500]}
[16:26:35][MOTORS][INFO] Planning to drive to [237, 1500]
[16:26:41][TMGR][INFO] Executing new task from route: {'action': 'delay', 'seconds': 2}
[16:26:43][TMGR][INFO] Executing new task from route: {'action': 'backward', 'back_point': [237, 1300]}
[16:26:43][TMGR][INFO] Executing new task from route: {'action': 'gripper_grab_start'}
[16:26:45][TMGR][INFO] Logged points: [[0, 50], [240, 51], [240, 50], [237, 1500]]
[16:26:45][TMGR][INFO] Match duration (seconds): 29.595813989639282
[16:26:45][TMGR][INFO] Distance: N/A
[16:26:45][TMGR][INFO] Points gained: N/A
