[15:20:09][LOGGER][INFO] Logger started!
[15:20:09][RoboScript][INFO] Interpreter ready!
[15:20:09][TMGR][INFO] Applying robot position to model
[15:20:09][MOTORS][INFO] Motors controller ready!
[15:20:09][TMGR][INFO] TaskManager ready!
[15:20:09][WEB][INFO] Starting WebAPI on 0.0.0.0:8080
[15:20:09][TMGR][INFO] Starting tasks execution loop
[15:20:14][TMGR][INFO] Starting tasks execution loop
[15:20:43][TMGR][SUCCESS] All tasks finished! Match finished!
[15:20:43][TMGR][INFO] Starting tasks execution loop
[15:20:47][TMGR][SUCCESS] All tasks finished! Match finished!
[15:20:47][TMGR][SUCCESS] All tasks finished! Match finished!
[15:20:47][TMGR][INFO] Starting tasks execution loop
[15:20:47][TMGR][SUCCESS] All tasks finished! Match finished!
[15:20:47][TMGR][INFO] Starting tasks execution loop
[15:20:47][TMGR][SUCCESS] All tasks finished! Match finished!
[15:20:47][TMGR][INFO] Starting tasks execution loop
[15:20:47][TMGR][SUCCESS] All tasks finished! Match finished!
[15:20:47][TMGR][INFO] Starting tasks execution loop
[15:20:47][TMGR][SUCCESS] All tasks finished! Match finished!
[15:20:47][TMGR][INFO] Starting tasks execution loop
[15:20:47][TMGR][SUCCESS] All tasks finished! Match finished!
[15:20:47][TMGR][INFO] Starting tasks execution loop
[15:20:47][TMGR][SUCCESS] All tasks finished! Match finished!
[15:20:48][TMGR][INFO] Starting tasks execution loop
[15:20:48][TMGR][SUCCESS] All tasks finished! Match finished!
[15:20:48][TMGR][INFO] Starting tasks execution loop
[15:20:48][TMGR][SUCCESS] All tasks finished! Match finished!
[15:20:48][TMGR][INFO] Starting tasks execution loop
[15:20:48][TMGR][SUCCESS] All tasks finished! Match finished!
[15:20:48][TMGR][INFO] Starting tasks execution loop
[15:20:48][TMGR][SUCCESS] All tasks finished! Match finished!
[15:20:48][TMGR][INFO] Starting tasks execution loop
[15:20:48][TMGR][SUCCESS] All tasks finished! Match finished!
[15:20:48][TMGR][INFO] Starting tasks execution loop
[15:20:48][TMGR][SUCCESS] All tasks finished! Match finished!
[15:20:48][TMGR][INFO] Starting tasks execution loop
[15:20:48][TMGR][SUCCESS] All tasks finished! Match finished!
[15:20:48][TMGR][INFO] Starting tasks execution loop
[15:20:48][TMGR][SUCCESS] All tasks finished! Match finished!
[15:20:48][TMGR][INFO] Starting tasks execution loop
[15:20:48][TMGR][SUCCESS] All tasks finished! Match finished!
[15:20:48][TMGR][INFO] Starting tasks execution loop
[15:20:48][TMGR][SUCCESS] All tasks finished! Match finished!
[15:20:48][TMGR][INFO] Starting tasks execution loop
[15:20:49][TMGR][SUCCESS] All tasks finished! Match finished!
[15:20:49][TMGR][INFO] Starting tasks execution loop
[15:20:49][TMGR][SUCCESS] All tasks finished! Match finished!
[15:20:49][TMGR][INFO] Starting tasks execution loop
[15:20:49][TMGR][SUCCESS] All tasks finished! Match finished!
[15:20:49][TMGR][INFO] Starting tasks execution loop
[15:20:49][TMGR][SUCCESS] All tasks finished! Match finished!
[15:20:49][TMGR][INFO] Starting tasks execution loop
[15:20:49][TMGR][SUCCESS] All tasks finished! Match finished!
[15:20:49][TMGR][INFO] Starting tasks execution loop
[15:20:49][TMGR][SUCCESS] All tasks finished! Match finished!
[15:20:49][TMGR][INFO] Starting tasks execution loop
[15:20:49][TMGR][SUCCESS] All tasks finished! Match finished!
[15:20:49][TMGR][INFO] Starting tasks execution loop
[15:20:49][TMGR][SUCCESS] All tasks finished! Match finished!
[15:20:49][TMGR][INFO] Starting tasks execution loop
[15:20:49][TMGR][SUCCESS] All tasks finished! Match finished!
[15:20:49][TMGR][INFO] Starting tasks execution loop
[15:20:49][TMGR][SUCCESS] All tasks finished! Match finished!
[15:20:49][TMGR][INFO] Starting tasks execution loop
[15:20:49][TMGR][SUCCESS] All tasks finished! Match finished!
[15:20:49][TMGR][INFO] Starting tasks execution loop
[15:20:50][TMGR][SUCCESS] All tasks finished! Match finished!
[15:20:50][TMGR][INFO] Starting tasks execution loop
[15:20:50][TMGR][SUCCESS] All tasks finished! Match finished!
[15:20:50][TMGR][INFO] Starting tasks execution loop
[15:20:50][TMGR][SUCCESS] All tasks finished! Match finished!
[15:20:50][TMGR][INFO] Starting tasks execution loop
[15:20:50][TMGR][SUCCESS] All tasks finished! Match finished!
[15:20:50][TMGR][INFO] Starting tasks execution loop
[15:20:50][TMGR][SUCCESS] All tasks finished! Match finished!
[15:20:50][TMGR][INFO] Starting tasks execution loop
[15:20:50][TMGR][SUCCESS] All tasks finished! Match finished!
[15:20:50][TMGR][INFO] Starting tasks execution loop
[15:20:50][TMGR][SUCCESS] All tasks finished! Match finished!
[15:20:50][TMGR][INFO] Starting tasks execution loop
[15:20:50][TMGR][SUCCESS] All tasks finished! Match finished!
[15:20:50][TMGR][INFO] Starting tasks execution loop
[15:20:50][TMGR][SUCCESS] All tasks finished! Match finished!
[15:20:50][TMGR][INFO] Starting tasks execution loop
[15:20:50][TMGR][SUCCESS] All tasks finished! Match finished!
[15:20:50][TMGR][INFO] Starting tasks execution loop
[15:20:51][TMGR][SUCCESS] All tasks finished! Match finished!
[15:20:51][TMGR][INFO] Starting tasks execution loop
[15:20:51][TMGR][SUCCESS] All tasks finished! Match finished!
[15:20:51][TMGR][INFO] Starting tasks execution loop
[15:20:51][TMGR][SUCCESS] All tasks finished! Match finished!
[15:20:51][TMGR][INFO] Starting tasks execution loop
[15:20:51][TMGR][SUCCESS] All tasks finished! Match finished!
[15:20:51][TMGR][INFO] Starting tasks execution loop
[15:20:51][TMGR][SUCCESS] All tasks finished! Match finished!
[15:20:51][TMGR][INFO] Starting tasks execution loop
[15:20:51][TMGR][SUCCESS] All tasks finished! Match finished!
[15:20:51][TMGR][INFO] Starting tasks execution loop
[15:20:51][TMGR][SUCCESS] All tasks finished! Match finished!
[15:20:51][TMGR][INFO] Starting tasks execution loop
[15:20:51][TMGR][SUCCESS] All tasks finished! Match finished!
[15:20:51][TMGR][INFO] Starting tasks execution loop
[15:20:51][TMGR][SUCCESS] All tasks finished! Match finished!
[15:20:51][TMGR][INFO] Starting tasks execution loop
[15:20:51][TMGR][SUCCESS] All tasks finished! Match finished!
[15:20:51][TMGR][INFO] Starting tasks execution loop
[15:20:51][TMGR][SUCCESS] All tasks finished! Match finished!
[15:20:51][TMGR][INFO] Starting tasks execution loop
[15:20:52][TMGR][SUCCESS] All tasks finished! Match finished!
[15:20:52][TMGR][INFO] Starting tasks execution loop
[15:20:52][TMGR][SUCCESS] All tasks finished! Match finished!
[15:20:52][TMGR][INFO] Starting tasks execution loop
[15:20:52][TMGR][SUCCESS] All tasks finished! Match finished!
[15:20:52][TMGR][INFO] Starting tasks execution loop
[15:20:52][TMGR][SUCCESS] All tasks finished! Match finished!
[15:20:52][TMGR][INFO] Starting tasks execution loop
[15:20:52][TMGR][SUCCESS] All tasks finished! Match finished!
[15:20:52][TMGR][INFO] Starting tasks execution loop
[15:20:52][TMGR][SUCCESS] All tasks finished! Match finished!
[15:20:52][TMGR][INFO] Starting tasks execution loop
[15:20:52][TMGR][SUCCESS] All tasks finished! Match finished!
[15:20:52][TMGR][INFO] Starting tasks execution loop
[15:20:52][TMGR][SUCCESS] All tasks finished! Match finished!
[15:20:52][TMGR][INFO] Starting tasks execution loop
[15:20:52][TMGR][SUCCESS] All tasks finished! Match finished!
[15:20:52][TMGR][INFO] Starting tasks execution loop
[15:20:52][TMGR][SUCCESS] All tasks finished! Match finished!
[15:20:52][TMGR][INFO] Starting tasks execution loop
[15:20:53][TMGR][SUCCESS] All tasks finished! Match finished!
[15:20:53][TMGR][INFO] Starting tasks execution loop
[15:20:53][TMGR][SUCCESS] All tasks finished! Match finished!
[15:20:53][TMGR][INFO] Starting tasks execution loop
[15:20:53][TMGR][SUCCESS] All tasks finished! Match finished!
[15:20:53][TMGR][INFO] Starting tasks execution loop
[15:20:53][TMGR][SUCCESS] All tasks finished! Match finished!
[15:20:53][TMGR][INFO] Starting tasks execution loop
[15:20:53][TMGR][SUCCESS] All tasks finished! Match finished!
[15:20:53][TMGR][INFO] Starting tasks execution loop
[15:20:53][TMGR][SUCCESS] All tasks finished! Match finished!
[15:20:53][TMGR][INFO] Starting tasks execution loop
[15:20:53][TMGR][SUCCESS] All tasks finished! Match finished!
[15:20:53][TMGR][INFO] Starting tasks execution loop
[15:20:53][TMGR][SUCCESS] All tasks finished! Match finished!
[15:20:53][TMGR][INFO] Starting tasks execution loop
[15:20:53][TMGR][SUCCESS] All tasks finished! Match finished!
[15:20:53][TMGR][INFO] Starting tasks execution loop
[15:20:53][TMGR][SUCCESS] All tasks finished! Match finished!
[15:20:53][TMGR][INFO] Starting tasks execution loop
[15:20:53][TMGR][SUCCESS] All tasks finished! Match finished!
[15:20:54][TMGR][INFO] Starting tasks execution loop
[15:20:54][TMGR][SUCCESS] All tasks finished! Match finished!
[15:20:54][TMGR][INFO] Starting tasks execution loop
[15:20:54][TMGR][SUCCESS] All tasks finished! Match finished!
[15:20:54][TMGR][INFO] Starting tasks execution loop
[15:20:54][TMGR][SUCCESS] All tasks finished! Match finished!
[15:20:54][TMGR][INFO] Starting tasks execution loop
[15:20:54][TMGR][SUCCESS] All tasks finished! Match finished!
[15:20:54][TMGR][INFO] Starting tasks execution loop
[15:20:54][TMGR][SUCCESS] All tasks finished! Match finished!
[15:20:54][TMGR][INFO] Starting tasks execution loop
[15:20:54][TMGR][SUCCESS] All tasks finished! Match finished!
[15:20:54][TMGR][INFO] Starting tasks execution loop
[15:20:54][TMGR][SUCCESS] All tasks finished! Match finished!
[15:20:54][TMGR][INFO] Starting tasks execution loop
[15:20:54][TMGR][SUCCESS] All tasks finished! Match finished!
[15:20:54][TMGR][INFO] Starting tasks execution loop
[15:20:54][TMGR][SUCCESS] All tasks finished! Match finished!
[15:20:54][TMGR][INFO] Starting tasks execution loop
[15:20:54][TMGR][SUCCESS] All tasks finished! Match finished!
[15:20:54][TMGR][INFO] Starting tasks execution loop
[15:20:55][TMGR][SUCCESS] All tasks finished! Match finished!
[15:20:55][TMGR][INFO] Starting tasks execution loop
[15:20:55][TMGR][SUCCESS] All tasks finished! Match finished!
[15:20:55][TMGR][INFO] Starting tasks execution loop
[15:20:55][TMGR][SUCCESS] All tasks finished! Match finished!
[15:20:55][TMGR][INFO] Starting tasks execution loop
[15:20:55][TMGR][SUCCESS] All tasks finished! Match finished!
[15:20:55][TMGR][INFO] Starting tasks execution loop
[15:20:55][TMGR][SUCCESS] All tasks finished! Match finished!
[15:20:55][TMGR][INFO] Starting tasks execution loop
[15:20:55][TMGR][SUCCESS] All tasks finished! Match finished!
[15:20:55][TMGR][INFO] Starting tasks execution loop
[15:20:55][TMGR][SUCCESS] All tasks finished! Match finished!
[15:20:55][TMGR][INFO] Starting tasks execution loop
[15:20:55][TMGR][SUCCESS] All tasks finished! Match finished!
[15:20:55][TMGR][INFO] Starting tasks execution loop
[15:20:55][TMGR][SUCCESS] All tasks finished! Match finished!
[15:20:55][TMGR][INFO] Starting tasks execution loop
[15:20:55][TMGR][SUCCESS] All tasks finished! Match finished!
[15:20:55][TMGR][INFO] Starting tasks execution loop
[15:20:56][TMGR][SUCCESS] All tasks finished! Match finished!
[15:20:56][TMGR][INFO] Starting tasks execution loop
[15:20:56][TMGR][SUCCESS] All tasks finished! Match finished!
[15:20:56][TMGR][INFO] Starting tasks execution loop
[15:20:56][TMGR][SUCCESS] All tasks finished! Match finished!
[15:20:56][TMGR][INFO] Starting tasks execution loop
[15:20:56][TMGR][SUCCESS] All tasks finished! Match finished!
[15:20:56][TMGR][INFO] Starting tasks execution loop
[15:20:56][TMGR][SUCCESS] All tasks finished! Match finished!
[15:20:56][TMGR][INFO] Starting tasks execution loop
[15:20:56][TMGR][SUCCESS] All tasks finished! Match finished!
[15:20:56][TMGR][INFO] Starting tasks execution loop
[15:20:56][TMGR][SUCCESS] All tasks finished! Match finished!
[15:20:56][TMGR][INFO] Starting tasks execution loop
[15:20:56][TMGR][SUCCESS] All tasks finished! Match finished!
[15:20:56][TMGR][INFO] Starting tasks execution loop
[15:20:56][TMGR][SUCCESS] All tasks finished! Match finished!
[15:20:56][TMGR][INFO] Starting tasks execution loop
[15:20:56][TMGR][SUCCESS] All tasks finished! Match finished!
[15:20:56][TMGR][INFO] Starting tasks execution loop
[15:20:56][TMGR][SUCCESS] All tasks finished! Match finished!
[15:20:56][TMGR][INFO] Starting tasks execution loop
[15:20:57][TMGR][SUCCESS] All tasks finished! Match finished!
[15:20:57][TMGR][INFO] Starting tasks execution loop
[15:20:57][TMGR][SUCCESS] All tasks finished! Match finished!
[15:20:57][TMGR][INFO] Starting tasks execution loop
[15:20:57][TMGR][SUCCESS] All tasks finished! Match finished!
[15:20:57][TMGR][INFO] Starting tasks execution loop
[15:20:57][TMGR][SUCCESS] All tasks finished! Match finished!
[15:20:57][TMGR][INFO] Starting tasks execution loop
[15:20:57][TMGR][SUCCESS] All tasks finished! Match finished!
[15:20:57][TMGR][INFO] Starting tasks execution loop
[15:20:57][TMGR][SUCCESS] All tasks finished! Match finished!
[15:20:57][TMGR][INFO] Starting tasks execution loop
[15:20:57][TMGR][SUCCESS] All tasks finished! Match finished!
[15:20:57][TMGR][INFO] Starting tasks execution loop
[15:20:57][TMGR][SUCCESS] All tasks finished! Match finished!
[15:20:57][TMGR][INFO] Starting tasks execution loop
[15:20:57][TMGR][SUCCESS] All tasks finished! Match finished!
[15:20:57][TMGR][INFO] Starting tasks execution loop
[15:20:57][TMGR][SUCCESS] All tasks finished! Match finished!
[15:20:57][TMGR][INFO] Starting tasks execution loop
[15:20:58][TMGR][SUCCESS] All tasks finished! Match finished!
[15:20:58][TMGR][INFO] Starting tasks execution loop
[15:20:58][TMGR][SUCCESS] All tasks finished! Match finished!
[15:20:58][TMGR][INFO] Starting tasks execution loop
[15:20:58][TMGR][SUCCESS] All tasks finished! Match finished!
[15:20:58][TMGR][INFO] Starting tasks execution loop
[15:20:58][TMGR][SUCCESS] All tasks finished! Match finished!
[15:20:58][TMGR][INFO] Starting tasks execution loop
[15:20:58][TMGR][SUCCESS] All tasks finished! Match finished!
[15:20:58][TMGR][INFO] Starting tasks execution loop
[15:20:58][TMGR][SUCCESS] All tasks finished! Match finished!
[15:20:58][TMGR][INFO] Starting tasks execution loop
[15:20:58][TMGR][SUCCESS] All tasks finished! Match finished!
[15:20:58][TMGR][INFO] Starting tasks execution loop
[15:20:58][TMGR][SUCCESS] All tasks finished! Match finished!
[15:20:58][TMGR][INFO] Starting tasks execution loop
[15:20:58][TMGR][SUCCESS] All tasks finished! Match finished!
[15:20:58][TMGR][INFO] Starting tasks execution loop
[15:20:58][TMGR][SUCCESS] All tasks finished! Match finished!
[15:20:59][TMGR][INFO] Starting tasks execution loop
[15:20:59][TMGR][SUCCESS] All tasks finished! Match finished!
[15:20:59][TMGR][INFO] Starting tasks execution loop
[15:20:59][TMGR][SUCCESS] All tasks finished! Match finished!
[15:20:59][TMGR][INFO] Starting tasks execution loop
[15:20:59][TMGR][SUCCESS] All tasks finished! Match finished!
[15:20:59][TMGR][INFO] Starting tasks execution loop
[15:20:59][TMGR][SUCCESS] All tasks finished! Match finished!
[15:20:59][TMGR][INFO] Starting tasks execution loop
[15:20:59][TMGR][SUCCESS] All tasks finished! Match finished!
[15:20:59][TMGR][INFO] Starting tasks execution loop
[15:20:59][TMGR][SUCCESS] All tasks finished! Match finished!
[15:20:59][TMGR][INFO] Starting tasks execution loop
[15:20:59][TMGR][SUCCESS] All tasks finished! Match finished!
[15:20:59][TMGR][INFO] Starting tasks execution loop
[15:20:59][TMGR][SUCCESS] All tasks finished! Match finished!
[15:20:59][TMGR][INFO] Starting tasks execution loop
[15:20:59][TMGR][SUCCESS] All tasks finished! Match finished!
[15:20:59][TMGR][INFO] Starting tasks execution loop
[15:20:59][TMGR][SUCCESS] All tasks finished! Match finished!
[15:20:59][TMGR][INFO] Starting tasks execution loop
[15:21:00][TMGR][SUCCESS] All tasks finished! Match finished!
[15:21:00][TMGR][INFO] Starting tasks execution loop
[15:21:00][TMGR][SUCCESS] All tasks finished! Match finished!
[15:21:00][TMGR][INFO] Starting tasks execution loop
[15:21:00][TMGR][SUCCESS] All tasks finished! Match finished!
[15:21:00][TMGR][INFO] Starting tasks execution loop
[15:21:00][TMGR][SUCCESS] All tasks finished! Match finished!
[15:21:00][TMGR][INFO] Starting tasks execution loop
[15:21:00][TMGR][SUCCESS] All tasks finished! Match finished!
[15:21:00][TMGR][INFO] Starting tasks execution loop
[15:21:00][TMGR][SUCCESS] All tasks finished! Match finished!
[15:21:00][TMGR][INFO] Starting tasks execution loop
[15:21:00][TMGR][SUCCESS] All tasks finished! Match finished!
[15:21:00][TMGR][INFO] Starting tasks execution loop
[15:21:00][TMGR][SUCCESS] All tasks finished! Match finished!
[15:21:00][TMGR][INFO] Starting tasks execution loop
[15:21:00][TMGR][SUCCESS] All tasks finished! Match finished!
[15:21:00][TMGR][INFO] Starting tasks execution loop
[15:21:00][TMGR][SUCCESS] All tasks finished! Match finished!
[15:21:00][TMGR][INFO] Starting tasks execution loop
[15:21:00][TMGR][SUCCESS] All tasks finished! Match finished!
[15:21:01][TMGR][INFO] Starting tasks execution loop
[15:21:01][TMGR][SUCCESS] All tasks finished! Match finished!
[15:21:01][TMGR][INFO] Starting tasks execution loop
[15:21:01][TMGR][SUCCESS] All tasks finished! Match finished!
[15:21:01][TMGR][INFO] Starting tasks execution loop
[15:21:01][TMGR][SUCCESS] All tasks finished! Match finished!
[15:21:01][TMGR][INFO] Starting tasks execution loop
[15:21:01][TMGR][SUCCESS] All tasks finished! Match finished!
[15:21:01][TMGR][INFO] Starting tasks execution loop
[15:21:01][TMGR][SUCCESS] All tasks finished! Match finished!
[15:21:01][TMGR][INFO] Starting tasks execution loop
[15:21:01][TMGR][SUCCESS] All tasks finished! Match finished!
[15:21:01][TMGR][INFO] Starting tasks execution loop
[15:21:01][TMGR][SUCCESS] All tasks finished! Match finished!
[15:21:01][TMGR][INFO] Starting tasks execution loop
[15:21:01][TMGR][SUCCESS] All tasks finished! Match finished!
[15:21:01][TMGR][INFO] Starting tasks execution loop
[15:21:01][TMGR][SUCCESS] All tasks finished! Match finished!
[15:21:01][TMGR][INFO] Starting tasks execution loop
[15:21:01][TMGR][SUCCESS] All tasks finished! Match finished!
[15:21:02][TMGR][INFO] Starting tasks execution loop
[15:21:02][TMGR][SUCCESS] All tasks finished! Match finished!
[15:21:02][TMGR][INFO] Starting tasks execution loop
[15:21:02][TMGR][SUCCESS] All tasks finished! Match finished!
[15:21:02][TMGR][INFO] Starting tasks execution loop
[15:21:02][TMGR][SUCCESS] All tasks finished! Match finished!
[15:21:02][TMGR][INFO] Starting tasks execution loop
[15:21:02][TMGR][SUCCESS] All tasks finished! Match finished!
[15:21:02][TMGR][INFO] Starting tasks execution loop
[15:21:02][TMGR][SUCCESS] All tasks finished! Match finished!
[15:21:02][TMGR][INFO] Starting tasks execution loop
[15:21:02][TMGR][SUCCESS] All tasks finished! Match finished!
[15:21:02][TMGR][INFO] Starting tasks execution loop
[15:21:02][TMGR][SUCCESS] All tasks finished! Match finished!
[15:21:02][TMGR][INFO] Starting tasks execution loop
[15:21:02][TMGR][SUCCESS] All tasks finished! Match finished!
[15:21:02][TMGR][INFO] Starting tasks execution loop
[15:21:02][TMGR][SUCCESS] All tasks finished! Match finished!
[15:21:02][TMGR][INFO] Starting tasks execution loop
[15:21:03][TMGR][SUCCESS] All tasks finished! Match finished!
[15:21:03][TMGR][INFO] Starting tasks execution loop
[15:21:03][TMGR][SUCCESS] All tasks finished! Match finished!
[15:21:03][TMGR][INFO] Starting tasks execution loop
[15:21:03][TMGR][SUCCESS] All tasks finished! Match finished!
[15:21:03][TMGR][INFO] Starting tasks execution loop
[15:21:03][TMGR][SUCCESS] All tasks finished! Match finished!
[15:21:03][TMGR][INFO] Starting tasks execution loop
[15:21:03][TMGR][SUCCESS] All tasks finished! Match finished!
[15:21:03][TMGR][INFO] Starting tasks execution loop
[15:21:03][TMGR][SUCCESS] All tasks finished! Match finished!
[15:21:03][TMGR][INFO] Starting tasks execution loop
[15:21:03][TMGR][SUCCESS] All tasks finished! Match finished!
[15:21:03][TMGR][INFO] Starting tasks execution loop
[15:21:03][TMGR][SUCCESS] All tasks finished! Match finished!
[15:21:03][TMGR][INFO] Starting tasks execution loop
[15:21:03][TMGR][SUCCESS] All tasks finished! Match finished!
[15:21:03][TMGR][INFO] Starting tasks execution loop
[15:21:03][TMGR][SUCCESS] All tasks finished! Match finished!
[15:21:03][TMGR][INFO] Starting tasks execution loop
[15:21:04][TMGR][SUCCESS] All tasks finished! Match finished!
[15:21:04][TMGR][INFO] Starting tasks execution loop
[15:21:04][TMGR][SUCCESS] All tasks finished! Match finished!
[15:21:04][TMGR][INFO] Starting tasks execution loop
[15:21:04][TMGR][SUCCESS] All tasks finished! Match finished!
[15:21:04][TMGR][INFO] Starting tasks execution loop
[15:21:04][TMGR][SUCCESS] All tasks finished! Match finished!
[15:21:04][TMGR][INFO] Starting tasks execution loop
[15:21:04][TMGR][SUCCESS] All tasks finished! Match finished!
[15:21:04][TMGR][INFO] Starting tasks execution loop
[15:21:04][TMGR][SUCCESS] All tasks finished! Match finished!
[15:21:04][TMGR][INFO] Starting tasks execution loop
