[14:54:09][LOGGER][INFO] Logger started!
[14:54:09][RoboScript][INFO] Interpreter ready!
[14:54:09][TMGR][INFO] Applying robot position to model
[14:54:09][MOTORS][INFO] Motors controller ready!
[14:54:09][TMGR][INFO] TaskManager ready!
[14:54:09][WEB][INFO] Starting WebAPI on 0.0.0.0:8080
[14:54:09][TMGR][INFO] Starting tasks execution loop
[14:54:17][TMGR][SUCCESS] All tasks finished! Match finished!
[14:54:17][TMGR][INFO] Starting tasks execution loop
[14:54:17][TMGR][SUCCESS] All tasks finished! Match finished!
[14:54:17][TMGR][INFO] Starting tasks execution loop
[14:54:17][TMGR][SUCCESS] All tasks finished! Match finished!
[14:54:17][TMGR][INFO] Starting tasks execution loop
[14:54:17][TMGR][SUCCESS] All tasks finished! Match finished!
[14:54:17][TMGR][INFO] Starting tasks execution loop
[14:54:17][TMGR][SUCCESS] All tasks finished! Match finished!
[14:54:17][TMGR][INFO] Starting tasks execution loop
[14:54:17][TMGR][SUCCESS] All tasks finished! Match finished!
[14:54:17][TMGR][INFO] Starting tasks execution loop
[14:54:17][TMGR][SUCCESS] All tasks finished! Match finished!
[14:54:17][TMGR][INFO] Starting tasks execution loop
[14:54:17][TMGR][SUCCESS] All tasks finished! Match finished!
[14:54:17][TMGR][INFO] Starting tasks execution loop
[14:54:17][TMGR][SUCCESS] All tasks finished! Match finished!
[14:54:17][TMGR][INFO] Starting tasks execution loop
[14:54:18][TMGR][SUCCESS] All tasks finished! Match finished!
[14:54:18][TMGR][INFO] Starting tasks execution loop
[14:54:18][TMGR][SUCCESS] All tasks finished! Match finished!
[14:54:18][TMGR][INFO] Starting tasks execution loop
[14:54:18][TMGR][SUCCESS] All tasks finished! Match finished!
[14:54:18][TMGR][INFO] Starting tasks execution loop
[14:54:18][TMGR][SUCCESS] All tasks finished! Match finished!
[14:54:18][TMGR][INFO] Starting tasks execution loop
[14:54:18][TMGR][SUCCESS] All tasks finished! Match finished!
[14:54:18][TMGR][INFO] Starting tasks execution loop
[14:54:18][TMGR][SUCCESS] All tasks finished! Match finished!
[14:54:18][TMGR][INFO] Starting tasks execution loop
[14:54:18][TMGR][SUCCESS] All tasks finished! Match finished!
[14:54:18][TMGR][INFO] Starting tasks execution loop
[14:54:18][TMGR][SUCCESS] All tasks finished! Match finished!
[14:54:18][TMGR][INFO] Starting tasks execution loop
[14:54:18][TMGR][SUCCESS] All tasks finished! Match finished!
[14:54:18][TMGR][INFO] Starting tasks execution loop
