[16:40:54][LOGGER][INFO] Match started!
[16:40:54][TMGR][INFO] Executing new task from route: {'action': 1, 'point': [0, 50]}
[16:40:54][MOTORS][INFO] Planning to drive to [0, 50]
[16:40:57][TMGR][INFO] Executing new task from route: {'action': 'delay', 'seconds': 2}
[16:40:59][TMGR][INFO] Executing new task from route: {'action': 'open_gripper'}
[16:40:59][TMGR][INFO] Executing new task from route: {'action': 'delay', 'seconds': 2}
[16:41:01][TMGR][INFO] Executing new task from route: {'action': 'close_gripper'}
[16:41:02][TMGR][INFO] Executing new task from route: {'action': 'backward', 'back_point': [240, 50]}
[16:41:02][TMGR][INFO] Executing new task from route: {'action': 'delay', 'seconds': 2}
[16:41:04][TMGR][INFO] Executing new task from route: {'action': 1, 'point': [240, 51]}
[16:41:04][MOTORS][INFO] Planning to drive to [240, 51]
[16:41:07][TMGR][INFO] Executing new task from route: {'action': 'backward', 'back_point': [240, 0], 'extra_force': 300}
[16:41:07][TMGR][INFO] Executing new task from route: {'action': 'delay', 'seconds': 5}
[16:41:12][TMGR][INFO] Executing new task from route: {'action': 1, 'point': [240, 50]}
[16:41:12][MOTORS][INFO] Planning to drive to [240, 50]
[16:41:13][TMGR][INFO] Executing new task from route: {'action': 'delay', 'seconds': 2}
[16:41:15][TMGR][INFO] Executing new task from route: {'action': 1, 'point': [233, 1600]}
[16:41:15][MOTORS][INFO] Planning to drive to [233, 1600]
[16:41:22][TMGR][INFO] Executing new task from route: {'action': 'delay', 'seconds': 2}
[16:41:24][TMGR][INFO] Executing new task from route: {'action': 'backward', 'back_point': [233, 1350]}
[16:41:24][TMGR][INFO] Executing new task from route: {'action': 'gripper_grab_start'}
[16:41:26][TMGR][INFO] Logged points: [[0, 50], [240, 51], [240, 50], [233, 1600]]
[16:41:26][TMGR][INFO] Match duration (seconds): 32.63468146324158
[16:41:26][TMGR][INFO] Distance: N/A
[16:41:26][TMGR][INFO] Points gained: N/A
