[15:32:34][LOGGER][INFO] Logger started!
[15:32:34][RoboScript][INFO] Interpreter ready!
[15:32:34][TMGR][INFO] Applying robot position to model
[15:32:34][MOTORS][INFO] Motors controller ready!
[15:32:34][TMGR][INFO] TaskManager ready!
[15:32:34][WEB][INFO] Starting WebAPI on 0.0.0.0:8080
[15:32:52][TMGR][INFO] Starting tasks execution loop
[15:33:39][TMGR][SUCCESS] All tasks finished! Match finished!
[15:33:39][TMGR][INFO] Starting tasks execution loop
[15:33:39][TMGR][SUCCESS] All tasks finished! Match finished!
[15:33:39][TMGR][INFO] Starting tasks execution loop
[15:33:39][TMGR][SUCCESS] All tasks finished! Match finished!
[15:33:39][TMGR][INFO] Starting tasks execution loop
[15:33:39][TMGR][SUCCESS] All tasks finished! Match finished!
[15:33:39][TMGR][INFO] Starting tasks execution loop
[15:33:39][TMGR][SUCCESS] All tasks finished! Match finished!
[15:33:39][TMGR][INFO] Starting tasks execution loop
[15:33:39][TMGR][SUCCESS] All tasks finished! Match finished!
[15:33:39][TMGR][INFO] Starting tasks execution loop
[15:33:39][TMGR][SUCCESS] All tasks finished! Match finished!
[15:33:39][TMGR][INFO] Starting tasks execution loop
[15:33:39][TMGR][SUCCESS] All tasks finished! Match finished!
[15:33:39][TMGR][INFO] Starting tasks execution loop
[15:33:40][TMGR][SUCCESS] All tasks finished! Match finished!
[15:33:40][TMGR][INFO] Starting tasks execution loop
[15:33:40][TMGR][SUCCESS] All tasks finished! Match finished!
[15:33:40][TMGR][INFO] Starting tasks execution loop
[15:33:40][TMGR][SUCCESS] All tasks finished! Match finished!
[15:33:40][TMGR][INFO] Starting tasks execution loop
[15:33:40][TMGR][SUCCESS] All tasks finished! Match finished!
[15:33:40][TMGR][INFO] Starting tasks execution loop
[15:33:40][TMGR][SUCCESS] All tasks finished! Match finished!
[15:33:40][TMGR][INFO] Starting tasks execution loop
[15:33:40][TMGR][SUCCESS] All tasks finished! Match finished!
[15:33:40][TMGR][INFO] Starting tasks execution loop
[15:33:40][TMGR][SUCCESS] All tasks finished! Match finished!
[15:33:40][TMGR][INFO] Starting tasks execution loop
[15:33:40][TMGR][SUCCESS] All tasks finished! Match finished!
[15:33:40][TMGR][INFO] Starting tasks execution loop
[15:33:40][TMGR][SUCCESS] All tasks finished! Match finished!
[15:33:40][TMGR][INFO] Starting tasks execution loop
[15:33:40][TMGR][SUCCESS] All tasks finished! Match finished!
[15:33:40][TMGR][INFO] Starting tasks execution loop
[15:33:41][TMGR][SUCCESS] All tasks finished! Match finished!
[15:33:41][TMGR][INFO] Starting tasks execution loop
[15:33:41][TMGR][SUCCESS] All tasks finished! Match finished!
[15:33:41][TMGR][INFO] Starting tasks execution loop
[15:33:41][TMGR][SUCCESS] All tasks finished! Match finished!
[15:33:41][TMGR][INFO] Starting tasks execution loop
[15:33:41][TMGR][SUCCESS] All tasks finished! Match finished!
[15:33:41][TMGR][INFO] Starting tasks execution loop
[15:33:41][TMGR][SUCCESS] All tasks finished! Match finished!
[15:33:41][TMGR][INFO] Starting tasks execution loop
[15:33:41][TMGR][SUCCESS] All tasks finished! Match finished!
[15:33:41][TMGR][INFO] Starting tasks execution loop
[15:33:41][TMGR][SUCCESS] All tasks finished! Match finished!
[15:33:41][TMGR][INFO] Starting tasks execution loop
[15:33:41][TMGR][SUCCESS] All tasks finished! Match finished!
[15:33:41][TMGR][INFO] Starting tasks execution loop
[15:33:41][TMGR][SUCCESS] All tasks finished! Match finished!
[15:33:41][TMGR][INFO] Starting tasks execution loop
[15:33:41][TMGR][SUCCESS] All tasks finished! Match finished!
[15:33:41][TMGR][INFO] Starting tasks execution loop
[15:33:41][TMGR][SUCCESS] All tasks finished! Match finished!
[15:33:42][TMGR][INFO] Starting tasks execution loop
[15:33:42][TMGR][SUCCESS] All tasks finished! Match finished!
[15:33:42][TMGR][INFO] Starting tasks execution loop
[15:33:42][TMGR][SUCCESS] All tasks finished! Match finished!
[15:33:42][TMGR][INFO] Starting tasks execution loop
[15:33:42][TMGR][SUCCESS] All tasks finished! Match finished!
[15:33:42][TMGR][INFO] Starting tasks execution loop
[15:33:42][TMGR][SUCCESS] All tasks finished! Match finished!
[15:33:42][TMGR][INFO] Starting tasks execution loop
[15:33:42][TMGR][SUCCESS] All tasks finished! Match finished!
[15:33:42][TMGR][INFO] Starting tasks execution loop
[15:33:42][TMGR][SUCCESS] All tasks finished! Match finished!
[15:33:42][TMGR][INFO] Starting tasks execution loop
[15:33:42][TMGR][SUCCESS] All tasks finished! Match finished!
[15:33:42][TMGR][INFO] Starting tasks execution loop
[15:33:42][TMGR][SUCCESS] All tasks finished! Match finished!
[15:33:42][TMGR][INFO] Starting tasks execution loop
[15:33:42][TMGR][SUCCESS] All tasks finished! Match finished!
[15:33:42][TMGR][INFO] Starting tasks execution loop
[15:33:42][TMGR][SUCCESS] All tasks finished! Match finished!
[15:33:42][TMGR][INFO] Starting tasks execution loop
[15:33:43][TMGR][SUCCESS] All tasks finished! Match finished!
[15:33:43][TMGR][INFO] Starting tasks execution loop
[15:33:43][TMGR][SUCCESS] All tasks finished! Match finished!
[15:33:43][TMGR][INFO] Starting tasks execution loop
[15:33:43][TMGR][SUCCESS] All tasks finished! Match finished!
[15:33:43][TMGR][INFO] Starting tasks execution loop
[15:33:43][TMGR][SUCCESS] All tasks finished! Match finished!
[15:33:43][TMGR][INFO] Starting tasks execution loop
[15:33:43][TMGR][SUCCESS] All tasks finished! Match finished!
[15:33:43][TMGR][INFO] Starting tasks execution loop
[15:33:43][TMGR][SUCCESS] All tasks finished! Match finished!
[15:33:43][TMGR][INFO] Starting tasks execution loop
[15:33:43][TMGR][SUCCESS] All tasks finished! Match finished!
[15:33:43][TMGR][INFO] Starting tasks execution loop
[15:33:43][TMGR][SUCCESS] All tasks finished! Match finished!
[15:33:43][TMGR][INFO] Starting tasks execution loop
[15:33:43][TMGR][SUCCESS] All tasks finished! Match finished!
[15:33:43][TMGR][INFO] Starting tasks execution loop
[15:33:43][TMGR][SUCCESS] All tasks finished! Match finished!
[15:33:43][TMGR][INFO] Starting tasks execution loop
[15:33:44][TMGR][SUCCESS] All tasks finished! Match finished!
[15:33:44][TMGR][INFO] Starting tasks execution loop
[15:33:44][TMGR][SUCCESS] All tasks finished! Match finished!
[15:33:44][TMGR][INFO] Starting tasks execution loop
[15:33:44][TMGR][SUCCESS] All tasks finished! Match finished!
[15:33:44][TMGR][INFO] Starting tasks execution loop
[15:33:44][TMGR][SUCCESS] All tasks finished! Match finished!
[15:33:44][TMGR][INFO] Starting tasks execution loop
[15:33:44][TMGR][SUCCESS] All tasks finished! Match finished!
[15:33:44][TMGR][INFO] Starting tasks execution loop
