[16:52:54][LOGGER][INFO] Match started!
[16:52:54][TMGR][INFO] Executing new task from route: {'action': 1, 'point': [0, 50]}
[16:52:54][MOTORS][INFO] Planning to drive to [0, 50]
[16:52:57][TMGR][INFO] Executing new task from route: {'action': 'delay', 'seconds': 2}
[16:52:59][TMGR][INFO] Executing new task from route: {'action': 'open_gripper'}
[16:53:00][TMGR][INFO] Executing new task from route: {'action': 'delay', 'seconds': 2}
[16:53:02][TMGR][INFO] Executing new task from route: {'action': 'close_gripper'}
[16:53:02][TMGR][INFO] Executing new task from route: {'action': 'backward', 'back_point': [240, 50]}
[16:53:03][TMGR][INFO] Executing new task from route: {'action': 'delay', 'seconds': 2}
[16:53:05][TMGR][INFO] Executing new task from route: {'action': 1, 'point': [240, 51]}
[16:53:05][MOTORS][INFO] Planning to drive to [240, 51]
[16:53:08][TMGR][INFO] Executing new task from route: {'action': 'backward', 'back_point': [240, 0], 'extra_force': 300}
[16:53:08][TMGR][INFO] Executing new task from route: {'action': 'delay', 'seconds': 5}
[16:53:13][TMGR][INFO] Executing new task from route: {'action': 1, 'point': [240, 70]}
[16:53:13][MOTORS][INFO] Planning to drive to [240, 70]
[16:53:15][TMGR][INFO] Executing new task from route: {'action': 'delay', 'seconds': 2}
[16:53:17][TMGR][INFO] Executing new task from route: {'action': 1, 'point': [210, 1600]}
[16:53:17][MOTORS][INFO] Planning to drive to [210, 1600]
[16:53:23][TMGR][INFO] Executing new task from route: {'action': 'delay', 'seconds': 2}
[16:53:25][TMGR][INFO] Executing new task from route: {'action': 'backward', 'back_point': [210, 1420]}
[16:53:26][TMGR][INFO] Executing new task from route: {'action': 'delay', 'seconds': 2}
[16:53:28][TMGR][INFO] Executing new task from route: {'action': 'gripper_init'}
[16:53:29][TMGR][INFO] Executing new task from route: {'action': 'open_gripper'}
[16:53:29][TMGR][INFO] Executing new task from route: {'action': 'gripper_grab_start'}
[16:53:30][TMGR][INFO] Executing new task from route: {'action': 'delay', 'seconds': 2}
[16:53:32][TMGR][INFO] Executing new task from route: {'action': 'close_gripper'}
[16:53:33][TMGR][INFO] Logged points: [[0, 50], [240, 51], [240, 70], [210, 1600]]
[16:53:33][TMGR][INFO] Match duration (seconds): 38.57915163040161
[16:53:33][TMGR][INFO] Distance: N/A
[16:53:33][TMGR][INFO] Points gained: N/A
