[16:46:11][LOGGER][INFO] Match started!
[16:46:11][TMGR][INFO] Executing new task from route: {'action': 1, 'point': [0, 50]}
[16:46:11][MOTORS][INFO] Planning to drive to [0, 50]
[16:46:15][TMGR][INFO] Executing new task from route: {'action': 'delay', 'seconds': 2}
[16:46:17][TMGR][INFO] Executing new task from route: {'action': 'open_gripper'}
[16:46:17][TMGR][INFO] Executing new task from route: {'action': 'delay', 'seconds': 2}
[16:46:19][TMGR][INFO] Executing new task from route: {'action': 'close_gripper'}
[16:46:20][TMGR][INFO] Executing new task from route: {'action': 'backward', 'back_point': [240, 50]}
[16:46:20][TMGR][INFO] Executing new task from route: {'action': 'delay', 'seconds': 2}
[16:46:22][TMGR][INFO] Executing new task from route: {'action': 1, 'point': [240, 51]}
[16:46:22][MOTORS][INFO] Planning to drive to [240, 51]
[16:46:25][TMGR][INFO] Executing new task from route: {'action': 'backward', 'back_point': [240, 0], 'extra_force': 300}
[16:46:25][TMGR][INFO] Executing new task from route: {'action': 'delay', 'seconds': 5}
[16:46:30][TMGR][INFO] Executing new task from route: {'action': 1, 'point': [240, 70]}
[16:46:30][MOTORS][INFO] Planning to drive to [240, 70]
[16:46:31][TMGR][INFO] Executing new task from route: {'action': 'delay', 'seconds': 2}
[16:46:33][TMGR][INFO] Executing new task from route: {'action': 1, 'point': [200, 1600]}
[16:46:33][MOTORS][INFO] Planning to drive to [200, 1600]
[16:46:39][TMGR][INFO] Executing new task from route: {'action': 'delay', 'seconds': 2}
[16:46:41][TMGR][INFO] Executing new task from route: {'action': 'backward', 'back_point': [200, 1420]}
[16:46:41][TMGR][INFO] Executing new task from route: {'action': 'gripper_grab_start'}
[16:46:44][TMGR][INFO] Logged points: [[0, 50], [240, 51], [240, 70], [200, 1600]]
[16:46:44][TMGR][INFO] Match duration (seconds): 32.436336040496826
[16:46:44][TMGR][INFO] Distance: N/A
[16:46:44][TMGR][INFO] Points gained: N/A
