[16:27:22][LOGGER][INFO] Match started!
[16:27:22][TMGR][INFO] Executing new task from route: {'action': 1, 'point': [0, 50]}
[16:27:22][MOTORS][INFO] Planning to drive to [0, 50]
[16:27:25][TMGR][INFO] Executing new task from route: {'action': 'delay', 'seconds': 2}
[16:27:27][TMGR][INFO] Executing new task from route: {'action': 'open_gripper'}
[16:27:27][TMGR][INFO] Executing new task from route: {'action': 'delay', 'seconds': 2}
[16:27:29][TMGR][INFO] Executing new task from route: {'action': 'close_gripper'}
[16:27:30][TMGR][INFO] Executing new task from route: {'action': 'backward', 'back_point': [240, 50]}
[16:27:30][TMGR][INFO] Executing new task from route: {'action': 'delay', 'seconds': 2}
[16:27:32][TMGR][INFO] Executing new task from route: {'action': 1, 'point': [240, 51]}
[16:27:32][MOTORS][INFO] Planning to drive to [240, 51]
[16:27:34][TMGR][INFO] Executing new task from route: {'action': 'backward', 'back_point': [240, 0], 'extra_force': 300}
[16:27:34][TMGR][INFO] Executing new task from route: {'action': 'delay', 'seconds': 5}
[16:27:39][TMGR][INFO] Executing new task from route: {'action': 1, 'point': [240, 50]}
[16:27:39][MOTORS][INFO] Planning to drive to [240, 50]
[16:27:40][TMGR][INFO] Executing new task from route: {'action': 'delay', 'seconds': 2}
[16:27:42][TMGR][INFO] Executing new task from route: {'action': 1, 'point': [237, 1600]}
[16:27:42][MOTORS][INFO] Planning to drive to [237, 1600]
[16:27:48][TMGR][INFO] Executing new task from route: {'action': 'delay', 'seconds': 2}
[16:27:50][TMGR][INFO] Executing new task from route: {'action': 'backward', 'back_point': [237, 1300]}
[16:27:50][TMGR][INFO] Executing new task from route: {'action': 'gripper_grab_start'}
[16:27:53][TMGR][INFO] Logged points: [[0, 50], [240, 51], [240, 50], [237, 1600]]
[16:27:53][TMGR][INFO] Match duration (seconds): 30.350691318511963
[16:27:53][TMGR][INFO] Distance: N/A
[16:27:53][TMGR][INFO] Points gained: N/A
