[15:03:43][LOGGER][INFO] Logger started!
[15:03:43][RoboScript][INFO] Interpreter ready!
[15:03:43][TMGR][INFO] Applying robot position to model
[15:03:43][MOTORS][INFO] Motors controller ready!
[15:03:43][TMGR][INFO] TaskManager ready!
[15:03:43][WEB][INFO] Starting WebAPI on 0.0.0.0:8080
[15:03:46][TMGR][INFO] Starting tasks execution loop
[15:03:54][TMGR][SUCCESS] All tasks finished! Match finished!
[15:03:54][TMGR][INFO] Starting tasks execution loop
[15:03:54][TMGR][SUCCESS] All tasks finished! Match finished!
[15:03:54][TMGR][INFO] Starting tasks execution loop
[15:03:54][TMGR][SUCCESS] All tasks finished! Match finished!
[15:03:54][TMGR][INFO] Starting tasks execution loop
[15:03:54][TMGR][SUCCESS] All tasks finished! Match finished!
[15:03:54][TMGR][INFO] Starting tasks execution loop
[15:03:55][TMGR][SUCCESS] All tasks finished! Match finished!
[15:03:55][TMGR][INFO] Starting tasks execution loop
[15:03:55][TMGR][SUCCESS] All tasks finished! Match finished!
[15:03:55][TMGR][INFO] Starting tasks execution loop
[15:03:55][TMGR][SUCCESS] All tasks finished! Match finished!
[15:03:55][TMGR][INFO] Starting tasks execution loop
[15:03:55][TMGR][SUCCESS] All tasks finished! Match finished!
[15:03:55][TMGR][INFO] Starting tasks execution loop
[15:03:55][TMGR][SUCCESS] All tasks finished! Match finished!
[15:03:55][TMGR][INFO] Starting tasks execution loop
[15:03:55][TMGR][SUCCESS] All tasks finished! Match finished!
[15:03:55][TMGR][INFO] Starting tasks execution loop
[15:03:55][TMGR][SUCCESS] All tasks finished! Match finished!
[15:03:55][TMGR][INFO] Starting tasks execution loop
[15:03:55][TMGR][SUCCESS] All tasks finished! Match finished!
[15:03:55][TMGR][INFO] Starting tasks execution loop
[15:03:55][TMGR][SUCCESS] All tasks finished! Match finished!
[15:03:55][TMGR][INFO] Starting tasks execution loop
[15:03:55][TMGR][SUCCESS] All tasks finished! Match finished!
[15:03:55][TMGR][INFO] Starting tasks execution loop
[15:03:56][TMGR][SUCCESS] All tasks finished! Match finished!
[15:03:56][TMGR][INFO] Starting tasks execution loop
[15:03:56][TMGR][SUCCESS] All tasks finished! Match finished!
[15:03:56][TMGR][INFO] Starting tasks execution loop
[15:03:56][TMGR][SUCCESS] All tasks finished! Match finished!
[15:03:56][TMGR][INFO] Starting tasks execution loop
[15:03:56][TMGR][SUCCESS] All tasks finished! Match finished!
[15:03:56][TMGR][INFO] Starting tasks execution loop
[15:03:56][TMGR][SUCCESS] All tasks finished! Match finished!
[15:03:56][TMGR][INFO] Starting tasks execution loop
[15:03:56][TMGR][SUCCESS] All tasks finished! Match finished!
[15:03:56][TMGR][INFO] Starting tasks execution loop
[15:03:56][TMGR][SUCCESS] All tasks finished! Match finished!
[15:03:56][TMGR][INFO] Starting tasks execution loop
[15:03:56][TMGR][SUCCESS] All tasks finished! Match finished!
[15:03:56][TMGR][INFO] Starting tasks execution loop
[15:03:56][TMGR][SUCCESS] All tasks finished! Match finished!
[15:03:56][TMGR][INFO] Starting tasks execution loop
[15:03:56][TMGR][SUCCESS] All tasks finished! Match finished!
[15:03:56][TMGR][INFO] Starting tasks execution loop
[15:03:57][TMGR][SUCCESS] All tasks finished! Match finished!
[15:03:57][TMGR][INFO] Starting tasks execution loop
[15:03:57][TMGR][SUCCESS] All tasks finished! Match finished!
[15:03:57][TMGR][INFO] Starting tasks execution loop
[15:03:57][TMGR][SUCCESS] All tasks finished! Match finished!
[15:03:57][TMGR][INFO] Starting tasks execution loop
[15:03:57][TMGR][SUCCESS] All tasks finished! Match finished!
[15:03:57][TMGR][INFO] Starting tasks execution loop
[15:03:57][TMGR][SUCCESS] All tasks finished! Match finished!
[15:03:57][TMGR][INFO] Starting tasks execution loop
[15:03:57][TMGR][SUCCESS] All tasks finished! Match finished!
[15:03:57][TMGR][INFO] Starting tasks execution loop
[15:03:57][TMGR][SUCCESS] All tasks finished! Match finished!
[15:03:57][TMGR][INFO] Starting tasks execution loop
[15:03:57][TMGR][SUCCESS] All tasks finished! Match finished!
[15:03:57][TMGR][INFO] Starting tasks execution loop
[15:03:57][TMGR][SUCCESS] All tasks finished! Match finished!
[15:03:57][TMGR][INFO] Starting tasks execution loop
[15:03:57][TMGR][SUCCESS] All tasks finished! Match finished!
[15:03:57][TMGR][INFO] Starting tasks execution loop
[15:03:57][TMGR][SUCCESS] All tasks finished! Match finished!
[15:03:57][TMGR][INFO] Starting tasks execution loop
[15:03:58][TMGR][SUCCESS] All tasks finished! Match finished!
[15:03:58][TMGR][INFO] Starting tasks execution loop
[15:03:58][TMGR][SUCCESS] All tasks finished! Match finished!
[15:03:58][TMGR][INFO] Starting tasks execution loop
[15:03:58][TMGR][SUCCESS] All tasks finished! Match finished!
[15:03:58][TMGR][INFO] Starting tasks execution loop
[15:03:58][TMGR][SUCCESS] All tasks finished! Match finished!
[15:03:58][TMGR][INFO] Starting tasks execution loop
[15:03:58][TMGR][SUCCESS] All tasks finished! Match finished!
[15:03:58][TMGR][INFO] Starting tasks execution loop
[15:03:58][TMGR][SUCCESS] All tasks finished! Match finished!
[15:03:58][TMGR][INFO] Starting tasks execution loop
[15:03:58][TMGR][SUCCESS] All tasks finished! Match finished!
[15:03:58][TMGR][INFO] Starting tasks execution loop
[15:03:58][TMGR][SUCCESS] All tasks finished! Match finished!
[15:03:58][TMGR][INFO] Starting tasks execution loop
[15:03:58][TMGR][SUCCESS] All tasks finished! Match finished!
[15:03:58][TMGR][INFO] Starting tasks execution loop
[15:03:58][TMGR][SUCCESS] All tasks finished! Match finished!
[15:03:58][TMGR][INFO] Starting tasks execution loop
[15:03:59][TMGR][SUCCESS] All tasks finished! Match finished!
[15:03:59][TMGR][INFO] Starting tasks execution loop
[15:03:59][TMGR][SUCCESS] All tasks finished! Match finished!
[15:03:59][TMGR][INFO] Starting tasks execution loop
[15:03:59][TMGR][SUCCESS] All tasks finished! Match finished!
[15:03:59][TMGR][INFO] Starting tasks execution loop
[15:03:59][TMGR][SUCCESS] All tasks finished! Match finished!
[15:03:59][TMGR][INFO] Starting tasks execution loop
[15:03:59][TMGR][SUCCESS] All tasks finished! Match finished!
[15:03:59][TMGR][INFO] Starting tasks execution loop
[15:03:59][TMGR][SUCCESS] All tasks finished! Match finished!
[15:03:59][TMGR][INFO] Starting tasks execution loop
[15:03:59][TMGR][SUCCESS] All tasks finished! Match finished!
[15:03:59][TMGR][INFO] Starting tasks execution loop
[15:03:59][TMGR][SUCCESS] All tasks finished! Match finished!
[15:03:59][TMGR][INFO] Starting tasks execution loop
[15:03:59][TMGR][SUCCESS] All tasks finished! Match finished!
[15:03:59][TMGR][INFO] Starting tasks execution loop
[15:03:59][TMGR][SUCCESS] All tasks finished! Match finished!
[15:03:59][TMGR][INFO] Starting tasks execution loop
[15:03:59][TMGR][SUCCESS] All tasks finished! Match finished!
[15:04:00][TMGR][INFO] Starting tasks execution loop
[15:04:00][TMGR][SUCCESS] All tasks finished! Match finished!
[15:04:00][TMGR][INFO] Starting tasks execution loop
[15:04:00][TMGR][SUCCESS] All tasks finished! Match finished!
[15:04:00][TMGR][INFO] Starting tasks execution loop
[15:04:00][TMGR][SUCCESS] All tasks finished! Match finished!
[15:04:00][TMGR][INFO] Starting tasks execution loop
[15:04:00][TMGR][SUCCESS] All tasks finished! Match finished!
[15:04:00][TMGR][INFO] Starting tasks execution loop
[15:04:00][TMGR][SUCCESS] All tasks finished! Match finished!
[15:04:00][TMGR][INFO] Starting tasks execution loop
[15:04:00][TMGR][SUCCESS] All tasks finished! Match finished!
[15:04:00][TMGR][INFO] Starting tasks execution loop
[15:04:00][TMGR][SUCCESS] All tasks finished! Match finished!
[15:04:00][TMGR][INFO] Starting tasks execution loop
[15:04:00][TMGR][SUCCESS] All tasks finished! Match finished!
[15:04:00][TMGR][INFO] Starting tasks execution loop
[15:04:00][TMGR][SUCCESS] All tasks finished! Match finished!
[15:04:00][TMGR][INFO] Starting tasks execution loop
[15:04:00][TMGR][SUCCESS] All tasks finished! Match finished!
[15:04:00][TMGR][INFO] Starting tasks execution loop
[15:04:01][TMGR][SUCCESS] All tasks finished! Match finished!
[15:04:01][TMGR][INFO] Starting tasks execution loop
[15:04:01][TMGR][SUCCESS] All tasks finished! Match finished!
[15:04:01][TMGR][INFO] Starting tasks execution loop
[15:04:01][TMGR][SUCCESS] All tasks finished! Match finished!
[15:04:01][TMGR][INFO] Starting tasks execution loop
[15:04:01][TMGR][SUCCESS] All tasks finished! Match finished!
[15:04:01][TMGR][INFO] Starting tasks execution loop
[15:04:01][TMGR][SUCCESS] All tasks finished! Match finished!
[15:04:01][TMGR][INFO] Starting tasks execution loop
[15:04:01][TMGR][SUCCESS] All tasks finished! Match finished!
[15:04:01][TMGR][INFO] Starting tasks execution loop
[15:04:01][TMGR][SUCCESS] All tasks finished! Match finished!
[15:04:01][TMGR][INFO] Starting tasks execution loop
[15:04:01][TMGR][SUCCESS] All tasks finished! Match finished!
[15:04:01][TMGR][INFO] Starting tasks execution loop
[15:04:01][TMGR][SUCCESS] All tasks finished! Match finished!
[15:04:01][TMGR][INFO] Starting tasks execution loop
[15:04:01][TMGR][SUCCESS] All tasks finished! Match finished!
[15:04:01][TMGR][INFO] Starting tasks execution loop
[15:04:01][TMGR][SUCCESS] All tasks finished! Match finished!
[15:04:01][TMGR][INFO] Starting tasks execution loop
[15:04:02][TMGR][SUCCESS] All tasks finished! Match finished!
[15:04:02][TMGR][INFO] Starting tasks execution loop
[15:04:02][TMGR][SUCCESS] All tasks finished! Match finished!
[15:04:02][TMGR][INFO] Starting tasks execution loop
[15:04:02][TMGR][SUCCESS] All tasks finished! Match finished!
[15:04:02][TMGR][INFO] Starting tasks execution loop
