[15:23:56][LOGGER][INFO] Logger started!
[15:23:56][RoboScript][INFO] Interpreter ready!
[15:23:56][TMGR][INFO] Applying robot position to model
[15:23:56][MOTORS][INFO] Motors controller ready!
[15:23:56][TMGR][INFO] TaskManager ready!
[15:23:56][WEB][INFO] Starting WebAPI on 0.0.0.0:8080
[15:23:56][TMGR][INFO] Starting tasks execution loop
[15:24:29][TMGR][SUCCESS] All tasks finished! Match finished!
[15:24:30][TMGR][INFO] Starting tasks execution loop
[15:24:30][TMGR][SUCCESS] All tasks finished! Match finished!
[15:24:30][TMGR][INFO] Starting tasks execution loop
[15:24:30][TMGR][SUCCESS] All tasks finished! Match finished!
[15:24:30][TMGR][INFO] Starting tasks execution loop
[15:24:30][TMGR][SUCCESS] All tasks finished! Match finished!
[15:24:30][TMGR][INFO] Starting tasks execution loop
[15:24:30][TMGR][SUCCESS] All tasks finished! Match finished!
[15:24:30][TMGR][INFO] Starting tasks execution loop
[15:24:30][TMGR][SUCCESS] All tasks finished! Match finished!
[15:24:30][TMGR][INFO] Starting tasks execution loop
[15:24:30][TMGR][SUCCESS] All tasks finished! Match finished!
[15:24:30][TMGR][INFO] Starting tasks execution loop
[15:24:30][TMGR][SUCCESS] All tasks finished! Match finished!
[15:24:30][TMGR][INFO] Starting tasks execution loop
[15:24:30][TMGR][SUCCESS] All tasks finished! Match finished!
[15:24:30][TMGR][INFO] Starting tasks execution loop
[15:24:30][TMGR][SUCCESS] All tasks finished! Match finished!
[15:24:30][TMGR][INFO] Starting tasks execution loop
[15:24:30][TMGR][SUCCESS] All tasks finished! Match finished!
[15:24:30][TMGR][INFO] Starting tasks execution loop
[15:24:31][TMGR][SUCCESS] All tasks finished! Match finished!
[15:24:31][TMGR][INFO] Starting tasks execution loop
[15:24:31][TMGR][SUCCESS] All tasks finished! Match finished!
[15:24:31][TMGR][INFO] Starting tasks execution loop
[15:24:31][TMGR][SUCCESS] All tasks finished! Match finished!
[15:24:31][TMGR][INFO] Starting tasks execution loop
[15:24:31][TMGR][SUCCESS] All tasks finished! Match finished!
[15:24:31][TMGR][INFO] Starting tasks execution loop
[15:24:31][TMGR][SUCCESS] All tasks finished! Match finished!
[15:24:31][TMGR][INFO] Starting tasks execution loop
[15:24:31][TMGR][SUCCESS] All tasks finished! Match finished!
[15:24:31][TMGR][INFO] Starting tasks execution loop
[15:24:31][TMGR][SUCCESS] All tasks finished! Match finished!
[15:24:31][TMGR][INFO] Starting tasks execution loop
[15:24:31][TMGR][SUCCESS] All tasks finished! Match finished!
[15:24:31][TMGR][INFO] Starting tasks execution loop
[15:24:31][TMGR][SUCCESS] All tasks finished! Match finished!
[15:24:31][TMGR][INFO] Starting tasks execution loop
[15:24:31][TMGR][SUCCESS] All tasks finished! Match finished!
[15:24:31][TMGR][INFO] Starting tasks execution loop
[15:24:32][TMGR][SUCCESS] All tasks finished! Match finished!
[15:24:32][TMGR][INFO] Starting tasks execution loop
[15:24:32][TMGR][SUCCESS] All tasks finished! Match finished!
[15:24:32][TMGR][INFO] Starting tasks execution loop
[15:24:32][TMGR][SUCCESS] All tasks finished! Match finished!
[15:24:32][TMGR][INFO] Starting tasks execution loop
[15:24:32][TMGR][SUCCESS] All tasks finished! Match finished!
[15:24:32][TMGR][INFO] Starting tasks execution loop
[15:24:32][TMGR][SUCCESS] All tasks finished! Match finished!
[15:24:32][TMGR][INFO] Starting tasks execution loop
[15:24:32][TMGR][SUCCESS] All tasks finished! Match finished!
[15:24:32][TMGR][INFO] Starting tasks execution loop
[15:24:32][TMGR][SUCCESS] All tasks finished! Match finished!
[15:24:32][TMGR][INFO] Starting tasks execution loop
[15:24:32][TMGR][SUCCESS] All tasks finished! Match finished!
[15:24:32][TMGR][INFO] Starting tasks execution loop
[15:24:32][TMGR][SUCCESS] All tasks finished! Match finished!
[15:24:32][TMGR][INFO] Starting tasks execution loop
[15:24:32][TMGR][SUCCESS] All tasks finished! Match finished!
[15:24:32][TMGR][INFO] Starting tasks execution loop
[15:24:32][TMGR][SUCCESS] All tasks finished! Match finished!
[15:24:33][TMGR][INFO] Starting tasks execution loop
[15:24:33][TMGR][SUCCESS] All tasks finished! Match finished!
[15:24:33][TMGR][INFO] Starting tasks execution loop
[15:24:33][TMGR][SUCCESS] All tasks finished! Match finished!
[15:24:33][TMGR][INFO] Starting tasks execution loop
[15:24:33][TMGR][SUCCESS] All tasks finished! Match finished!
[15:24:33][TMGR][INFO] Starting tasks execution loop
[15:24:33][TMGR][SUCCESS] All tasks finished! Match finished!
[15:24:33][TMGR][INFO] Starting tasks execution loop
[15:24:33][TMGR][SUCCESS] All tasks finished! Match finished!
[15:24:33][TMGR][INFO] Starting tasks execution loop
[15:24:33][TMGR][SUCCESS] All tasks finished! Match finished!
[15:24:33][TMGR][INFO] Starting tasks execution loop
[15:24:33][TMGR][SUCCESS] All tasks finished! Match finished!
[15:24:33][TMGR][INFO] Starting tasks execution loop
[15:24:33][TMGR][SUCCESS] All tasks finished! Match finished!
[15:24:33][TMGR][INFO] Starting tasks execution loop
[15:24:33][TMGR][SUCCESS] All tasks finished! Match finished!
[15:24:33][TMGR][INFO] Starting tasks execution loop
[15:24:33][TMGR][SUCCESS] All tasks finished! Match finished!
[15:24:33][TMGR][INFO] Starting tasks execution loop
[15:24:34][TMGR][SUCCESS] All tasks finished! Match finished!
[15:24:34][TMGR][INFO] Starting tasks execution loop
[15:24:34][TMGR][SUCCESS] All tasks finished! Match finished!
[15:24:34][TMGR][INFO] Starting tasks execution loop
[15:24:34][TMGR][SUCCESS] All tasks finished! Match finished!
[15:24:34][TMGR][INFO] Starting tasks execution loop
[15:24:34][TMGR][SUCCESS] All tasks finished! Match finished!
[15:24:34][TMGR][INFO] Starting tasks execution loop
[15:24:34][TMGR][SUCCESS] All tasks finished! Match finished!
[15:24:34][TMGR][INFO] Starting tasks execution loop
[15:24:34][TMGR][SUCCESS] All tasks finished! Match finished!
[15:24:34][TMGR][INFO] Starting tasks execution loop
[15:24:34][TMGR][SUCCESS] All tasks finished! Match finished!
[15:24:34][TMGR][INFO] Starting tasks execution loop
[15:24:34][TMGR][SUCCESS] All tasks finished! Match finished!
[15:24:34][TMGR][INFO] Starting tasks execution loop
[15:24:34][TMGR][SUCCESS] All tasks finished! Match finished!
[15:24:34][TMGR][INFO] Starting tasks execution loop
[15:24:34][TMGR][SUCCESS] All tasks finished! Match finished!
[15:24:34][TMGR][INFO] Starting tasks execution loop
[15:24:35][TMGR][SUCCESS] All tasks finished! Match finished!
[15:24:35][TMGR][INFO] Starting tasks execution loop
[15:24:35][TMGR][SUCCESS] All tasks finished! Match finished!
[15:24:35][TMGR][INFO] Starting tasks execution loop
[15:24:35][TMGR][SUCCESS] All tasks finished! Match finished!
[15:24:35][TMGR][INFO] Starting tasks execution loop
[15:24:35][TMGR][SUCCESS] All tasks finished! Match finished!
[15:24:35][TMGR][INFO] Starting tasks execution loop
[15:24:35][TMGR][SUCCESS] All tasks finished! Match finished!
[15:24:35][TMGR][INFO] Starting tasks execution loop
[15:24:35][TMGR][SUCCESS] All tasks finished! Match finished!
[15:24:35][TMGR][INFO] Starting tasks execution loop
[15:24:35][TMGR][SUCCESS] All tasks finished! Match finished!
[15:24:35][TMGR][INFO] Starting tasks execution loop
[15:24:35][TMGR][SUCCESS] All tasks finished! Match finished!
[15:24:35][TMGR][INFO] Starting tasks execution loop
[15:24:35][TMGR][SUCCESS] All tasks finished! Match finished!
[15:24:35][TMGR][INFO] Starting tasks execution loop
[15:24:35][TMGR][SUCCESS] All tasks finished! Match finished!
[15:24:35][TMGR][INFO] Starting tasks execution loop
[15:24:35][TMGR][SUCCESS] All tasks finished! Match finished!
[15:24:36][TMGR][INFO] Starting tasks execution loop
[15:24:36][TMGR][SUCCESS] All tasks finished! Match finished!
[15:24:36][TMGR][INFO] Starting tasks execution loop
[15:24:36][TMGR][SUCCESS] All tasks finished! Match finished!
[15:24:36][TMGR][INFO] Starting tasks execution loop
[15:24:36][TMGR][SUCCESS] All tasks finished! Match finished!
[15:24:36][TMGR][INFO] Starting tasks execution loop
[15:24:36][TMGR][SUCCESS] All tasks finished! Match finished!
[15:24:36][TMGR][INFO] Starting tasks execution loop
[15:24:36][TMGR][SUCCESS] All tasks finished! Match finished!
[15:24:36][TMGR][INFO] Starting tasks execution loop
[15:24:36][TMGR][SUCCESS] All tasks finished! Match finished!
[15:24:36][TMGR][INFO] Starting tasks execution loop
[15:24:36][TMGR][SUCCESS] All tasks finished! Match finished!
[15:24:36][TMGR][INFO] Starting tasks execution loop
[15:24:36][TMGR][SUCCESS] All tasks finished! Match finished!
[15:24:36][TMGR][INFO] Starting tasks execution loop
[15:24:36][TMGR][SUCCESS] All tasks finished! Match finished!
[15:24:36][TMGR][INFO] Starting tasks execution loop
[15:24:36][TMGR][SUCCESS] All tasks finished! Match finished!
[15:24:37][TMGR][INFO] Starting tasks execution loop
[15:24:37][TMGR][SUCCESS] All tasks finished! Match finished!
[15:24:37][TMGR][INFO] Starting tasks execution loop
[15:24:37][TMGR][SUCCESS] All tasks finished! Match finished!
[15:24:37][TMGR][INFO] Starting tasks execution loop
[15:24:37][TMGR][SUCCESS] All tasks finished! Match finished!
[15:24:37][TMGR][INFO] Starting tasks execution loop
[15:24:37][TMGR][SUCCESS] All tasks finished! Match finished!
[15:24:37][TMGR][INFO] Starting tasks execution loop
[15:24:37][TMGR][SUCCESS] All tasks finished! Match finished!
[15:24:37][TMGR][INFO] Starting tasks execution loop
[15:24:37][TMGR][SUCCESS] All tasks finished! Match finished!
[15:24:37][TMGR][INFO] Starting tasks execution loop
[15:24:37][TMGR][SUCCESS] All tasks finished! Match finished!
[15:24:37][TMGR][INFO] Starting tasks execution loop
[15:24:37][TMGR][SUCCESS] All tasks finished! Match finished!
[15:24:37][TMGR][INFO] Starting tasks execution loop
[15:24:37][TMGR][SUCCESS] All tasks finished! Match finished!
[15:24:37][TMGR][INFO] Starting tasks execution loop
[15:24:37][TMGR][SUCCESS] All tasks finished! Match finished!
[15:24:37][TMGR][INFO] Starting tasks execution loop
[15:24:38][TMGR][SUCCESS] All tasks finished! Match finished!
[15:24:38][TMGR][INFO] Starting tasks execution loop
[15:24:38][TMGR][SUCCESS] All tasks finished! Match finished!
[15:24:38][TMGR][INFO] Starting tasks execution loop
[15:24:38][TMGR][SUCCESS] All tasks finished! Match finished!
[15:24:38][TMGR][INFO] Starting tasks execution loop
[15:24:38][TMGR][SUCCESS] All tasks finished! Match finished!
[15:24:38][TMGR][INFO] Starting tasks execution loop
[15:24:38][TMGR][SUCCESS] All tasks finished! Match finished!
[15:24:38][TMGR][INFO] Starting tasks execution loop
[15:24:38][TMGR][SUCCESS] All tasks finished! Match finished!
[15:24:38][TMGR][INFO] Starting tasks execution loop
[15:24:38][TMGR][SUCCESS] All tasks finished! Match finished!
[15:24:38][TMGR][INFO] Starting tasks execution loop
[15:24:38][TMGR][SUCCESS] All tasks finished! Match finished!
[15:24:38][TMGR][INFO] Starting tasks execution loop
[15:24:38][TMGR][SUCCESS] All tasks finished! Match finished!
[15:24:38][TMGR][INFO] Starting tasks execution loop
[15:24:38][TMGR][SUCCESS] All tasks finished! Match finished!
[15:24:38][TMGR][INFO] Starting tasks execution loop
[15:24:43][TMGR][SUCCESS] All tasks finished! Match finished!
[15:24:43][TMGR][INFO] Starting tasks execution loop
[15:24:43][TMGR][SUCCESS] All tasks finished! Match finished!
[15:24:43][TMGR][INFO] Starting tasks execution loop
[15:24:43][TMGR][SUCCESS] All tasks finished! Match finished!
[15:24:43][TMGR][INFO] Starting tasks execution loop
[15:24:43][TMGR][SUCCESS] All tasks finished! Match finished!
[15:24:43][TMGR][INFO] Starting tasks execution loop
[15:24:43][TMGR][SUCCESS] All tasks finished! Match finished!
[15:24:43][TMGR][INFO] Starting tasks execution loop
[15:24:43][TMGR][SUCCESS] All tasks finished! Match finished!
[15:24:43][TMGR][INFO] Starting tasks execution loop
[15:24:43][TMGR][SUCCESS] All tasks finished! Match finished!
[15:24:43][TMGR][INFO] Starting tasks execution loop
[15:24:43][TMGR][SUCCESS] All tasks finished! Match finished!
[15:24:43][TMGR][INFO] Starting tasks execution loop
[15:24:43][TMGR][SUCCESS] All tasks finished! Match finished!
[15:24:43][TMGR][INFO] Starting tasks execution loop
[15:24:43][TMGR][SUCCESS] All tasks finished! Match finished!
[15:24:43][TMGR][INFO] Starting tasks execution loop
[15:24:43][TMGR][SUCCESS] All tasks finished! Match finished!
[15:24:44][TMGR][INFO] Starting tasks execution loop
[15:24:44][TMGR][SUCCESS] All tasks finished! Match finished!
[15:24:44][TMGR][INFO] Starting tasks execution loop
[15:24:44][TMGR][SUCCESS] All tasks finished! Match finished!
[15:24:44][TMGR][INFO] Starting tasks execution loop
[15:24:44][TMGR][SUCCESS] All tasks finished! Match finished!
[15:24:44][TMGR][INFO] Starting tasks execution loop
[15:24:44][TMGR][SUCCESS] All tasks finished! Match finished!
[15:24:44][TMGR][INFO] Starting tasks execution loop
[15:24:58][TMGR][SUCCESS] All tasks finished! Match finished!
[15:24:58][TMGR][INFO] Starting tasks execution loop
[15:24:58][TMGR][SUCCESS] All tasks finished! Match finished!
[15:24:58][TMGR][INFO] Starting tasks execution loop
[15:24:58][TMGR][SUCCESS] All tasks finished! Match finished!
[15:24:58][TMGR][INFO] Starting tasks execution loop
[15:24:58][TMGR][SUCCESS] All tasks finished! Match finished!
[15:24:58][TMGR][INFO] Starting tasks execution loop
[15:24:58][TMGR][SUCCESS] All tasks finished! Match finished!
[15:24:58][TMGR][INFO] Starting tasks execution loop
[15:24:58][TMGR][SUCCESS] All tasks finished! Match finished!
[15:24:58][TMGR][INFO] Starting tasks execution loop
[15:24:58][TMGR][SUCCESS] All tasks finished! Match finished!
[15:24:58][TMGR][INFO] Starting tasks execution loop
[15:24:58][TMGR][SUCCESS] All tasks finished! Match finished!
[15:24:58][TMGR][INFO] Starting tasks execution loop
[15:24:58][TMGR][SUCCESS] All tasks finished! Match finished!
[15:24:58][TMGR][INFO] Starting tasks execution loop
[15:24:58][TMGR][SUCCESS] All tasks finished! Match finished!
[15:24:58][TMGR][INFO] Starting tasks execution loop
[15:24:59][TMGR][SUCCESS] All tasks finished! Match finished!
[15:24:59][TMGR][INFO] Starting tasks execution loop
[15:24:59][TMGR][SUCCESS] All tasks finished! Match finished!
[15:24:59][TMGR][INFO] Starting tasks execution loop
[15:24:59][TMGR][SUCCESS] All tasks finished! Match finished!
[15:24:59][TMGR][INFO] Starting tasks execution loop
[15:24:59][TMGR][SUCCESS] All tasks finished! Match finished!
[15:24:59][TMGR][INFO] Starting tasks execution loop
[15:24:59][TMGR][SUCCESS] All tasks finished! Match finished!
[15:24:59][TMGR][INFO] Starting tasks execution loop
[15:24:59][TMGR][SUCCESS] All tasks finished! Match finished!
[15:24:59][TMGR][INFO] Starting tasks execution loop
[15:24:59][TMGR][SUCCESS] All tasks finished! Match finished!
[15:24:59][TMGR][INFO] Starting tasks execution loop
[15:24:59][TMGR][SUCCESS] All tasks finished! Match finished!
[15:24:59][TMGR][INFO] Starting tasks execution loop
[15:24:59][TMGR][SUCCESS] All tasks finished! Match finished!
[15:24:59][TMGR][INFO] Starting tasks execution loop
