[16:38:03][LOGGER][INFO] Match started!
[16:38:03][TMGR][INFO] Executing new task from route: {'action': 1, 'point': [0, 50]}
[16:38:03][MOTORS][INFO] Planning to drive to [0, 50]
[16:38:06][TMGR][INFO] Executing new task from route: {'action': 'delay', 'seconds': 2}
[16:38:08][TMGR][INFO] Executing new task from route: {'action': 'open_gripper'}
[16:38:08][TMGR][INFO] Executing new task from route: {'action': 'delay', 'seconds': 2}
[16:38:10][TMGR][INFO] Executing new task from route: {'action': 'close_gripper'}
[16:38:11][TMGR][INFO] Executing new task from route: {'action': 'backward', 'back_point': [240, 50]}
[16:38:11][TMGR][INFO] Executing new task from route: {'action': 'delay', 'seconds': 2}
[16:38:13][TMGR][INFO] Executing new task from route: {'action': 1, 'point': [240, 51]}
[16:38:13][MOTORS][INFO] Planning to drive to [240, 51]
[16:38:16][TMGR][INFO] Executing new task from route: {'action': 'backward', 'back_point': [240, 0], 'extra_force': 300}
[16:38:16][TMGR][INFO] Executing new task from route: {'action': 'delay', 'seconds': 5}
[16:38:21][TMGR][INFO] Executing new task from route: {'action': 1, 'point': [240, 50]}
[16:38:21][MOTORS][INFO] Planning to drive to [240, 50]
[16:38:23][TMGR][INFO] Executing new task from route: {'action': 'delay', 'seconds': 2}
[16:38:25][TMGR][INFO] Executing new task from route: {'action': 1, 'point': [237, 1600]}
[16:38:25][MOTORS][INFO] Planning to drive to [237, 1600]
[16:38:31][TMGR][INFO] Executing new task from route: {'action': 'delay', 'seconds': 2}
[16:38:33][TMGR][INFO] Executing new task from route: {'action': 'backward', 'back_point': [237, 1400]}
[16:38:33][TMGR][INFO] Executing new task from route: {'action': 'gripper_grab_start'}
[16:38:35][TMGR][INFO] Logged points: [[0, 50], [240, 51], [240, 50], [237, 1600]]
[16:38:35][TMGR][INFO] Match duration (seconds): 32.45132565498352
[16:38:35][TMGR][INFO] Distance: N/A
[16:38:35][TMGR][INFO] Points gained: N/A
