[15:36:33][LOGGER][INFO] Logger started!
[15:36:33][RoboScript][INFO] Interpreter ready!
[15:36:33][TMGR][INFO] Applying robot position to model
[15:36:33][MOTORS][INFO] Motors controller ready!
[15:36:33][TMGR][INFO] TaskManager ready!
[15:36:33][WEB][INFO] Starting WebAPI on 0.0.0.0:8080
[15:36:36][TMGR][INFO] Starting tasks execution loop
[15:37:05][TMGR][SUCCESS] All tasks finished! Match finished!
[15:37:05][TMGR][INFO] Starting tasks execution loop
[15:37:06][TMGR][SUCCESS] All tasks finished! Match finished!
[15:37:06][TMGR][INFO] Starting tasks execution loop
[15:37:06][TMGR][SUCCESS] All tasks finished! Match finished!
[15:37:06][TMGR][INFO] Starting tasks execution loop
[15:37:06][TMGR][SUCCESS] All tasks finished! Match finished!
[15:37:06][TMGR][INFO] Starting tasks execution loop
[15:37:06][TMGR][SUCCESS] All tasks finished! Match finished!
[15:37:06][TMGR][INFO] Starting tasks execution loop
[15:37:06][TMGR][SUCCESS] All tasks finished! Match finished!
[15:37:06][TMGR][INFO] Starting tasks execution loop
[15:37:06][TMGR][SUCCESS] All tasks finished! Match finished!
[15:37:06][TMGR][INFO] Starting tasks execution loop
[15:37:06][TMGR][SUCCESS] All tasks finished! Match finished!
[15:37:06][TMGR][INFO] Starting tasks execution loop
[15:37:06][TMGR][SUCCESS] All tasks finished! Match finished!
[15:37:06][TMGR][INFO] Starting tasks execution loop
[15:37:06][TMGR][SUCCESS] All tasks finished! Match finished!
[15:37:06][TMGR][INFO] Starting tasks execution loop
[15:37:06][TMGR][SUCCESS] All tasks finished! Match finished!
[15:37:06][TMGR][INFO] Starting tasks execution loop
[15:37:07][TMGR][SUCCESS] All tasks finished! Match finished!
[15:37:07][TMGR][INFO] Starting tasks execution loop
[15:37:07][TMGR][SUCCESS] All tasks finished! Match finished!
[15:37:07][TMGR][INFO] Starting tasks execution loop
[15:37:07][TMGR][SUCCESS] All tasks finished! Match finished!
[15:37:07][TMGR][INFO] Starting tasks execution loop
[15:37:07][TMGR][SUCCESS] All tasks finished! Match finished!
[15:37:07][TMGR][INFO] Starting tasks execution loop
[15:37:07][TMGR][SUCCESS] All tasks finished! Match finished!
[15:37:07][TMGR][INFO] Starting tasks execution loop
[15:37:07][TMGR][SUCCESS] All tasks finished! Match finished!
[15:37:07][TMGR][INFO] Starting tasks execution loop
[15:37:07][TMGR][SUCCESS] All tasks finished! Match finished!
[15:37:07][TMGR][INFO] Starting tasks execution loop
[15:37:07][TMGR][SUCCESS] All tasks finished! Match finished!
[15:37:07][TMGR][INFO] Starting tasks execution loop
[15:37:07][TMGR][SUCCESS] All tasks finished! Match finished!
[15:37:07][TMGR][INFO] Starting tasks execution loop
[15:37:07][TMGR][SUCCESS] All tasks finished! Match finished!
[15:37:07][TMGR][INFO] Starting tasks execution loop
[15:37:08][TMGR][SUCCESS] All tasks finished! Match finished!
[15:37:08][TMGR][INFO] Starting tasks execution loop
[15:37:08][TMGR][SUCCESS] All tasks finished! Match finished!
[15:37:08][TMGR][INFO] Starting tasks execution loop
[15:37:08][TMGR][SUCCESS] All tasks finished! Match finished!
[15:37:08][TMGR][INFO] Starting tasks execution loop
[15:37:08][TMGR][SUCCESS] All tasks finished! Match finished!
[15:37:08][TMGR][INFO] Starting tasks execution loop
[15:37:08][TMGR][SUCCESS] All tasks finished! Match finished!
[15:37:08][TMGR][INFO] Starting tasks execution loop
[15:37:08][TMGR][SUCCESS] All tasks finished! Match finished!
[15:37:08][TMGR][INFO] Starting tasks execution loop
[15:37:08][TMGR][SUCCESS] All tasks finished! Match finished!
[15:37:08][TMGR][INFO] Starting tasks execution loop
[15:37:08][TMGR][SUCCESS] All tasks finished! Match finished!
[15:37:08][TMGR][INFO] Starting tasks execution loop
[15:37:08][TMGR][SUCCESS] All tasks finished! Match finished!
[15:37:08][TMGR][INFO] Starting tasks execution loop
[15:37:08][TMGR][SUCCESS] All tasks finished! Match finished!
[15:37:08][TMGR][INFO] Starting tasks execution loop
[15:37:09][TMGR][SUCCESS] All tasks finished! Match finished!
[15:37:09][TMGR][INFO] Starting tasks execution loop
[15:37:09][TMGR][SUCCESS] All tasks finished! Match finished!
[15:37:09][TMGR][INFO] Starting tasks execution loop
[15:37:09][TMGR][SUCCESS] All tasks finished! Match finished!
[15:37:09][TMGR][INFO] Starting tasks execution loop
[15:37:09][TMGR][SUCCESS] All tasks finished! Match finished!
[15:37:09][TMGR][INFO] Starting tasks execution loop
[15:37:09][TMGR][SUCCESS] All tasks finished! Match finished!
[15:37:09][TMGR][INFO] Starting tasks execution loop
[15:37:09][TMGR][SUCCESS] All tasks finished! Match finished!
[15:37:09][TMGR][INFO] Starting tasks execution loop
[15:37:09][TMGR][SUCCESS] All tasks finished! Match finished!
[15:37:09][TMGR][INFO] Starting tasks execution loop
[15:37:09][TMGR][SUCCESS] All tasks finished! Match finished!
[15:37:09][TMGR][INFO] Starting tasks execution loop
[15:37:09][TMGR][SUCCESS] All tasks finished! Match finished!
[15:37:09][TMGR][INFO] Starting tasks execution loop
[15:37:09][TMGR][SUCCESS] All tasks finished! Match finished!
[15:37:09][TMGR][INFO] Starting tasks execution loop
[15:37:10][TMGR][SUCCESS] All tasks finished! Match finished!
[15:37:10][TMGR][INFO] Starting tasks execution loop
[15:37:10][TMGR][SUCCESS] All tasks finished! Match finished!
[15:37:10][TMGR][INFO] Starting tasks execution loop
[15:37:10][TMGR][SUCCESS] All tasks finished! Match finished!
[15:37:10][TMGR][INFO] Starting tasks execution loop
[15:37:10][TMGR][SUCCESS] All tasks finished! Match finished!
[15:37:10][TMGR][INFO] Starting tasks execution loop
[15:37:10][TMGR][SUCCESS] All tasks finished! Match finished!
[15:37:10][TMGR][INFO] Starting tasks execution loop
[15:37:10][TMGR][SUCCESS] All tasks finished! Match finished!
[15:37:10][TMGR][INFO] Starting tasks execution loop
[15:37:10][TMGR][SUCCESS] All tasks finished! Match finished!
[15:37:10][TMGR][INFO] Starting tasks execution loop
[15:37:10][TMGR][SUCCESS] All tasks finished! Match finished!
[15:37:10][TMGR][INFO] Starting tasks execution loop
[15:37:10][TMGR][SUCCESS] All tasks finished! Match finished!
[15:37:10][TMGR][INFO] Starting tasks execution loop
[15:37:10][TMGR][SUCCESS] All tasks finished! Match finished!
[15:37:10][TMGR][INFO] Starting tasks execution loop
[15:37:10][TMGR][SUCCESS] All tasks finished! Match finished!
[15:37:10][TMGR][INFO] Starting tasks execution loop
[15:37:11][TMGR][SUCCESS] All tasks finished! Match finished!
[15:37:11][TMGR][INFO] Starting tasks execution loop
[15:37:11][TMGR][SUCCESS] All tasks finished! Match finished!
[15:37:11][TMGR][INFO] Starting tasks execution loop
[15:37:11][TMGR][SUCCESS] All tasks finished! Match finished!
[15:37:11][TMGR][INFO] Starting tasks execution loop
[15:37:11][TMGR][SUCCESS] All tasks finished! Match finished!
[15:37:11][TMGR][INFO] Starting tasks execution loop
[15:37:11][TMGR][SUCCESS] All tasks finished! Match finished!
[15:37:11][TMGR][INFO] Starting tasks execution loop
[15:37:11][TMGR][SUCCESS] All tasks finished! Match finished!
[15:37:11][TMGR][INFO] Starting tasks execution loop
[15:37:11][TMGR][SUCCESS] All tasks finished! Match finished!
[15:37:11][TMGR][INFO] Starting tasks execution loop
[15:37:11][TMGR][SUCCESS] All tasks finished! Match finished!
[15:37:11][TMGR][INFO] Starting tasks execution loop
[15:37:11][TMGR][SUCCESS] All tasks finished! Match finished!
[15:37:11][TMGR][INFO] Starting tasks execution loop
[15:37:11][TMGR][SUCCESS] All tasks finished! Match finished!
[15:37:11][TMGR][INFO] Starting tasks execution loop
[15:37:12][TMGR][SUCCESS] All tasks finished! Match finished!
[15:37:12][TMGR][INFO] Starting tasks execution loop
[15:37:12][TMGR][SUCCESS] All tasks finished! Match finished!
[15:37:12][TMGR][INFO] Starting tasks execution loop
[15:37:12][TMGR][SUCCESS] All tasks finished! Match finished!
[15:37:12][TMGR][INFO] Starting tasks execution loop
[15:37:12][TMGR][SUCCESS] All tasks finished! Match finished!
[15:37:12][TMGR][INFO] Starting tasks execution loop
[15:37:12][TMGR][SUCCESS] All tasks finished! Match finished!
[15:37:12][TMGR][INFO] Starting tasks execution loop
[15:37:12][TMGR][SUCCESS] All tasks finished! Match finished!
[15:37:12][TMGR][INFO] Starting tasks execution loop
[15:37:12][TMGR][SUCCESS] All tasks finished! Match finished!
[15:37:12][TMGR][INFO] Starting tasks execution loop
[15:37:12][TMGR][SUCCESS] All tasks finished! Match finished!
[15:37:12][TMGR][INFO] Starting tasks execution loop
[15:37:12][TMGR][SUCCESS] All tasks finished! Match finished!
[15:37:12][TMGR][INFO] Starting tasks execution loop
[15:37:12][TMGR][SUCCESS] All tasks finished! Match finished!
[15:37:12][TMGR][INFO] Starting tasks execution loop
[15:37:13][TMGR][SUCCESS] All tasks finished! Match finished!
[15:37:13][TMGR][INFO] Starting tasks execution loop
[15:37:13][TMGR][SUCCESS] All tasks finished! Match finished!
[15:37:13][TMGR][INFO] Starting tasks execution loop
[15:37:13][TMGR][SUCCESS] All tasks finished! Match finished!
[15:37:13][TMGR][INFO] Starting tasks execution loop
[15:37:13][TMGR][SUCCESS] All tasks finished! Match finished!
[15:37:13][TMGR][INFO] Starting tasks execution loop
[15:37:13][TMGR][SUCCESS] All tasks finished! Match finished!
[15:37:13][TMGR][INFO] Starting tasks execution loop
[15:37:13][TMGR][SUCCESS] All tasks finished! Match finished!
[15:37:13][TMGR][INFO] Starting tasks execution loop
[15:37:13][TMGR][SUCCESS] All tasks finished! Match finished!
[15:37:13][TMGR][INFO] Starting tasks execution loop
[15:37:13][TMGR][SUCCESS] All tasks finished! Match finished!
[15:37:13][TMGR][INFO] Starting tasks execution loop
[15:37:13][TMGR][SUCCESS] All tasks finished! Match finished!
[15:37:13][TMGR][INFO] Starting tasks execution loop
[15:37:13][TMGR][SUCCESS] All tasks finished! Match finished!
[15:37:13][TMGR][INFO] Starting tasks execution loop
[15:37:13][TMGR][SUCCESS] All tasks finished! Match finished!
[15:37:13][TMGR][INFO] Starting tasks execution loop
[15:37:14][TMGR][SUCCESS] All tasks finished! Match finished!
[15:37:14][TMGR][INFO] Starting tasks execution loop
[15:37:14][TMGR][SUCCESS] All tasks finished! Match finished!
[15:37:14][TMGR][INFO] Starting tasks execution loop
[15:37:14][TMGR][SUCCESS] All tasks finished! Match finished!
[15:37:14][TMGR][INFO] Starting tasks execution loop
[15:37:14][TMGR][SUCCESS] All tasks finished! Match finished!
[15:37:14][TMGR][INFO] Starting tasks execution loop
[15:37:14][TMGR][SUCCESS] All tasks finished! Match finished!
[15:37:14][TMGR][INFO] Starting tasks execution loop
[15:37:14][TMGR][SUCCESS] All tasks finished! Match finished!
[15:37:14][TMGR][INFO] Starting tasks execution loop
[15:37:14][TMGR][SUCCESS] All tasks finished! Match finished!
[15:37:14][TMGR][INFO] Starting tasks execution loop
[15:37:14][TMGR][SUCCESS] All tasks finished! Match finished!
[15:37:14][TMGR][INFO] Starting tasks execution loop
[15:37:14][TMGR][SUCCESS] All tasks finished! Match finished!
[15:37:14][TMGR][INFO] Starting tasks execution loop
[15:37:14][TMGR][SUCCESS] All tasks finished! Match finished!
[15:37:14][TMGR][INFO] Starting tasks execution loop
[15:37:15][TMGR][SUCCESS] All tasks finished! Match finished!
[15:37:15][TMGR][INFO] Starting tasks execution loop
[15:37:15][TMGR][SUCCESS] All tasks finished! Match finished!
[15:37:15][TMGR][INFO] Starting tasks execution loop
[15:37:15][TMGR][SUCCESS] All tasks finished! Match finished!
[15:37:15][TMGR][INFO] Starting tasks execution loop
[15:37:15][TMGR][SUCCESS] All tasks finished! Match finished!
[15:37:15][TMGR][INFO] Starting tasks execution loop
[15:37:15][TMGR][SUCCESS] All tasks finished! Match finished!
[15:37:15][TMGR][INFO] Starting tasks execution loop
[15:37:15][TMGR][SUCCESS] All tasks finished! Match finished!
[15:37:15][TMGR][INFO] Starting tasks execution loop
[15:37:15][TMGR][SUCCESS] All tasks finished! Match finished!
[15:37:15][TMGR][INFO] Starting tasks execution loop
[15:37:15][TMGR][SUCCESS] All tasks finished! Match finished!
[15:37:15][TMGR][INFO] Starting tasks execution loop
[15:37:15][TMGR][SUCCESS] All tasks finished! Match finished!
[15:37:15][TMGR][INFO] Starting tasks execution loop
[15:37:15][TMGR][SUCCESS] All tasks finished! Match finished!
[15:37:15][TMGR][INFO] Starting tasks execution loop
[15:37:15][TMGR][SUCCESS] All tasks finished! Match finished!
[15:37:15][TMGR][INFO] Starting tasks execution loop
[15:37:16][TMGR][SUCCESS] All tasks finished! Match finished!
[15:37:16][TMGR][INFO] Starting tasks execution loop
[15:37:16][TMGR][SUCCESS] All tasks finished! Match finished!
[15:37:16][TMGR][INFO] Starting tasks execution loop
[15:37:16][TMGR][SUCCESS] All tasks finished! Match finished!
[15:37:16][TMGR][INFO] Starting tasks execution loop
[15:37:16][TMGR][SUCCESS] All tasks finished! Match finished!
[15:37:16][TMGR][INFO] Starting tasks execution loop
[15:37:16][TMGR][SUCCESS] All tasks finished! Match finished!
[15:37:16][TMGR][INFO] Starting tasks execution loop
[15:37:16][TMGR][SUCCESS] All tasks finished! Match finished!
[15:37:16][TMGR][INFO] Starting tasks execution loop
[15:37:16][TMGR][SUCCESS] All tasks finished! Match finished!
[15:37:16][TMGR][INFO] Starting tasks execution loop
[15:37:16][TMGR][SUCCESS] All tasks finished! Match finished!
[15:37:16][TMGR][INFO] Starting tasks execution loop
[15:37:16][TMGR][SUCCESS] All tasks finished! Match finished!
[15:37:16][TMGR][INFO] Starting tasks execution loop
[15:37:16][TMGR][SUCCESS] All tasks finished! Match finished!
[15:37:16][TMGR][INFO] Starting tasks execution loop
[15:37:17][TMGR][SUCCESS] All tasks finished! Match finished!
[15:37:17][TMGR][INFO] Starting tasks execution loop
[15:37:17][TMGR][SUCCESS] All tasks finished! Match finished!
[15:37:17][TMGR][INFO] Starting tasks execution loop
[15:37:17][TMGR][SUCCESS] All tasks finished! Match finished!
[15:37:17][TMGR][INFO] Starting tasks execution loop
[15:37:17][TMGR][SUCCESS] All tasks finished! Match finished!
[15:37:17][TMGR][INFO] Starting tasks execution loop
[15:37:17][TMGR][SUCCESS] All tasks finished! Match finished!
[15:37:17][TMGR][INFO] Starting tasks execution loop
[15:37:17][TMGR][SUCCESS] All tasks finished! Match finished!
[15:37:17][TMGR][INFO] Starting tasks execution loop
[15:37:17][TMGR][SUCCESS] All tasks finished! Match finished!
[15:37:17][TMGR][INFO] Starting tasks execution loop
[15:37:17][TMGR][SUCCESS] All tasks finished! Match finished!
[15:37:17][TMGR][INFO] Starting tasks execution loop
[15:37:17][TMGR][SUCCESS] All tasks finished! Match finished!
[15:37:17][TMGR][INFO] Starting tasks execution loop
[15:37:17][TMGR][SUCCESS] All tasks finished! Match finished!
[15:37:17][TMGR][INFO] Starting tasks execution loop
[15:37:17][TMGR][SUCCESS] All tasks finished! Match finished!
[15:37:17][TMGR][INFO] Starting tasks execution loop
[15:37:18][TMGR][SUCCESS] All tasks finished! Match finished!
[15:37:18][TMGR][INFO] Starting tasks execution loop
[15:37:18][TMGR][SUCCESS] All tasks finished! Match finished!
[15:37:18][TMGR][INFO] Starting tasks execution loop
[15:37:18][TMGR][SUCCESS] All tasks finished! Match finished!
[15:37:18][TMGR][INFO] Starting tasks execution loop
[15:37:18][TMGR][SUCCESS] All tasks finished! Match finished!
[15:37:18][TMGR][INFO] Starting tasks execution loop
[15:37:18][TMGR][SUCCESS] All tasks finished! Match finished!
[15:37:18][TMGR][INFO] Starting tasks execution loop
[15:37:18][TMGR][SUCCESS] All tasks finished! Match finished!
[15:37:18][TMGR][INFO] Starting tasks execution loop
[15:37:18][TMGR][SUCCESS] All tasks finished! Match finished!
[15:37:18][TMGR][INFO] Starting tasks execution loop
[15:37:18][TMGR][SUCCESS] All tasks finished! Match finished!
[15:37:18][TMGR][INFO] Starting tasks execution loop
[15:37:18][TMGR][SUCCESS] All tasks finished! Match finished!
[15:37:18][TMGR][INFO] Starting tasks execution loop
[15:37:18][TMGR][SUCCESS] All tasks finished! Match finished!
[15:37:18][TMGR][INFO] Starting tasks execution loop
[15:37:19][TMGR][SUCCESS] All tasks finished! Match finished!
[15:37:19][TMGR][INFO] Starting tasks execution loop
[15:37:19][TMGR][SUCCESS] All tasks finished! Match finished!
[15:37:19][TMGR][INFO] Starting tasks execution loop
[15:37:19][TMGR][SUCCESS] All tasks finished! Match finished!
[15:37:19][TMGR][INFO] Starting tasks execution loop
[15:37:19][TMGR][SUCCESS] All tasks finished! Match finished!
[15:37:19][TMGR][INFO] Starting tasks execution loop
