[09:32:42][LOGGER][INFO] Logger started!
[09:32:42][RoboScript][INFO] Interpreter ready!
[09:32:42][TMGR][INFO] Applying robot position to model
[09:32:42][MOTORS][INFO] Motors controller ready!
[09:32:42][TMGR][INFO] TaskManager ready!
[09:32:42][WEB][INFO] Starting WebAPI on 0.0.0.0:8080
[09:35:13][TMGR][INFO] Starting tasks execution loop
[09:35:50][TMGR][SUCCESS] All tasks finished! Match finished!
[09:35:50][TMGR][INFO] Starting tasks execution loop
[09:35:50][TMGR][SUCCESS] All tasks finished! Match finished!
[09:35:50][TMGR][INFO] Starting tasks execution loop
[09:35:50][TMGR][SUCCESS] All tasks finished! Match finished!
[09:35:50][TMGR][INFO] Starting tasks execution loop
[09:35:50][TMGR][SUCCESS] All tasks finished! Match finished!
[09:35:50][TMGR][INFO] Starting tasks execution loop
[09:35:50][TMGR][SUCCESS] All tasks finished! Match finished!
[09:35:50][TMGR][INFO] Starting tasks execution loop
[09:35:50][TMGR][SUCCESS] All tasks finished! Match finished!
[09:35:50][TMGR][INFO] Starting tasks execution loop
[09:35:50][TMGR][SUCCESS] All tasks finished! Match finished!
[09:35:50][TMGR][INFO] Starting tasks execution loop
[09:35:50][TMGR][SUCCESS] All tasks finished! Match finished!
[09:35:50][TMGR][INFO] Starting tasks execution loop
[09:35:50][TMGR][SUCCESS] All tasks finished! Match finished!
[09:35:50][TMGR][INFO] Starting tasks execution loop
[09:35:50][TMGR][SUCCESS] All tasks finished! Match finished!
[09:35:50][TMGR][INFO] Starting tasks execution loop
[09:35:51][TMGR][SUCCESS] All tasks finished! Match finished!
[09:35:51][TMGR][INFO] Starting tasks execution loop
[09:35:51][TMGR][SUCCESS] All tasks finished! Match finished!
[09:35:51][TMGR][INFO] Starting tasks execution loop
[09:35:51][TMGR][SUCCESS] All tasks finished! Match finished!
[09:35:51][TMGR][INFO] Starting tasks execution loop
[09:35:53][TMGR][SUCCESS] All tasks finished! Match finished!
[09:35:53][TMGR][INFO] Starting tasks execution loop
[09:35:53][TMGR][SUCCESS] All tasks finished! Match finished!
[09:35:53][TMGR][INFO] Starting tasks execution loop
[09:35:53][TMGR][SUCCESS] All tasks finished! Match finished!
[09:35:53][TMGR][INFO] Starting tasks execution loop
[09:35:53][TMGR][SUCCESS] All tasks finished! Match finished!
[09:35:53][TMGR][INFO] Starting tasks execution loop
[09:35:53][TMGR][SUCCESS] All tasks finished! Match finished!
[09:35:53][TMGR][INFO] Starting tasks execution loop
[09:35:53][TMGR][SUCCESS] All tasks finished! Match finished!
[09:35:53][TMGR][INFO] Starting tasks execution loop
[09:35:54][TMGR][SUCCESS] All tasks finished! Match finished!
[09:35:54][TMGR][INFO] Starting tasks execution loop
[09:35:54][TMGR][SUCCESS] All tasks finished! Match finished!
[09:35:54][TMGR][INFO] Starting tasks execution loop
[09:35:54][TMGR][SUCCESS] All tasks finished! Match finished!
[09:35:54][TMGR][INFO] Starting tasks execution loop
[09:35:54][TMGR][SUCCESS] All tasks finished! Match finished!
[09:35:54][TMGR][INFO] Starting tasks execution loop
[09:35:54][TMGR][SUCCESS] All tasks finished! Match finished!
[09:35:54][TMGR][INFO] Starting tasks execution loop
[09:35:54][TMGR][SUCCESS] All tasks finished! Match finished!
[09:35:54][TMGR][INFO] Starting tasks execution loop
[09:35:54][TMGR][SUCCESS] All tasks finished! Match finished!
[09:35:54][TMGR][INFO] Starting tasks execution loop
[09:35:54][TMGR][SUCCESS] All tasks finished! Match finished!
[09:35:54][TMGR][INFO] Starting tasks execution loop
[09:35:54][TMGR][SUCCESS] All tasks finished! Match finished!
[09:35:54][TMGR][INFO] Starting tasks execution loop
[09:35:54][TMGR][SUCCESS] All tasks finished! Match finished!
[09:35:54][TMGR][INFO] Starting tasks execution loop
[09:35:55][TMGR][SUCCESS] All tasks finished! Match finished!
[09:35:55][TMGR][INFO] Starting tasks execution loop
[09:35:55][TMGR][SUCCESS] All tasks finished! Match finished!
[09:35:55][TMGR][INFO] Starting tasks execution loop
[09:35:55][TMGR][SUCCESS] All tasks finished! Match finished!
[09:35:55][TMGR][INFO] Starting tasks execution loop
[09:35:55][TMGR][SUCCESS] All tasks finished! Match finished!
[09:35:55][TMGR][INFO] Starting tasks execution loop
[09:35:55][TMGR][SUCCESS] All tasks finished! Match finished!
[09:35:55][TMGR][INFO] Starting tasks execution loop
[09:35:55][TMGR][SUCCESS] All tasks finished! Match finished!
[09:35:55][TMGR][INFO] Starting tasks execution loop
[09:35:55][TMGR][SUCCESS] All tasks finished! Match finished!
[09:35:55][TMGR][INFO] Starting tasks execution loop
[09:35:55][TMGR][SUCCESS] All tasks finished! Match finished!
[09:35:55][TMGR][INFO] Starting tasks execution loop
[09:35:55][TMGR][SUCCESS] All tasks finished! Match finished!
[09:35:55][TMGR][INFO] Starting tasks execution loop
[09:35:55][TMGR][SUCCESS] All tasks finished! Match finished!
[09:35:55][TMGR][INFO] Starting tasks execution loop
[09:35:56][TMGR][SUCCESS] All tasks finished! Match finished!
[09:35:56][TMGR][INFO] Starting tasks execution loop
[09:35:56][TMGR][SUCCESS] All tasks finished! Match finished!
[09:35:56][TMGR][INFO] Starting tasks execution loop
[09:35:56][TMGR][SUCCESS] All tasks finished! Match finished!
[09:35:56][TMGR][INFO] Starting tasks execution loop
[09:35:56][TMGR][SUCCESS] All tasks finished! Match finished!
[09:35:56][TMGR][INFO] Starting tasks execution loop
[09:35:56][TMGR][SUCCESS] All tasks finished! Match finished!
[09:35:56][TMGR][INFO] Starting tasks execution loop
[09:35:56][TMGR][SUCCESS] All tasks finished! Match finished!
[09:35:56][TMGR][INFO] Starting tasks execution loop
[09:35:56][TMGR][SUCCESS] All tasks finished! Match finished!
[09:35:56][TMGR][INFO] Starting tasks execution loop
[09:35:56][TMGR][SUCCESS] All tasks finished! Match finished!
[09:35:56][TMGR][INFO] Starting tasks execution loop
[09:35:56][TMGR][SUCCESS] All tasks finished! Match finished!
[09:35:56][TMGR][INFO] Starting tasks execution loop
[09:35:56][TMGR][SUCCESS] All tasks finished! Match finished!
[09:35:56][TMGR][INFO] Starting tasks execution loop
[09:35:56][TMGR][SUCCESS] All tasks finished! Match finished!
[09:35:57][TMGR][INFO] Starting tasks execution loop
[09:35:57][TMGR][SUCCESS] All tasks finished! Match finished!
[09:35:57][TMGR][INFO] Starting tasks execution loop
[09:35:57][TMGR][SUCCESS] All tasks finished! Match finished!
[09:35:57][TMGR][INFO] Starting tasks execution loop
[09:35:57][TMGR][SUCCESS] All tasks finished! Match finished!
[09:35:57][TMGR][INFO] Starting tasks execution loop
[09:35:57][TMGR][SUCCESS] All tasks finished! Match finished!
[09:35:57][TMGR][INFO] Starting tasks execution loop
[09:35:57][TMGR][SUCCESS] All tasks finished! Match finished!
[09:35:57][TMGR][INFO] Starting tasks execution loop
[09:35:57][TMGR][SUCCESS] All tasks finished! Match finished!
[09:35:57][TMGR][INFO] Starting tasks execution loop
[09:35:57][TMGR][SUCCESS] All tasks finished! Match finished!
[09:35:57][TMGR][INFO] Starting tasks execution loop
[09:35:57][TMGR][SUCCESS] All tasks finished! Match finished!
[09:35:57][TMGR][INFO] Starting tasks execution loop
[09:35:57][TMGR][SUCCESS] All tasks finished! Match finished!
[09:35:57][TMGR][INFO] Starting tasks execution loop
[09:35:57][TMGR][SUCCESS] All tasks finished! Match finished!
[09:35:57][TMGR][INFO] Starting tasks execution loop
[09:35:58][TMGR][SUCCESS] All tasks finished! Match finished!
[09:35:58][TMGR][INFO] Starting tasks execution loop
[09:35:58][TMGR][SUCCESS] All tasks finished! Match finished!
[09:35:58][TMGR][INFO] Starting tasks execution loop
[09:35:58][TMGR][SUCCESS] All tasks finished! Match finished!
[09:35:58][TMGR][INFO] Starting tasks execution loop
[09:35:58][TMGR][SUCCESS] All tasks finished! Match finished!
[09:35:58][TMGR][INFO] Starting tasks execution loop
[09:35:58][TMGR][SUCCESS] All tasks finished! Match finished!
[09:35:58][TMGR][INFO] Starting tasks execution loop
[09:35:58][TMGR][SUCCESS] All tasks finished! Match finished!
[09:35:58][TMGR][INFO] Starting tasks execution loop
[09:35:58][TMGR][SUCCESS] All tasks finished! Match finished!
[09:35:58][TMGR][INFO] Starting tasks execution loop
[09:35:58][TMGR][SUCCESS] All tasks finished! Match finished!
[09:35:58][TMGR][INFO] Starting tasks execution loop
[09:35:58][TMGR][SUCCESS] All tasks finished! Match finished!
[09:35:58][TMGR][INFO] Starting tasks execution loop
[09:35:58][TMGR][SUCCESS] All tasks finished! Match finished!
[09:35:58][TMGR][INFO] Starting tasks execution loop
[09:35:58][TMGR][SUCCESS] All tasks finished! Match finished!
[09:35:58][TMGR][INFO] Starting tasks execution loop
[09:35:59][TMGR][SUCCESS] All tasks finished! Match finished!
[09:35:59][TMGR][INFO] Starting tasks execution loop
[09:35:59][TMGR][SUCCESS] All tasks finished! Match finished!
[09:35:59][TMGR][INFO] Starting tasks execution loop
[09:35:59][TMGR][SUCCESS] All tasks finished! Match finished!
[09:35:59][TMGR][INFO] Starting tasks execution loop
[09:35:59][TMGR][SUCCESS] All tasks finished! Match finished!
[09:35:59][TMGR][INFO] Starting tasks execution loop
[09:35:59][TMGR][SUCCESS] All tasks finished! Match finished!
[09:35:59][TMGR][INFO] Starting tasks execution loop
[09:35:59][TMGR][SUCCESS] All tasks finished! Match finished!
[09:35:59][TMGR][INFO] Starting tasks execution loop
[09:35:59][TMGR][SUCCESS] All tasks finished! Match finished!
[09:35:59][TMGR][INFO] Starting tasks execution loop
[09:35:59][TMGR][SUCCESS] All tasks finished! Match finished!
[09:35:59][TMGR][INFO] Starting tasks execution loop
[09:35:59][TMGR][SUCCESS] All tasks finished! Match finished!
[09:35:59][TMGR][INFO] Starting tasks execution loop
[09:35:59][TMGR][SUCCESS] All tasks finished! Match finished!
[09:35:59][TMGR][INFO] Starting tasks execution loop
[09:36:00][TMGR][SUCCESS] All tasks finished! Match finished!
[09:36:00][TMGR][INFO] Starting tasks execution loop
[09:36:00][TMGR][SUCCESS] All tasks finished! Match finished!
[09:36:00][TMGR][INFO] Starting tasks execution loop
[09:36:00][TMGR][SUCCESS] All tasks finished! Match finished!
[09:36:00][TMGR][INFO] Starting tasks execution loop
[09:36:00][TMGR][SUCCESS] All tasks finished! Match finished!
[09:36:00][TMGR][INFO] Starting tasks execution loop
[09:36:00][TMGR][SUCCESS] All tasks finished! Match finished!
[09:36:00][TMGR][INFO] Starting tasks execution loop
[09:36:00][TMGR][SUCCESS] All tasks finished! Match finished!
[09:36:00][TMGR][INFO] Starting tasks execution loop
[09:36:00][TMGR][SUCCESS] All tasks finished! Match finished!
[09:36:00][TMGR][INFO] Starting tasks execution loop
[09:36:00][TMGR][SUCCESS] All tasks finished! Match finished!
[09:36:00][TMGR][INFO] Starting tasks execution loop
[09:36:00][TMGR][SUCCESS] All tasks finished! Match finished!
[09:36:00][TMGR][INFO] Starting tasks execution loop
[09:36:00][TMGR][SUCCESS] All tasks finished! Match finished!
[09:36:00][TMGR][INFO] Starting tasks execution loop
[09:36:01][TMGR][SUCCESS] All tasks finished! Match finished!
[09:36:01][TMGR][INFO] Starting tasks execution loop
[09:36:01][TMGR][SUCCESS] All tasks finished! Match finished!
[09:36:01][TMGR][INFO] Starting tasks execution loop
[09:36:01][TMGR][SUCCESS] All tasks finished! Match finished!
[09:36:01][TMGR][INFO] Starting tasks execution loop
[09:36:01][TMGR][SUCCESS] All tasks finished! Match finished!
[09:36:01][TMGR][INFO] Starting tasks execution loop
[09:36:01][TMGR][SUCCESS] All tasks finished! Match finished!
[09:36:01][TMGR][INFO] Starting tasks execution loop
[09:36:01][TMGR][SUCCESS] All tasks finished! Match finished!
[09:36:01][TMGR][INFO] Starting tasks execution loop
[09:36:01][TMGR][SUCCESS] All tasks finished! Match finished!
[09:36:01][TMGR][INFO] Starting tasks execution loop
[09:36:01][TMGR][SUCCESS] All tasks finished! Match finished!
[09:36:01][TMGR][INFO] Starting tasks execution loop
[09:36:01][TMGR][SUCCESS] All tasks finished! Match finished!
[09:36:01][TMGR][INFO] Starting tasks execution loop
[09:36:01][TMGR][SUCCESS] All tasks finished! Match finished!
[09:36:01][TMGR][INFO] Starting tasks execution loop
[09:36:01][TMGR][SUCCESS] All tasks finished! Match finished!
[09:36:01][TMGR][INFO] Starting tasks execution loop
[09:36:02][TMGR][SUCCESS] All tasks finished! Match finished!
[09:36:02][TMGR][INFO] Starting tasks execution loop
[09:36:02][TMGR][SUCCESS] All tasks finished! Match finished!
[09:36:02][TMGR][INFO] Starting tasks execution loop
[09:36:02][TMGR][SUCCESS] All tasks finished! Match finished!
[09:36:02][TMGR][INFO] Starting tasks execution loop
[09:36:02][TMGR][SUCCESS] All tasks finished! Match finished!
[09:36:02][TMGR][INFO] Starting tasks execution loop
[09:36:02][TMGR][SUCCESS] All tasks finished! Match finished!
[09:36:02][TMGR][INFO] Starting tasks execution loop
[09:36:02][TMGR][SUCCESS] All tasks finished! Match finished!
[09:36:02][TMGR][INFO] Starting tasks execution loop
[09:36:02][TMGR][SUCCESS] All tasks finished! Match finished!
[09:36:02][TMGR][INFO] Starting tasks execution loop
[09:36:02][TMGR][SUCCESS] All tasks finished! Match finished!
[09:36:02][TMGR][INFO] Starting tasks execution loop
[09:36:02][TMGR][SUCCESS] All tasks finished! Match finished!
[09:36:02][TMGR][INFO] Starting tasks execution loop
[09:36:02][TMGR][SUCCESS] All tasks finished! Match finished!
[09:36:02][TMGR][INFO] Starting tasks execution loop
[09:36:03][TMGR][SUCCESS] All tasks finished! Match finished!
[09:36:03][TMGR][INFO] Starting tasks execution loop
[09:36:03][TMGR][SUCCESS] All tasks finished! Match finished!
[09:36:03][TMGR][INFO] Starting tasks execution loop
[09:36:03][TMGR][SUCCESS] All tasks finished! Match finished!
[09:36:03][TMGR][INFO] Starting tasks execution loop
[09:36:03][TMGR][SUCCESS] All tasks finished! Match finished!
[09:36:03][TMGR][INFO] Starting tasks execution loop
[09:36:03][TMGR][SUCCESS] All tasks finished! Match finished!
[09:36:03][TMGR][INFO] Starting tasks execution loop
[09:36:03][TMGR][SUCCESS] All tasks finished! Match finished!
[09:36:03][TMGR][INFO] Starting tasks execution loop
[09:36:03][TMGR][SUCCESS] All tasks finished! Match finished!
[09:36:03][TMGR][INFO] Starting tasks execution loop
[09:36:03][TMGR][SUCCESS] All tasks finished! Match finished!
[09:36:03][TMGR][INFO] Starting tasks execution loop
[09:36:03][TMGR][SUCCESS] All tasks finished! Match finished!
[09:36:03][TMGR][INFO] Starting tasks execution loop
[09:36:03][TMGR][SUCCESS] All tasks finished! Match finished!
[09:36:03][TMGR][INFO] Starting tasks execution loop
[09:36:04][TMGR][SUCCESS] All tasks finished! Match finished!
[09:36:04][TMGR][INFO] Starting tasks execution loop
[09:36:04][TMGR][SUCCESS] All tasks finished! Match finished!
[09:36:04][TMGR][INFO] Starting tasks execution loop
[09:36:04][TMGR][SUCCESS] All tasks finished! Match finished!
[09:36:04][TMGR][INFO] Starting tasks execution loop
[09:36:04][TMGR][SUCCESS] All tasks finished! Match finished!
[09:36:04][TMGR][INFO] Starting tasks execution loop
[09:36:04][TMGR][SUCCESS] All tasks finished! Match finished!
[09:36:04][TMGR][INFO] Starting tasks execution loop
[09:36:04][TMGR][SUCCESS] All tasks finished! Match finished!
[09:36:04][TMGR][INFO] Starting tasks execution loop
[09:36:04][TMGR][SUCCESS] All tasks finished! Match finished!
[09:36:04][TMGR][INFO] Starting tasks execution loop
[09:36:04][TMGR][SUCCESS] All tasks finished! Match finished!
[09:36:04][TMGR][INFO] Starting tasks execution loop
[09:36:04][TMGR][SUCCESS] All tasks finished! Match finished!
[09:36:04][TMGR][INFO] Starting tasks execution loop
[09:36:04][TMGR][SUCCESS] All tasks finished! Match finished!
[09:36:04][TMGR][INFO] Starting tasks execution loop
[09:36:04][TMGR][SUCCESS] All tasks finished! Match finished!
[09:36:04][TMGR][INFO] Starting tasks execution loop
[09:36:05][TMGR][SUCCESS] All tasks finished! Match finished!
[09:36:05][TMGR][INFO] Starting tasks execution loop
[09:36:05][TMGR][SUCCESS] All tasks finished! Match finished!
[09:36:05][TMGR][INFO] Starting tasks execution loop
[09:36:05][TMGR][SUCCESS] All tasks finished! Match finished!
[09:36:05][TMGR][INFO] Starting tasks execution loop
[09:36:05][TMGR][SUCCESS] All tasks finished! Match finished!
[09:36:05][TMGR][INFO] Starting tasks execution loop
[09:36:05][TMGR][SUCCESS] All tasks finished! Match finished!
[09:36:05][TMGR][INFO] Starting tasks execution loop
[09:36:05][TMGR][SUCCESS] All tasks finished! Match finished!
[09:36:05][TMGR][INFO] Starting tasks execution loop
[09:36:05][TMGR][SUCCESS] All tasks finished! Match finished!
[09:36:05][TMGR][INFO] Starting tasks execution loop
[09:36:05][TMGR][SUCCESS] All tasks finished! Match finished!
[09:36:05][TMGR][INFO] Starting tasks execution loop
[09:36:05][TMGR][SUCCESS] All tasks finished! Match finished!
[09:36:05][TMGR][INFO] Starting tasks execution loop
[09:36:05][TMGR][SUCCESS] All tasks finished! Match finished!
[09:36:05][TMGR][INFO] Starting tasks execution loop
[09:36:06][TMGR][SUCCESS] All tasks finished! Match finished!
[09:36:06][TMGR][INFO] Starting tasks execution loop
[09:36:06][TMGR][SUCCESS] All tasks finished! Match finished!
[09:36:06][TMGR][INFO] Starting tasks execution loop
[09:36:06][TMGR][SUCCESS] All tasks finished! Match finished!
[09:36:06][TMGR][INFO] Starting tasks execution loop
[09:36:06][TMGR][SUCCESS] All tasks finished! Match finished!
[09:36:06][TMGR][INFO] Starting tasks execution loop
[09:36:06][TMGR][SUCCESS] All tasks finished! Match finished!
[09:36:06][TMGR][INFO] Starting tasks execution loop
[09:36:06][TMGR][SUCCESS] All tasks finished! Match finished!
[09:36:06][TMGR][INFO] Starting tasks execution loop
[09:36:06][TMGR][SUCCESS] All tasks finished! Match finished!
[09:36:06][TMGR][INFO] Starting tasks execution loop
