[16:44:29][LOGGER][INFO] Match started!
[16:44:29][TMGR][INFO] Executing new task from route: {'action': 1, 'point': [0, 50]}
[16:44:29][MOTORS][INFO] Planning to drive to [0, 50]
[16:44:32][TMGR][INFO] Executing new task from route: {'action': 'delay', 'seconds': 2}
[16:44:34][TMGR][INFO] Executing new task from route: {'action': 'open_gripper'}
[16:44:34][TMGR][INFO] Executing new task from route: {'action': 'delay', 'seconds': 2}
[16:44:36][TMGR][INFO] Executing new task from route: {'action': 'close_gripper'}
[16:44:37][TMGR][INFO] Executing new task from route: {'action': 'backward', 'back_point': [240, 50]}
[16:44:37][TMGR][INFO] Executing new task from route: {'action': 'delay', 'seconds': 2}
[16:44:39][TMGR][INFO] Executing new task from route: {'action': 1, 'point': [240, 51]}
[16:44:39][MOTORS][INFO] Planning to drive to [240, 51]
[16:44:43][TMGR][INFO] Executing new task from route: {'action': 'backward', 'back_point': [240, 0], 'extra_force': 300}
[16:44:43][TMGR][INFO] Executing new task from route: {'action': 'delay', 'seconds': 5}
[16:44:48][TMGR][INFO] Executing new task from route: {'action': 1, 'point': [240, 70]}
[16:44:48][MOTORS][INFO] Planning to drive to [240, 70]
[16:44:49][TMGR][INFO] Executing new task from route: {'action': 'delay', 'seconds': 2}
[16:44:51][TMGR][INFO] Executing new task from route: {'action': 1, 'point': [210, 1600]}
[16:44:51][MOTORS][INFO] Planning to drive to [210, 1600]
[16:44:57][TMGR][INFO] Executing new task from route: {'action': 'delay', 'seconds': 2}
[16:44:59][TMGR][INFO] Executing new task from route: {'action': 'backward', 'back_point': [210, 1420]}
[16:44:59][TMGR][INFO] Executing new task from route: {'action': 'gripper_grab_start'}
[16:45:02][TMGR][INFO] Logged points: [[0, 50], [240, 51], [240, 70], [210, 1600]]
[16:45:02][TMGR][INFO] Match duration (seconds): 32.379746437072754
[16:45:02][TMGR][INFO] Distance: N/A
[16:45:02][TMGR][INFO] Points gained: N/A
