[16:18:47][LOGGER][INFO] Match started!
[16:18:47][TMGR][INFO] Executing new task from route: {'action': 1, 'point': [0, 50]}
[16:18:47][MOTORS][INFO] Planning to drive to [0, 50]
[16:18:50][TMGR][INFO] Executing new task from route: {'action': 'delay', 'seconds': 2}
[16:18:52][TMGR][INFO] Executing new task from route: {'action': 'open_gripper'}
[16:18:52][TMGR][INFO] Executing new task from route: {'action': 'delay', 'seconds': 2}
[16:18:54][TMGR][INFO] Executing new task from route: {'action': 'close_gripper'}
[16:18:55][TMGR][INFO] Executing new task from route: {'action': 'backward', 'back_point': [240, 50]}
[16:18:55][TMGR][INFO] Executing new task from route: {'action': 'delay', 'seconds': 2}
[16:18:57][TMGR][INFO] Executing new task from route: {'action': 1, 'point': [240, 51]}
[16:18:57][MOTORS][INFO] Planning to drive to [240, 51]
[16:18:59][TMGR][INFO] Executing new task from route: {'action': 'backward', 'back_point': [240, 0], 'extra_force': 300}
[16:19:00][TMGR][INFO] Executing new task from route: {'action': 'delay', 'seconds': 5}
[16:19:05][TMGR][INFO] Executing new task from route: {'action': 1, 'point': [240, 50]}
[16:19:05][MOTORS][INFO] Planning to drive to [240, 50]
[16:19:06][TMGR][INFO] Executing new task from route: {'action': 1, 'point': [235, 1500]}
[16:19:06][MOTORS][INFO] Planning to drive to [235, 1500]
[16:19:12][TMGR][INFO] Executing new task from route: {'action': 'backward', 'back_point': [235, 1400]}
[16:19:13][TMGR][INFO] Logged points: [[0, 50], [240, 51], [240, 50], [235, 1500]]
[16:19:13][TMGR][INFO] Match duration (seconds): 25.391011238098145
[16:19:13][TMGR][INFO] Distance: N/A
[16:19:13][TMGR][INFO] Points gained: N/A
