[16:14:27][LOGGER][INFO] Match started!
[16:14:27][TMGR][INFO] Executing new task from route: {'action': 1, 'point': [0, 50]}
[16:14:27][MOTORS][INFO] Planning to drive to [0, 50]
[16:14:29][TMGR][INFO] Executing new task from route: {'action': 'delay', 'seconds': 2}
[16:14:31][TMGR][INFO] Executing new task from route: {'action': 'open_gripper'}
[16:14:31][TMGR][INFO] Executing new task from route: {'action': 'delay', 'seconds': 2}
[16:14:33][TMGR][INFO] Executing new task from route: {'action': 'close_gripper'}
[16:14:34][TMGR][INFO] Executing new task from route: {'action': 'backward', 'back_point': [240, 50]}
[16:14:34][TMGR][INFO] Executing new task from route: {'action': 'delay', 'seconds': 2}
[16:14:36][TMGR][INFO] Executing new task from route: {'action': 1, 'point': [240, 51]}
[16:14:36][MOTORS][INFO] Planning to drive to [240, 51]
[16:14:39][TMGR][INFO] Executing new task from route: {'action': 'backward', 'back_point': [240, 0], 'extra_force': 300}
[16:14:39][TMGR][INFO] Executing new task from route: {'action': 'delay', 'seconds': 5}
[16:14:44][TMGR][INFO] Executing new task from route: {'action': 1, 'point': [240, 50]}
[16:14:44][MOTORS][INFO] Planning to drive to [240, 50]
[16:14:45][TMGR][INFO] Executing new task from route: {'action': 1, 'point': [230, 1500]}
[16:14:45][MOTORS][INFO] Planning to drive to [230, 1500]
[16:14:52][TMGR][INFO] Logged points: [[0, 50], [240, 51], [240, 50], [230, 1500]]
[16:14:52][TMGR][INFO] Match duration (seconds): 25.407556533813477
[16:14:52][TMGR][INFO] Distance: N/A
[16:14:52][TMGR][INFO] Points gained: N/A
