[16:50:03][LOGGER][INFO] Match started!
[16:50:03][TMGR][INFO] Executing new task from route: {'action': 1, 'point': [0, 50]}
[16:50:03][MOTORS][INFO] Planning to drive to [0, 50]
[16:50:07][TMGR][INFO] Executing new task from route: {'action': 'delay', 'seconds': 2}
[16:50:09][TMGR][INFO] Executing new task from route: {'action': 'open_gripper'}
[16:50:09][TMGR][INFO] Executing new task from route: {'action': 'delay', 'seconds': 2}
[16:50:11][TMGR][INFO] Executing new task from route: {'action': 'close_gripper'}
[16:50:12][TMGR][INFO] Executing new task from route: {'action': 'backward', 'back_point': [240, 50]}
[16:50:12][TMGR][INFO] Executing new task from route: {'action': 'delay', 'seconds': 2}
[16:50:14][TMGR][INFO] Executing new task from route: {'action': 1, 'point': [240, 51]}
[16:50:14][MOTORS][INFO] Planning to drive to [240, 51]
[16:50:17][TMGR][INFO] Executing new task from route: {'action': 'backward', 'back_point': [240, 0], 'extra_force': 300}
[16:50:17][TMGR][INFO] Executing new task from route: {'action': 'delay', 'seconds': 5}
[16:50:22][TMGR][INFO] Executing new task from route: {'action': 1, 'point': [240, 70]}
[16:50:22][MOTORS][INFO] Planning to drive to [240, 70]
[16:50:23][TMGR][INFO] Executing new task from route: {'action': 'delay', 'seconds': 2}
[16:50:25][TMGR][INFO] Executing new task from route: {'action': 1, 'point': [200, 1600]}
[16:50:25][MOTORS][INFO] Planning to drive to [200, 1600]
[16:50:32][TMGR][INFO] Executing new task from route: {'action': 'delay', 'seconds': 2}
[16:50:34][TMGR][INFO] Executing new task from route: {'action': 'backward', 'back_point': [200, 1420]}
[16:50:34][TMGR][INFO] Executing new task from route: {'action': 'delay', 'seconds': 2}
[16:50:36][TMGR][INFO] Executing new task from route: {'action': 'gripper_init'}
[16:50:37][TMGR][INFO] Executing new task from route: {'action': 'open_gripper'}
[16:50:37][TMGR][INFO] Executing new task from route: {'action': 'gripper_grab_start'}
[16:50:38][TMGR][INFO] Logged points: [[0, 50], [240, 51], [240, 70], [200, 1600]]
[16:50:38][TMGR][INFO] Match duration (seconds): 34.60352849960327
[16:50:38][TMGR][INFO] Distance: N/A
[16:50:38][TMGR][INFO] Points gained: N/A
