[15:34:54][LOGGER][INFO] Logger started!
[15:34:54][RoboScript][INFO] Interpreter ready!
[15:34:54][TMGR][INFO] Applying robot position to model
[15:34:54][MOTORS][INFO] Motors controller ready!
[15:34:54][TMGR][INFO] TaskManager ready!
[15:34:54][WEB][INFO] Starting WebAPI on 0.0.0.0:8080
[15:35:32][TMGR][INFO] Starting tasks execution loop
[15:35:56][TMGR][SUCCESS] All tasks finished! Match finished!
[15:35:56][TMGR][INFO] Starting tasks execution loop
[15:35:56][TMGR][SUCCESS] All tasks finished! Match finished!
[15:35:56][TMGR][INFO] Starting tasks execution loop
[15:35:56][TMGR][SUCCESS] All tasks finished! Match finished!
[15:35:56][TMGR][INFO] Starting tasks execution loop
[15:35:56][TMGR][SUCCESS] All tasks finished! Match finished!
[15:35:56][TMGR][INFO] Starting tasks execution loop
[15:35:56][TMGR][SUCCESS] All tasks finished! Match finished!
[15:35:56][TMGR][INFO] Starting tasks execution loop
[15:35:56][TMGR][SUCCESS] All tasks finished! Match finished!
[15:35:57][TMGR][INFO] Starting tasks execution loop
[15:35:57][TMGR][SUCCESS] All tasks finished! Match finished!
[15:35:57][TMGR][INFO] Starting tasks execution loop
[15:35:57][TMGR][SUCCESS] All tasks finished! Match finished!
[15:35:57][TMGR][INFO] Starting tasks execution loop
[15:35:57][TMGR][SUCCESS] All tasks finished! Match finished!
[15:35:57][TMGR][INFO] Starting tasks execution loop
[15:35:57][TMGR][SUCCESS] All tasks finished! Match finished!
[15:35:57][TMGR][INFO] Starting tasks execution loop
[15:35:57][TMGR][SUCCESS] All tasks finished! Match finished!
[15:35:57][TMGR][INFO] Starting tasks execution loop
[15:35:57][TMGR][SUCCESS] All tasks finished! Match finished!
[15:35:57][TMGR][INFO] Starting tasks execution loop
[15:35:57][TMGR][SUCCESS] All tasks finished! Match finished!
[15:35:57][TMGR][INFO] Starting tasks execution loop
[15:35:57][TMGR][SUCCESS] All tasks finished! Match finished!
[15:35:57][TMGR][INFO] Starting tasks execution loop
[15:35:57][TMGR][SUCCESS] All tasks finished! Match finished!
[15:35:57][TMGR][INFO] Starting tasks execution loop
[15:35:57][TMGR][SUCCESS] All tasks finished! Match finished!
[15:35:57][TMGR][INFO] Starting tasks execution loop
[15:35:58][TMGR][SUCCESS] All tasks finished! Match finished!
[15:35:58][TMGR][INFO] Starting tasks execution loop
[15:35:58][TMGR][SUCCESS] All tasks finished! Match finished!
[15:35:58][TMGR][INFO] Starting tasks execution loop
[15:35:58][TMGR][SUCCESS] All tasks finished! Match finished!
[15:35:58][TMGR][INFO] Starting tasks execution loop
[15:35:58][TMGR][SUCCESS] All tasks finished! Match finished!
[15:35:58][TMGR][INFO] Starting tasks execution loop
[15:35:58][TMGR][SUCCESS] All tasks finished! Match finished!
[15:35:58][TMGR][INFO] Starting tasks execution loop
[15:35:58][TMGR][SUCCESS] All tasks finished! Match finished!
[15:35:58][TMGR][INFO] Starting tasks execution loop
[15:35:58][TMGR][SUCCESS] All tasks finished! Match finished!
[15:35:58][TMGR][INFO] Starting tasks execution loop
[15:35:58][TMGR][SUCCESS] All tasks finished! Match finished!
[15:35:58][TMGR][INFO] Starting tasks execution loop
[15:35:58][TMGR][SUCCESS] All tasks finished! Match finished!
[15:35:58][TMGR][INFO] Starting tasks execution loop
[15:35:58][TMGR][SUCCESS] All tasks finished! Match finished!
[15:35:58][TMGR][INFO] Starting tasks execution loop
[15:35:58][TMGR][SUCCESS] All tasks finished! Match finished!
[15:35:59][TMGR][INFO] Starting tasks execution loop
[15:35:59][TMGR][SUCCESS] All tasks finished! Match finished!
[15:35:59][TMGR][INFO] Starting tasks execution loop
[15:35:59][TMGR][SUCCESS] All tasks finished! Match finished!
[15:35:59][TMGR][INFO] Starting tasks execution loop
[15:35:59][TMGR][SUCCESS] All tasks finished! Match finished!
[15:35:59][TMGR][INFO] Starting tasks execution loop
[15:35:59][TMGR][SUCCESS] All tasks finished! Match finished!
[15:35:59][TMGR][INFO] Starting tasks execution loop
[15:35:59][TMGR][SUCCESS] All tasks finished! Match finished!
[15:35:59][TMGR][INFO] Starting tasks execution loop
[15:35:59][TMGR][SUCCESS] All tasks finished! Match finished!
[15:35:59][TMGR][INFO] Starting tasks execution loop
[15:35:59][TMGR][SUCCESS] All tasks finished! Match finished!
[15:35:59][TMGR][INFO] Starting tasks execution loop
[15:35:59][TMGR][SUCCESS] All tasks finished! Match finished!
[15:35:59][TMGR][INFO] Starting tasks execution loop
[15:35:59][TMGR][SUCCESS] All tasks finished! Match finished!
[15:35:59][TMGR][INFO] Starting tasks execution loop
[15:35:59][TMGR][SUCCESS] All tasks finished! Match finished!
[15:36:00][TMGR][INFO] Starting tasks execution loop
[15:36:00][TMGR][SUCCESS] All tasks finished! Match finished!
[15:36:00][TMGR][INFO] Starting tasks execution loop
[15:36:00][TMGR][SUCCESS] All tasks finished! Match finished!
[15:36:00][TMGR][INFO] Starting tasks execution loop
[15:36:00][TMGR][SUCCESS] All tasks finished! Match finished!
[15:36:00][TMGR][INFO] Starting tasks execution loop
[15:36:00][TMGR][SUCCESS] All tasks finished! Match finished!
[15:36:00][TMGR][INFO] Starting tasks execution loop
[15:36:00][TMGR][SUCCESS] All tasks finished! Match finished!
[15:36:00][TMGR][INFO] Starting tasks execution loop
[15:36:00][TMGR][SUCCESS] All tasks finished! Match finished!
[15:36:00][TMGR][INFO] Starting tasks execution loop
[15:36:00][TMGR][SUCCESS] All tasks finished! Match finished!
[15:36:00][TMGR][INFO] Starting tasks execution loop
[15:36:00][TMGR][SUCCESS] All tasks finished! Match finished!
[15:36:00][TMGR][INFO] Starting tasks execution loop
[15:36:00][TMGR][SUCCESS] All tasks finished! Match finished!
[15:36:00][TMGR][INFO] Starting tasks execution loop
[15:36:00][TMGR][SUCCESS] All tasks finished! Match finished!
[15:36:00][TMGR][INFO] Starting tasks execution loop
[15:36:01][TMGR][SUCCESS] All tasks finished! Match finished!
[15:36:01][TMGR][INFO] Starting tasks execution loop
[15:36:01][TMGR][SUCCESS] All tasks finished! Match finished!
[15:36:01][TMGR][INFO] Starting tasks execution loop
[15:36:01][TMGR][SUCCESS] All tasks finished! Match finished!
[15:36:01][TMGR][INFO] Starting tasks execution loop
[15:36:01][TMGR][SUCCESS] All tasks finished! Match finished!
[15:36:01][TMGR][INFO] Starting tasks execution loop
[15:36:01][TMGR][SUCCESS] All tasks finished! Match finished!
[15:36:01][TMGR][INFO] Starting tasks execution loop
[15:36:01][TMGR][SUCCESS] All tasks finished! Match finished!
[15:36:01][TMGR][INFO] Starting tasks execution loop
[15:36:01][TMGR][SUCCESS] All tasks finished! Match finished!
[15:36:01][TMGR][INFO] Starting tasks execution loop
[15:36:01][TMGR][SUCCESS] All tasks finished! Match finished!
[15:36:01][TMGR][INFO] Starting tasks execution loop
[15:36:01][TMGR][SUCCESS] All tasks finished! Match finished!
[15:36:01][TMGR][INFO] Starting tasks execution loop
[15:36:01][TMGR][SUCCESS] All tasks finished! Match finished!
[15:36:01][TMGR][INFO] Starting tasks execution loop
