[15:19:17][LOGGER][INFO] Logger started!
[15:19:17][RoboScript][INFO] Interpreter ready!
[15:19:17][TMGR][INFO] Applying robot position to model
[15:19:17][MOTORS][INFO] Motors controller ready!
[15:19:17][TMGR][INFO] TaskManager ready!
[15:19:17][WEB][INFO] Starting WebAPI on 0.0.0.0:8080
[15:19:17][TMGR][INFO] Starting tasks execution loop
[15:19:27][TMGR][SUCCESS] All tasks finished! Match finished!
[15:19:27][TMGR][INFO] Starting tasks execution loop
[15:19:27][TMGR][SUCCESS] All tasks finished! Match finished!
[15:19:27][TMGR][INFO] Starting tasks execution loop
[15:19:27][TMGR][SUCCESS] All tasks finished! Match finished!
[15:19:27][TMGR][INFO] Starting tasks execution loop
[15:19:27][TMGR][SUCCESS] All tasks finished! Match finished!
[15:19:27][TMGR][INFO] Starting tasks execution loop
[15:19:27][TMGR][SUCCESS] All tasks finished! Match finished!
[15:19:27][TMGR][INFO] Starting tasks execution loop
[15:19:27][TMGR][SUCCESS] All tasks finished! Match finished!
[15:19:27][TMGR][INFO] Starting tasks execution loop
[15:19:27][TMGR][SUCCESS] All tasks finished! Match finished!
[15:19:27][TMGR][INFO] Starting tasks execution loop
[15:19:27][TMGR][SUCCESS] All tasks finished! Match finished!
[15:19:27][TMGR][INFO] Starting tasks execution loop
[15:19:27][TMGR][SUCCESS] All tasks finished! Match finished!
[15:19:27][TMGR][INFO] Starting tasks execution loop
[15:19:27][TMGR][SUCCESS] All tasks finished! Match finished!
[15:19:27][TMGR][INFO] Starting tasks execution loop
[15:19:28][TMGR][SUCCESS] All tasks finished! Match finished!
[15:19:28][TMGR][INFO] Starting tasks execution loop
[15:19:28][TMGR][SUCCESS] All tasks finished! Match finished!
[15:19:28][TMGR][INFO] Starting tasks execution loop
[15:19:28][TMGR][SUCCESS] All tasks finished! Match finished!
[15:19:28][TMGR][INFO] Starting tasks execution loop
[15:19:28][TMGR][SUCCESS] All tasks finished! Match finished!
[15:19:28][TMGR][INFO] Starting tasks execution loop
[15:19:28][TMGR][SUCCESS] All tasks finished! Match finished!
[15:19:28][TMGR][INFO] Starting tasks execution loop
[15:19:28][TMGR][SUCCESS] All tasks finished! Match finished!
[15:19:28][TMGR][INFO] Starting tasks execution loop
[15:19:28][TMGR][SUCCESS] All tasks finished! Match finished!
[15:19:28][TMGR][INFO] Starting tasks execution loop
[15:19:28][TMGR][SUCCESS] All tasks finished! Match finished!
[15:19:28][TMGR][INFO] Starting tasks execution loop
[15:19:28][TMGR][SUCCESS] All tasks finished! Match finished!
[15:19:28][TMGR][INFO] Starting tasks execution loop
[15:19:28][TMGR][SUCCESS] All tasks finished! Match finished!
[15:19:28][TMGR][INFO] Starting tasks execution loop
[15:19:29][TMGR][SUCCESS] All tasks finished! Match finished!
[15:19:29][TMGR][INFO] Starting tasks execution loop
[15:19:29][TMGR][SUCCESS] All tasks finished! Match finished!
[15:19:29][TMGR][INFO] Starting tasks execution loop
[15:19:29][TMGR][SUCCESS] All tasks finished! Match finished!
[15:19:29][TMGR][INFO] Starting tasks execution loop
[15:19:29][TMGR][SUCCESS] All tasks finished! Match finished!
[15:19:29][TMGR][INFO] Starting tasks execution loop
[15:19:29][TMGR][SUCCESS] All tasks finished! Match finished!
[15:19:29][TMGR][INFO] Starting tasks execution loop
[15:19:29][TMGR][SUCCESS] All tasks finished! Match finished!
[15:19:29][TMGR][INFO] Starting tasks execution loop
[15:19:29][TMGR][SUCCESS] All tasks finished! Match finished!
[15:19:29][TMGR][INFO] Starting tasks execution loop
[15:19:29][TMGR][SUCCESS] All tasks finished! Match finished!
[15:19:29][TMGR][INFO] Starting tasks execution loop
[15:19:29][TMGR][SUCCESS] All tasks finished! Match finished!
[15:19:29][TMGR][INFO] Starting tasks execution loop
[15:19:29][TMGR][SUCCESS] All tasks finished! Match finished!
[15:19:29][TMGR][INFO] Starting tasks execution loop
[15:19:29][TMGR][SUCCESS] All tasks finished! Match finished!
[15:19:30][TMGR][INFO] Starting tasks execution loop
[15:19:30][TMGR][SUCCESS] All tasks finished! Match finished!
[15:19:30][TMGR][INFO] Starting tasks execution loop
[15:19:30][TMGR][SUCCESS] All tasks finished! Match finished!
[15:19:30][TMGR][INFO] Starting tasks execution loop
[15:19:30][TMGR][SUCCESS] All tasks finished! Match finished!
[15:19:30][TMGR][INFO] Starting tasks execution loop
[15:19:30][TMGR][SUCCESS] All tasks finished! Match finished!
[15:19:30][TMGR][INFO] Starting tasks execution loop
[15:19:30][TMGR][SUCCESS] All tasks finished! Match finished!
[15:19:30][TMGR][INFO] Starting tasks execution loop
[15:19:30][TMGR][SUCCESS] All tasks finished! Match finished!
[15:19:30][TMGR][INFO] Starting tasks execution loop
[15:19:30][TMGR][SUCCESS] All tasks finished! Match finished!
[15:19:30][TMGR][INFO] Starting tasks execution loop
[15:19:30][TMGR][SUCCESS] All tasks finished! Match finished!
[15:19:30][TMGR][INFO] Starting tasks execution loop
[15:19:30][TMGR][SUCCESS] All tasks finished! Match finished!
[15:19:30][TMGR][INFO] Starting tasks execution loop
[15:19:30][TMGR][SUCCESS] All tasks finished! Match finished!
[15:19:30][TMGR][INFO] Starting tasks execution loop
[15:19:31][TMGR][SUCCESS] All tasks finished! Match finished!
[15:19:31][TMGR][INFO] Starting tasks execution loop
[15:19:31][TMGR][SUCCESS] All tasks finished! Match finished!
[15:19:31][TMGR][INFO] Starting tasks execution loop
[15:19:31][TMGR][SUCCESS] All tasks finished! Match finished!
[15:19:31][TMGR][INFO] Starting tasks execution loop
[15:19:31][TMGR][SUCCESS] All tasks finished! Match finished!
[15:19:31][TMGR][INFO] Starting tasks execution loop
[15:19:31][TMGR][SUCCESS] All tasks finished! Match finished!
[15:19:31][TMGR][INFO] Starting tasks execution loop
[15:19:34][TMGR][SUCCESS] All tasks finished! Match finished!
[15:19:34][TMGR][INFO] Starting tasks execution loop
[15:19:34][TMGR][SUCCESS] All tasks finished! Match finished!
[15:19:34][TMGR][INFO] Starting tasks execution loop
[15:19:34][TMGR][SUCCESS] All tasks finished! Match finished!
[15:19:34][TMGR][INFO] Starting tasks execution loop
[15:19:35][TMGR][SUCCESS] All tasks finished! Match finished!
[15:19:35][TMGR][INFO] Starting tasks execution loop
[15:19:35][TMGR][SUCCESS] All tasks finished! Match finished!
[15:19:35][TMGR][INFO] Starting tasks execution loop
[15:19:35][TMGR][SUCCESS] All tasks finished! Match finished!
[15:19:35][TMGR][INFO] Starting tasks execution loop
[15:19:35][TMGR][SUCCESS] All tasks finished! Match finished!
[15:19:35][TMGR][INFO] Starting tasks execution loop
[15:19:35][TMGR][SUCCESS] All tasks finished! Match finished!
[15:19:35][TMGR][INFO] Starting tasks execution loop
[15:19:35][TMGR][SUCCESS] All tasks finished! Match finished!
[15:19:35][TMGR][INFO] Starting tasks execution loop
[15:19:35][TMGR][SUCCESS] All tasks finished! Match finished!
[15:19:35][TMGR][INFO] Starting tasks execution loop
