[16:24:28][LOGGER][INFO] Match started!
[16:24:28][TMGR][INFO] Executing new task from route: {'action': 1, 'point': [0, 50]}
[16:24:28][MOTORS][INFO] Planning to drive to [0, 50]
[16:24:30][TMGR][INFO] Executing new task from route: {'action': 'delay', 'seconds': 2}
[16:24:32][TMGR][INFO] Executing new task from route: {'action': 'open_gripper'}
[16:24:32][TMGR][INFO] Executing new task from route: {'action': 'delay', 'seconds': 2}
[16:24:34][TMGR][INFO] Executing new task from route: {'action': 'close_gripper'}
[16:24:35][TMGR][INFO] Executing new task from route: {'action': 'backward', 'back_point': [240, 50]}
[16:24:35][TMGR][INFO] Executing new task from route: {'action': 'delay', 'seconds': 2}
[16:24:37][TMGR][INFO] Executing new task from route: {'action': 1, 'point': [240, 51]}
[16:24:37][MOTORS][INFO] Planning to drive to [240, 51]
[16:24:40][TMGR][INFO] Executing new task from route: {'action': 'backward', 'back_point': [240, 0], 'extra_force': 300}
[16:24:40][TMGR][INFO] Executing new task from route: {'action': 'delay', 'seconds': 5}
[16:24:45][TMGR][INFO] Executing new task from route: {'action': 1, 'point': [240, 50]}
[16:24:45][MOTORS][INFO] Planning to drive to [240, 50]
[16:24:46][TMGR][INFO] Executing new task from route: {'action': 1, 'point': [235, 1500]}
[16:24:46][MOTORS][INFO] Planning to drive to [235, 1500]
[16:24:51][TMGR][INFO] Executing new task from route: {'action': 'backward', 'back_point': [235, 1300]}
[16:24:51][TMGR][INFO] Executing new task from route: {'action': 'gripper_grab_start'}
[16:24:54][TMGR][INFO] Logged points: [[0, 50], [240, 51], [240, 50], [235, 1500]]
[16:24:54][TMGR][INFO] Match duration (seconds): 25.86766290664673
[16:24:54][TMGR][INFO] Distance: N/A
[16:24:54][TMGR][INFO] Points gained: N/A
