[16:20:52][LOGGER][INFO] Match started!
[16:20:52][TMGR][INFO] Executing new task from route: {'action': 1, 'point': [0, 50]}
[16:20:52][MOTORS][INFO] Planning to drive to [0, 50]
[16:20:55][TMGR][INFO] Executing new task from route: {'action': 'delay', 'seconds': 2}
[16:20:57][TMGR][INFO] Executing new task from route: {'action': 'open_gripper'}
[16:20:57][TMGR][INFO] Executing new task from route: {'action': 'delay', 'seconds': 2}
[16:20:59][TMGR][INFO] Executing new task from route: {'action': 'close_gripper'}
[16:21:00][TMGR][INFO] Executing new task from route: {'action': 'backward', 'back_point': [240, 50]}
[16:21:00][TMGR][INFO] Executing new task from route: {'action': 'delay', 'seconds': 2}
[16:21:02][TMGR][INFO] Executing new task from route: {'action': 1, 'point': [240, 51]}
[16:21:02][MOTORS][INFO] Planning to drive to [240, 51]
[16:21:05][TMGR][INFO] Executing new task from route: {'action': 'backward', 'back_point': [240, 0], 'extra_force': 300}
[16:21:05][TMGR][INFO] Executing new task from route: {'action': 'delay', 'seconds': 5}
[16:21:10][TMGR][INFO] Executing new task from route: {'action': 1, 'point': [240, 50]}
[16:21:10][MOTORS][INFO] Planning to drive to [240, 50]
[16:21:11][TMGR][INFO] Executing new task from route: {'action': 1, 'point': [235, 1500]}
[16:21:11][MOTORS][INFO] Planning to drive to [235, 1500]
[16:21:18][TMGR][INFO] Executing new task from route: {'action': 'backward', 'back_point': [235, 1300]}
[16:21:18][TMGR][INFO] Executing new task from route: {'action': 'gripper_grab_start'}
[16:21:21][TMGR][INFO] Logged points: [[0, 50], [240, 51], [240, 50], [235, 1500]]
[16:21:21][TMGR][INFO] Match duration (seconds): 28.15436100959778
[16:21:21][TMGR][INFO] Distance: N/A
[16:21:21][TMGR][INFO] Points gained: N/A
