[14:55:26][LOGGER][INFO] Logger started!
[14:55:26][RoboScript][INFO] Interpreter ready!
[14:55:26][TMGR][INFO] Applying robot position to model
[14:55:26][MOTORS][INFO] Motors controller ready!
[14:55:26][TMGR][INFO] TaskManager ready!
[14:55:26][WEB][INFO] Starting WebAPI on 0.0.0.0:8080
[14:55:28][TMGR][INFO] Starting tasks execution loop
[14:55:38][TMGR][SUCCESS] All tasks finished! Match finished!
[14:55:38][TMGR][INFO] Starting tasks execution loop
[14:55:38][TMGR][SUCCESS] All tasks finished! Match finished!
[14:55:38][TMGR][INFO] Starting tasks execution loop
[14:55:38][TMGR][SUCCESS] All tasks finished! Match finished!
[14:55:38][TMGR][INFO] Starting tasks execution loop
[14:55:38][TMGR][SUCCESS] All tasks finished! Match finished!
[14:55:38][TMGR][INFO] Starting tasks execution loop
[14:55:38][TMGR][SUCCESS] All tasks finished! Match finished!
[14:55:38][TMGR][INFO] Starting tasks execution loop
[14:55:38][TMGR][SUCCESS] All tasks finished! Match finished!
[14:55:38][TMGR][INFO] Starting tasks execution loop
[14:55:38][TMGR][SUCCESS] All tasks finished! Match finished!
[14:55:38][TMGR][INFO] Starting tasks execution loop
[14:55:39][TMGR][SUCCESS] All tasks finished! Match finished!
[14:55:39][TMGR][INFO] Starting tasks execution loop
[14:55:39][TMGR][SUCCESS] All tasks finished! Match finished!
[14:55:39][TMGR][INFO] Starting tasks execution loop
[14:55:39][TMGR][SUCCESS] All tasks finished! Match finished!
[14:55:39][TMGR][INFO] Starting tasks execution loop
[14:55:39][TMGR][SUCCESS] All tasks finished! Match finished!
[14:55:39][TMGR][INFO] Starting tasks execution loop
[14:55:39][TMGR][SUCCESS] All tasks finished! Match finished!
[14:55:39][TMGR][INFO] Starting tasks execution loop
[14:55:39][TMGR][SUCCESS] All tasks finished! Match finished!
[14:55:39][TMGR][INFO] Starting tasks execution loop
[14:55:39][TMGR][SUCCESS] All tasks finished! Match finished!
[14:55:39][TMGR][INFO] Starting tasks execution loop
[14:55:39][TMGR][SUCCESS] All tasks finished! Match finished!
[14:55:39][TMGR][INFO] Starting tasks execution loop
[14:55:39][TMGR][SUCCESS] All tasks finished! Match finished!
[14:55:39][TMGR][INFO] Starting tasks execution loop
[14:55:39][TMGR][SUCCESS] All tasks finished! Match finished!
[14:55:39][TMGR][INFO] Starting tasks execution loop
[14:55:39][TMGR][SUCCESS] All tasks finished! Match finished!
[14:55:39][TMGR][INFO] Starting tasks execution loop
[14:55:40][TMGR][SUCCESS] All tasks finished! Match finished!
[14:55:40][TMGR][INFO] Starting tasks execution loop
[14:55:40][TMGR][SUCCESS] All tasks finished! Match finished!
[14:55:40][TMGR][INFO] Starting tasks execution loop
[14:55:40][TMGR][SUCCESS] All tasks finished! Match finished!
[14:55:40][TMGR][INFO] Starting tasks execution loop
[14:55:40][TMGR][SUCCESS] All tasks finished! Match finished!
[14:55:40][TMGR][INFO] Starting tasks execution loop
[14:55:40][TMGR][SUCCESS] All tasks finished! Match finished!
[14:55:40][TMGR][INFO] Starting tasks execution loop
[14:55:40][TMGR][SUCCESS] All tasks finished! Match finished!
[14:55:40][TMGR][INFO] Starting tasks execution loop
[14:55:40][TMGR][SUCCESS] All tasks finished! Match finished!
[14:55:40][TMGR][INFO] Starting tasks execution loop
[14:55:40][TMGR][SUCCESS] All tasks finished! Match finished!
[14:55:40][TMGR][INFO] Starting tasks execution loop
[14:55:40][TMGR][SUCCESS] All tasks finished! Match finished!
[14:55:40][TMGR][INFO] Starting tasks execution loop
[14:55:40][TMGR][SUCCESS] All tasks finished! Match finished!
[14:55:40][TMGR][INFO] Starting tasks execution loop
[14:55:41][TMGR][SUCCESS] All tasks finished! Match finished!
[14:55:41][TMGR][INFO] Starting tasks execution loop
[14:55:41][TMGR][SUCCESS] All tasks finished! Match finished!
[14:55:41][TMGR][INFO] Starting tasks execution loop
[14:55:41][TMGR][SUCCESS] All tasks finished! Match finished!
[14:55:41][TMGR][INFO] Starting tasks execution loop
[14:55:41][TMGR][SUCCESS] All tasks finished! Match finished!
[14:55:41][TMGR][INFO] Starting tasks execution loop
[14:55:41][TMGR][SUCCESS] All tasks finished! Match finished!
[14:55:41][TMGR][INFO] Starting tasks execution loop
[14:55:41][TMGR][SUCCESS] All tasks finished! Match finished!
[14:55:41][TMGR][INFO] Starting tasks execution loop
[14:55:41][TMGR][SUCCESS] All tasks finished! Match finished!
[14:55:41][TMGR][INFO] Starting tasks execution loop
[14:55:41][TMGR][SUCCESS] All tasks finished! Match finished!
[14:55:41][TMGR][INFO] Starting tasks execution loop
[14:55:41][TMGR][SUCCESS] All tasks finished! Match finished!
[14:55:41][TMGR][INFO] Starting tasks execution loop
[14:55:41][TMGR][SUCCESS] All tasks finished! Match finished!
[14:55:41][TMGR][INFO] Starting tasks execution loop
[14:55:42][TMGR][SUCCESS] All tasks finished! Match finished!
