[15:07:01][LOGGER][INFO] Logger started!
[15:07:01][RoboScript][INFO] Interpreter ready!
[15:07:01][TMGR][INFO] Applying robot position to model
[15:07:01][MOTORS][INFO] Motors controller ready!
[15:07:01][TMGR][INFO] TaskManager ready!
[15:07:01][WEB][INFO] Starting WebAPI on 0.0.0.0:8080
[15:07:05][TMGR][INFO] Starting tasks execution loop
[15:07:17][TMGR][SUCCESS] All tasks finished! Match finished!
[15:07:17][TMGR][INFO] Starting tasks execution loop
[15:07:17][TMGR][SUCCESS] All tasks finished! Match finished!
[15:07:17][TMGR][INFO] Starting tasks execution loop
[15:07:17][TMGR][SUCCESS] All tasks finished! Match finished!
[15:07:17][TMGR][INFO] Starting tasks execution loop
[15:07:17][TMGR][SUCCESS] All tasks finished! Match finished!
[15:07:17][TMGR][INFO] Starting tasks execution loop
[15:07:17][TMGR][SUCCESS] All tasks finished! Match finished!
[15:07:17][TMGR][INFO] Starting tasks execution loop
[15:07:17][TMGR][SUCCESS] All tasks finished! Match finished!
[15:07:17][TMGR][INFO] Starting tasks execution loop
[15:07:17][TMGR][SUCCESS] All tasks finished! Match finished!
[15:07:17][TMGR][INFO] Starting tasks execution loop
[15:07:17][TMGR][SUCCESS] All tasks finished! Match finished!
[15:07:17][TMGR][INFO] Starting tasks execution loop
[15:07:17][TMGR][SUCCESS] All tasks finished! Match finished!
[15:07:17][TMGR][INFO] Starting tasks execution loop
[15:07:17][TMGR][SUCCESS] All tasks finished! Match finished!
[15:07:17][TMGR][INFO] Starting tasks execution loop
[15:07:18][TMGR][SUCCESS] All tasks finished! Match finished!
[15:07:18][TMGR][INFO] Starting tasks execution loop
[15:07:18][TMGR][SUCCESS] All tasks finished! Match finished!
[15:07:18][TMGR][INFO] Starting tasks execution loop
[15:07:18][TMGR][SUCCESS] All tasks finished! Match finished!
[15:07:18][TMGR][INFO] Starting tasks execution loop
[15:07:18][TMGR][SUCCESS] All tasks finished! Match finished!
[15:07:18][TMGR][INFO] Starting tasks execution loop
[15:07:18][TMGR][SUCCESS] All tasks finished! Match finished!
[15:07:18][TMGR][INFO] Starting tasks execution loop
[15:07:18][TMGR][SUCCESS] All tasks finished! Match finished!
[15:07:18][TMGR][INFO] Starting tasks execution loop
[15:07:18][TMGR][SUCCESS] All tasks finished! Match finished!
[15:07:18][TMGR][INFO] Starting tasks execution loop
[15:07:18][TMGR][SUCCESS] All tasks finished! Match finished!
[15:07:18][TMGR][INFO] Starting tasks execution loop
[15:07:18][TMGR][SUCCESS] All tasks finished! Match finished!
[15:07:18][TMGR][INFO] Starting tasks execution loop
[15:07:18][TMGR][SUCCESS] All tasks finished! Match finished!
[15:07:18][TMGR][INFO] Starting tasks execution loop
[15:07:19][TMGR][SUCCESS] All tasks finished! Match finished!
