[15:14:54][LOGGER][INFO] Logger started!
[15:14:54][RoboScript][INFO] Interpreter ready!
[15:14:54][TMGR][INFO] Applying robot position to model
[15:14:54][MOTORS][INFO] Motors controller ready!
[15:14:54][TMGR][INFO] TaskManager ready!
[15:14:54][WEB][INFO] Starting WebAPI on 0.0.0.0:8080
[15:14:54][TMGR][INFO] Starting tasks execution loop
[15:15:20][TMGR][SUCCESS] All tasks finished! Match finished!
[15:15:20][TMGR][INFO] Starting tasks execution loop
[15:15:20][TMGR][SUCCESS] All tasks finished! Match finished!
[15:15:20][TMGR][INFO] Starting tasks execution loop
[15:15:20][TMGR][SUCCESS] All tasks finished! Match finished!
[15:15:20][TMGR][INFO] Starting tasks execution loop
[15:15:20][TMGR][SUCCESS] All tasks finished! Match finished!
[15:15:20][TMGR][INFO] Starting tasks execution loop
[15:15:20][TMGR][SUCCESS] All tasks finished! Match finished!
[15:15:20][TMGR][INFO] Starting tasks execution loop
[15:15:20][TMGR][SUCCESS] All tasks finished! Match finished!
[15:15:20][TMGR][INFO] Starting tasks execution loop
[15:15:20][TMGR][SUCCESS] All tasks finished! Match finished!
[15:15:20][TMGR][INFO] Starting tasks execution loop
[15:15:20][TMGR][SUCCESS] All tasks finished! Match finished!
[15:15:20][TMGR][INFO] Starting tasks execution loop
[15:15:20][TMGR][SUCCESS] All tasks finished! Match finished!
[15:15:20][TMGR][INFO] Starting tasks execution loop
[15:15:20][TMGR][SUCCESS] All tasks finished! Match finished!
[15:15:20][TMGR][INFO] Starting tasks execution loop
[15:15:20][TMGR][SUCCESS] All tasks finished! Match finished!
[15:15:20][TMGR][INFO] Starting tasks execution loop
[15:15:21][TMGR][SUCCESS] All tasks finished! Match finished!
[15:15:21][TMGR][INFO] Starting tasks execution loop
[15:15:21][TMGR][SUCCESS] All tasks finished! Match finished!
[15:15:21][TMGR][INFO] Starting tasks execution loop
[15:15:21][TMGR][SUCCESS] All tasks finished! Match finished!
[15:15:21][TMGR][INFO] Starting tasks execution loop
[15:15:21][TMGR][SUCCESS] All tasks finished! Match finished!
[15:15:21][TMGR][INFO] Starting tasks execution loop
[15:15:21][TMGR][SUCCESS] All tasks finished! Match finished!
[15:15:21][TMGR][INFO] Starting tasks execution loop
[15:15:21][TMGR][SUCCESS] All tasks finished! Match finished!
[15:15:21][TMGR][INFO] Starting tasks execution loop
[15:15:21][TMGR][SUCCESS] All tasks finished! Match finished!
[15:15:21][TMGR][INFO] Starting tasks execution loop
[15:15:21][TMGR][SUCCESS] All tasks finished! Match finished!
[15:15:21][TMGR][INFO] Starting tasks execution loop
[15:15:21][TMGR][SUCCESS] All tasks finished! Match finished!
[15:15:21][TMGR][INFO] Starting tasks execution loop
[15:15:21][TMGR][SUCCESS] All tasks finished! Match finished!
[15:15:21][TMGR][INFO] Starting tasks execution loop
[15:15:22][TMGR][SUCCESS] All tasks finished! Match finished!
[15:15:22][TMGR][INFO] Starting tasks execution loop
[15:15:22][TMGR][SUCCESS] All tasks finished! Match finished!
[15:15:22][TMGR][INFO] Starting tasks execution loop
[15:15:22][TMGR][SUCCESS] All tasks finished! Match finished!
[15:15:22][TMGR][INFO] Starting tasks execution loop
[15:15:22][TMGR][SUCCESS] All tasks finished! Match finished!
[15:15:22][TMGR][INFO] Starting tasks execution loop
[15:15:22][TMGR][SUCCESS] All tasks finished! Match finished!
[15:15:22][TMGR][INFO] Starting tasks execution loop
[15:15:22][TMGR][SUCCESS] All tasks finished! Match finished!
[15:15:22][TMGR][INFO] Starting tasks execution loop
[15:15:22][TMGR][SUCCESS] All tasks finished! Match finished!
[15:15:22][TMGR][INFO] Starting tasks execution loop
[15:15:22][TMGR][SUCCESS] All tasks finished! Match finished!
[15:15:22][TMGR][INFO] Starting tasks execution loop
[15:15:22][TMGR][SUCCESS] All tasks finished! Match finished!
[15:15:22][TMGR][INFO] Starting tasks execution loop
[15:15:22][TMGR][SUCCESS] All tasks finished! Match finished!
[15:15:22][TMGR][INFO] Starting tasks execution loop
[15:15:22][TMGR][SUCCESS] All tasks finished! Match finished!
[15:15:22][TMGR][INFO] Starting tasks execution loop
[15:15:23][TMGR][SUCCESS] All tasks finished! Match finished!
[15:15:23][TMGR][INFO] Starting tasks execution loop
[15:15:23][TMGR][SUCCESS] All tasks finished! Match finished!
[15:15:23][TMGR][INFO] Starting tasks execution loop
[15:15:23][TMGR][SUCCESS] All tasks finished! Match finished!
[15:15:23][TMGR][INFO] Starting tasks execution loop
[15:15:23][TMGR][SUCCESS] All tasks finished! Match finished!
[15:15:23][TMGR][INFO] Starting tasks execution loop
[15:15:23][TMGR][SUCCESS] All tasks finished! Match finished!
[15:15:23][TMGR][INFO] Starting tasks execution loop
[15:15:23][TMGR][SUCCESS] All tasks finished! Match finished!
[15:15:23][TMGR][INFO] Starting tasks execution loop
[15:15:23][TMGR][SUCCESS] All tasks finished! Match finished!
[15:15:23][TMGR][INFO] Starting tasks execution loop
[15:15:23][TMGR][SUCCESS] All tasks finished! Match finished!
[15:15:23][TMGR][INFO] Starting tasks execution loop
[15:15:23][TMGR][SUCCESS] All tasks finished! Match finished!
[15:15:23][TMGR][INFO] Starting tasks execution loop
[15:15:23][TMGR][SUCCESS] All tasks finished! Match finished!
[15:15:23][TMGR][INFO] Starting tasks execution loop
[15:15:24][TMGR][SUCCESS] All tasks finished! Match finished!
[15:15:24][TMGR][INFO] Starting tasks execution loop
[15:15:24][TMGR][SUCCESS] All tasks finished! Match finished!
[15:15:24][TMGR][INFO] Starting tasks execution loop
[15:15:24][TMGR][SUCCESS] All tasks finished! Match finished!
[15:15:24][TMGR][INFO] Starting tasks execution loop
[15:15:24][TMGR][SUCCESS] All tasks finished! Match finished!
[15:15:24][TMGR][INFO] Starting tasks execution loop
[15:15:24][TMGR][SUCCESS] All tasks finished! Match finished!
[15:15:24][TMGR][INFO] Starting tasks execution loop
[15:15:24][TMGR][SUCCESS] All tasks finished! Match finished!
[15:15:24][TMGR][INFO] Starting tasks execution loop
[15:15:24][TMGR][SUCCESS] All tasks finished! Match finished!
[15:15:24][TMGR][INFO] Starting tasks execution loop
[15:15:24][TMGR][SUCCESS] All tasks finished! Match finished!
[15:15:24][TMGR][INFO] Starting tasks execution loop
[15:15:24][TMGR][SUCCESS] All tasks finished! Match finished!
[15:15:24][TMGR][INFO] Starting tasks execution loop
[15:15:24][TMGR][SUCCESS] All tasks finished! Match finished!
[15:15:24][TMGR][INFO] Starting tasks execution loop
[15:15:24][TMGR][SUCCESS] All tasks finished! Match finished!
[15:15:25][TMGR][INFO] Starting tasks execution loop
[15:15:25][TMGR][SUCCESS] All tasks finished! Match finished!
[15:15:25][TMGR][INFO] Starting tasks execution loop
[15:15:25][TMGR][SUCCESS] All tasks finished! Match finished!
[15:15:25][TMGR][INFO] Starting tasks execution loop
[15:15:25][TMGR][SUCCESS] All tasks finished! Match finished!
[15:15:25][TMGR][INFO] Starting tasks execution loop
[15:15:25][TMGR][SUCCESS] All tasks finished! Match finished!
[15:15:25][TMGR][INFO] Starting tasks execution loop
