[15:25:05][LOGGER][INFO] Logger started!
[15:25:05][RoboScript][INFO] Interpreter ready!
[15:25:05][TMGR][INFO] Applying robot position to model
[15:25:05][MOTORS][INFO] Motors controller ready!
[15:25:05][TMGR][INFO] TaskManager ready!
[15:25:05][WEB][INFO] Starting WebAPI on 0.0.0.0:8080
[15:25:05][TMGR][INFO] Starting tasks execution loop
[15:25:10][TMGR][SUCCESS] All tasks finished! Match finished!
[15:25:10][TMGR][INFO] Starting tasks execution loop
[15:25:10][TMGR][SUCCESS] All tasks finished! Match finished!
[15:25:10][TMGR][INFO] Starting tasks execution loop
[15:25:10][TMGR][SUCCESS] All tasks finished! Match finished!
[15:25:10][TMGR][INFO] Starting tasks execution loop
[15:25:10][TMGR][SUCCESS] All tasks finished! Match finished!
[15:25:10][TMGR][INFO] Starting tasks execution loop
[15:25:10][TMGR][SUCCESS] All tasks finished! Match finished!
[15:25:10][TMGR][INFO] Starting tasks execution loop
[15:25:10][TMGR][SUCCESS] All tasks finished! Match finished!
[15:25:10][TMGR][INFO] Starting tasks execution loop
[15:25:10][TMGR][SUCCESS] All tasks finished! Match finished!
[15:25:10][TMGR][INFO] Starting tasks execution loop
[15:25:10][TMGR][SUCCESS] All tasks finished! Match finished!
[15:25:10][TMGR][INFO] Starting tasks execution loop
[15:25:11][TMGR][SUCCESS] All tasks finished! Match finished!
[15:25:11][TMGR][INFO] Starting tasks execution loop
[15:25:11][TMGR][SUCCESS] All tasks finished! Match finished!
[15:25:11][TMGR][INFO] Starting tasks execution loop
[15:25:11][TMGR][SUCCESS] All tasks finished! Match finished!
[15:25:11][TMGR][INFO] Starting tasks execution loop
[15:25:11][TMGR][SUCCESS] All tasks finished! Match finished!
[15:25:11][TMGR][INFO] Starting tasks execution loop
[15:25:11][TMGR][SUCCESS] All tasks finished! Match finished!
[15:25:11][TMGR][INFO] Starting tasks execution loop
[15:25:11][TMGR][SUCCESS] All tasks finished! Match finished!
[15:25:11][TMGR][INFO] Starting tasks execution loop
[15:25:11][TMGR][SUCCESS] All tasks finished! Match finished!
[15:25:11][TMGR][INFO] Starting tasks execution loop
[15:25:11][TMGR][SUCCESS] All tasks finished! Match finished!
[15:25:11][TMGR][INFO] Starting tasks execution loop
[15:25:11][TMGR][SUCCESS] All tasks finished! Match finished!
[15:25:11][TMGR][INFO] Starting tasks execution loop
[15:25:11][TMGR][SUCCESS] All tasks finished! Match finished!
[15:25:11][TMGR][INFO] Starting tasks execution loop
[15:25:12][TMGR][SUCCESS] All tasks finished! Match finished!
[15:25:12][TMGR][INFO] Starting tasks execution loop
[15:25:12][TMGR][SUCCESS] All tasks finished! Match finished!
[15:25:12][TMGR][INFO] Starting tasks execution loop
[15:25:12][TMGR][SUCCESS] All tasks finished! Match finished!
[15:25:12][TMGR][INFO] Starting tasks execution loop
[15:25:12][TMGR][SUCCESS] All tasks finished! Match finished!
[15:25:12][TMGR][INFO] Starting tasks execution loop
[15:25:12][TMGR][SUCCESS] All tasks finished! Match finished!
[15:25:12][TMGR][INFO] Starting tasks execution loop
[15:25:12][TMGR][SUCCESS] All tasks finished! Match finished!
[15:25:12][TMGR][INFO] Starting tasks execution loop
[15:25:12][TMGR][SUCCESS] All tasks finished! Match finished!
[15:25:12][TMGR][INFO] Starting tasks execution loop
[15:25:12][TMGR][SUCCESS] All tasks finished! Match finished!
[15:25:12][TMGR][INFO] Starting tasks execution loop
[15:25:12][TMGR][SUCCESS] All tasks finished! Match finished!
[15:25:12][TMGR][INFO] Starting tasks execution loop
[15:25:12][TMGR][SUCCESS] All tasks finished! Match finished!
[15:25:12][TMGR][INFO] Starting tasks execution loop
[15:25:12][TMGR][SUCCESS] All tasks finished! Match finished!
[15:25:12][TMGR][INFO] Starting tasks execution loop
[15:25:13][TMGR][SUCCESS] All tasks finished! Match finished!
[15:25:13][TMGR][INFO] Starting tasks execution loop
[15:25:14][TMGR][SUCCESS] All tasks finished! Match finished!
[15:25:14][TMGR][INFO] Starting tasks execution loop
[15:25:14][TMGR][SUCCESS] All tasks finished! Match finished!
[15:25:14][TMGR][INFO] Starting tasks execution loop
[15:25:14][TMGR][SUCCESS] All tasks finished! Match finished!
[15:25:14][TMGR][INFO] Starting tasks execution loop
[15:25:14][TMGR][SUCCESS] All tasks finished! Match finished!
[15:25:14][TMGR][INFO] Starting tasks execution loop
[15:25:14][TMGR][SUCCESS] All tasks finished! Match finished!
[15:25:14][TMGR][INFO] Starting tasks execution loop
[15:25:14][TMGR][SUCCESS] All tasks finished! Match finished!
[15:25:14][TMGR][INFO] Starting tasks execution loop
[15:25:14][TMGR][SUCCESS] All tasks finished! Match finished!
[15:25:14][TMGR][INFO] Starting tasks execution loop
[15:25:14][TMGR][SUCCESS] All tasks finished! Match finished!
[15:25:14][TMGR][INFO] Starting tasks execution loop
[15:25:14][TMGR][SUCCESS] All tasks finished! Match finished!
[15:25:14][TMGR][INFO] Starting tasks execution loop
[15:25:15][TMGR][SUCCESS] All tasks finished! Match finished!
[15:25:15][TMGR][INFO] Starting tasks execution loop
[15:25:15][TMGR][SUCCESS] All tasks finished! Match finished!
[15:25:15][TMGR][INFO] Starting tasks execution loop
[15:25:15][TMGR][SUCCESS] All tasks finished! Match finished!
[15:25:15][TMGR][INFO] Starting tasks execution loop
[15:25:15][TMGR][SUCCESS] All tasks finished! Match finished!
[15:25:15][TMGR][INFO] Starting tasks execution loop
[15:25:15][TMGR][SUCCESS] All tasks finished! Match finished!
[15:25:15][TMGR][INFO] Starting tasks execution loop
[15:25:15][TMGR][SUCCESS] All tasks finished! Match finished!
[15:25:15][TMGR][INFO] Starting tasks execution loop
[15:25:15][TMGR][SUCCESS] All tasks finished! Match finished!
[15:25:15][TMGR][INFO] Starting tasks execution loop
[15:25:15][TMGR][SUCCESS] All tasks finished! Match finished!
[15:25:15][TMGR][INFO] Starting tasks execution loop
[15:25:15][TMGR][SUCCESS] All tasks finished! Match finished!
[15:25:15][TMGR][INFO] Starting tasks execution loop
[15:25:15][TMGR][SUCCESS] All tasks finished! Match finished!
[15:25:15][TMGR][INFO] Starting tasks execution loop
[15:25:16][TMGR][SUCCESS] All tasks finished! Match finished!
[15:25:16][TMGR][INFO] Starting tasks execution loop
[15:25:16][TMGR][SUCCESS] All tasks finished! Match finished!
[15:25:16][TMGR][INFO] Starting tasks execution loop
[15:25:16][TMGR][SUCCESS] All tasks finished! Match finished!
[15:25:16][TMGR][INFO] Starting tasks execution loop
[15:25:16][TMGR][SUCCESS] All tasks finished! Match finished!
[15:25:16][TMGR][INFO] Starting tasks execution loop
[15:25:16][TMGR][SUCCESS] All tasks finished! Match finished!
[15:25:16][TMGR][INFO] Starting tasks execution loop
[15:25:16][TMGR][SUCCESS] All tasks finished! Match finished!
[15:25:16][TMGR][INFO] Starting tasks execution loop
[15:25:16][TMGR][SUCCESS] All tasks finished! Match finished!
[15:25:16][TMGR][INFO] Starting tasks execution loop
[15:25:16][TMGR][SUCCESS] All tasks finished! Match finished!
[15:25:16][TMGR][INFO] Starting tasks execution loop
[15:25:16][TMGR][SUCCESS] All tasks finished! Match finished!
[15:25:16][TMGR][INFO] Starting tasks execution loop
[15:25:16][TMGR][SUCCESS] All tasks finished! Match finished!
[15:25:16][TMGR][INFO] Starting tasks execution loop
[15:25:17][TMGR][SUCCESS] All tasks finished! Match finished!
[15:25:17][TMGR][INFO] Starting tasks execution loop
[15:25:17][TMGR][SUCCESS] All tasks finished! Match finished!
[15:25:17][TMGR][INFO] Starting tasks execution loop
[15:25:17][TMGR][SUCCESS] All tasks finished! Match finished!
[15:25:17][TMGR][INFO] Starting tasks execution loop
[15:25:17][TMGR][SUCCESS] All tasks finished! Match finished!
[15:25:17][TMGR][INFO] Starting tasks execution loop
[15:25:17][TMGR][SUCCESS] All tasks finished! Match finished!
[15:25:17][TMGR][INFO] Starting tasks execution loop
[15:25:17][TMGR][SUCCESS] All tasks finished! Match finished!
[15:25:17][TMGR][INFO] Starting tasks execution loop
[15:25:17][TMGR][SUCCESS] All tasks finished! Match finished!
[15:25:17][TMGR][INFO] Starting tasks execution loop
[15:25:17][TMGR][SUCCESS] All tasks finished! Match finished!
[15:25:17][TMGR][INFO] Starting tasks execution loop
[15:25:17][TMGR][SUCCESS] All tasks finished! Match finished!
[15:25:17][TMGR][INFO] Starting tasks execution loop
[15:25:17][TMGR][SUCCESS] All tasks finished! Match finished!
[15:25:17][TMGR][INFO] Starting tasks execution loop
[15:25:17][TMGR][SUCCESS] All tasks finished! Match finished!
[15:25:17][TMGR][INFO] Starting tasks execution loop
[15:25:18][TMGR][SUCCESS] All tasks finished! Match finished!
[15:25:18][TMGR][INFO] Starting tasks execution loop
[15:25:18][TMGR][SUCCESS] All tasks finished! Match finished!
[15:25:18][TMGR][INFO] Starting tasks execution loop
[15:25:18][TMGR][SUCCESS] All tasks finished! Match finished!
[15:25:18][TMGR][INFO] Starting tasks execution loop
