[16:17:27][LOGGER][INFO] Match started!
[16:17:27][TMGR][INFO] Executing new task from route: {'action': 1, 'point': [0, 50]}
[16:17:27][MOTORS][INFO] Planning to drive to [0, 50]
[16:17:29][TMGR][INFO] Executing new task from route: {'action': 'delay', 'seconds': 2}
[16:17:31][TMGR][INFO] Executing new task from route: {'action': 'open_gripper'}
[16:17:32][TMGR][INFO] Executing new task from route: {'action': 'delay', 'seconds': 2}
[16:17:34][TMGR][INFO] Executing new task from route: {'action': 'close_gripper'}
[16:17:34][TMGR][INFO] Executing new task from route: {'action': 'backward', 'back_point': [240, 50]}
[16:17:35][TMGR][INFO] Executing new task from route: {'action': 'delay', 'seconds': 2}
[16:17:37][TMGR][INFO] Executing new task from route: {'action': 1, 'point': [240, 51]}
[16:17:37][MOTORS][INFO] Planning to drive to [240, 51]
[16:17:39][TMGR][INFO] Executing new task from route: {'action': 'backward', 'back_point': [240, 0], 'extra_force': 300}
[16:17:39][TMGR][INFO] Executing new task from route: {'action': 'delay', 'seconds': 5}
[16:17:44][TMGR][INFO] Executing new task from route: {'action': 1, 'point': [240, 50]}
[16:17:44][MOTORS][INFO] Planning to drive to [240, 50]
[16:17:45][TMGR][INFO] Executing new task from route: {'action': 1, 'point': [235, 1500]}
[16:17:45][MOTORS][INFO] Planning to drive to [235, 1500]
[16:17:52][TMGR][INFO] Logged points: [[0, 50], [240, 51], [240, 50], [235, 1500]]
[16:17:52][TMGR][INFO] Match duration (seconds): 25.391005277633667
[16:17:52][TMGR][INFO] Distance: N/A
[16:17:52][TMGR][INFO] Points gained: N/A
