[15:33:47][LOGGER][INFO] Logger started!
[15:33:47][RoboScript][INFO] Interpreter ready!
[15:33:47][TMGR][INFO] Applying robot position to model
[15:33:47][MOTORS][INFO] Motors controller ready!
[15:33:47][TMGR][INFO] TaskManager ready!
[15:33:47][WEB][INFO] Starting WebAPI on 0.0.0.0:8080
[15:33:47][TMGR][INFO] Starting tasks execution loop
[15:34:02][TMGR][SUCCESS] All tasks finished! Match finished!
[15:34:02][TMGR][INFO] Starting tasks execution loop
[15:34:02][TMGR][SUCCESS] All tasks finished! Match finished!
[15:34:02][TMGR][INFO] Starting tasks execution loop
[15:34:02][TMGR][SUCCESS] All tasks finished! Match finished!
[15:34:02][TMGR][INFO] Starting tasks execution loop
[15:34:02][TMGR][SUCCESS] All tasks finished! Match finished!
[15:34:02][TMGR][INFO] Starting tasks execution loop
[15:34:02][TMGR][SUCCESS] All tasks finished! Match finished!
[15:34:02][TMGR][INFO] Starting tasks execution loop
[15:34:02][TMGR][SUCCESS] All tasks finished! Match finished!
[15:34:02][TMGR][INFO] Starting tasks execution loop
[15:34:02][TMGR][SUCCESS] All tasks finished! Match finished!
[15:34:02][TMGR][INFO] Starting tasks execution loop
[15:34:02][TMGR][SUCCESS] All tasks finished! Match finished!
[15:34:02][TMGR][INFO] Starting tasks execution loop
[15:34:02][TMGR][SUCCESS] All tasks finished! Match finished!
[15:34:02][TMGR][INFO] Starting tasks execution loop
[15:34:02][TMGR][SUCCESS] All tasks finished! Match finished!
[15:34:02][TMGR][INFO] Starting tasks execution loop
[15:34:02][TMGR][SUCCESS] All tasks finished! Match finished!
[15:34:03][TMGR][INFO] Starting tasks execution loop
[15:34:03][TMGR][SUCCESS] All tasks finished! Match finished!
[15:34:03][TMGR][INFO] Starting tasks execution loop
[15:34:03][TMGR][SUCCESS] All tasks finished! Match finished!
[15:34:03][TMGR][INFO] Starting tasks execution loop
[15:34:03][TMGR][SUCCESS] All tasks finished! Match finished!
[15:34:03][TMGR][INFO] Starting tasks execution loop
[15:34:03][TMGR][SUCCESS] All tasks finished! Match finished!
[15:34:03][TMGR][INFO] Starting tasks execution loop
[15:34:03][TMGR][SUCCESS] All tasks finished! Match finished!
[15:34:03][TMGR][INFO] Starting tasks execution loop
[15:34:03][TMGR][SUCCESS] All tasks finished! Match finished!
[15:34:03][TMGR][INFO] Starting tasks execution loop
[15:34:03][TMGR][SUCCESS] All tasks finished! Match finished!
[15:34:03][TMGR][INFO] Starting tasks execution loop
[15:34:03][TMGR][SUCCESS] All tasks finished! Match finished!
[15:34:03][TMGR][INFO] Starting tasks execution loop
[15:34:03][TMGR][SUCCESS] All tasks finished! Match finished!
[15:34:03][TMGR][INFO] Starting tasks execution loop
[15:34:03][TMGR][SUCCESS] All tasks finished! Match finished!
[15:34:03][TMGR][INFO] Starting tasks execution loop
[15:34:04][TMGR][SUCCESS] All tasks finished! Match finished!
[15:34:04][TMGR][INFO] Starting tasks execution loop
[15:34:04][TMGR][SUCCESS] All tasks finished! Match finished!
[15:34:04][TMGR][INFO] Starting tasks execution loop
[15:34:04][TMGR][SUCCESS] All tasks finished! Match finished!
[15:34:04][TMGR][INFO] Starting tasks execution loop
[15:34:04][TMGR][SUCCESS] All tasks finished! Match finished!
[15:34:04][TMGR][INFO] Starting tasks execution loop
[15:34:04][TMGR][SUCCESS] All tasks finished! Match finished!
[15:34:04][TMGR][INFO] Starting tasks execution loop
[15:34:04][TMGR][SUCCESS] All tasks finished! Match finished!
[15:34:04][TMGR][INFO] Starting tasks execution loop
[15:34:04][TMGR][SUCCESS] All tasks finished! Match finished!
[15:34:04][TMGR][INFO] Starting tasks execution loop
[15:34:04][TMGR][SUCCESS] All tasks finished! Match finished!
[15:34:04][TMGR][INFO] Starting tasks execution loop
[15:34:04][TMGR][SUCCESS] All tasks finished! Match finished!
[15:34:04][TMGR][INFO] Starting tasks execution loop
[15:34:04][TMGR][SUCCESS] All tasks finished! Match finished!
[15:34:04][TMGR][INFO] Starting tasks execution loop
[15:34:05][TMGR][SUCCESS] All tasks finished! Match finished!
[15:34:05][TMGR][INFO] Starting tasks execution loop
[15:34:05][TMGR][SUCCESS] All tasks finished! Match finished!
[15:34:05][TMGR][INFO] Starting tasks execution loop
[15:34:05][TMGR][SUCCESS] All tasks finished! Match finished!
[15:34:05][TMGR][INFO] Starting tasks execution loop
[15:34:05][TMGR][SUCCESS] All tasks finished! Match finished!
[15:34:05][TMGR][INFO] Starting tasks execution loop
[15:34:05][TMGR][SUCCESS] All tasks finished! Match finished!
[15:34:05][TMGR][INFO] Starting tasks execution loop
[15:34:05][TMGR][SUCCESS] All tasks finished! Match finished!
[15:34:05][TMGR][INFO] Starting tasks execution loop
[15:34:05][TMGR][SUCCESS] All tasks finished! Match finished!
[15:34:05][TMGR][INFO] Starting tasks execution loop
[15:34:05][TMGR][SUCCESS] All tasks finished! Match finished!
[15:34:05][TMGR][INFO] Starting tasks execution loop
[15:34:05][TMGR][SUCCESS] All tasks finished! Match finished!
[15:34:05][TMGR][INFO] Starting tasks execution loop
[15:34:05][TMGR][SUCCESS] All tasks finished! Match finished!
[15:34:05][TMGR][INFO] Starting tasks execution loop
[15:34:06][TMGR][SUCCESS] All tasks finished! Match finished!
[15:34:06][TMGR][INFO] Starting tasks execution loop
[15:34:06][TMGR][SUCCESS] All tasks finished! Match finished!
[15:34:06][TMGR][INFO] Starting tasks execution loop
[15:34:06][TMGR][SUCCESS] All tasks finished! Match finished!
[15:34:06][TMGR][INFO] Starting tasks execution loop
[15:34:06][TMGR][SUCCESS] All tasks finished! Match finished!
[15:34:06][TMGR][INFO] Starting tasks execution loop
[15:34:06][TMGR][SUCCESS] All tasks finished! Match finished!
[15:34:06][TMGR][INFO] Starting tasks execution loop
[15:34:06][TMGR][SUCCESS] All tasks finished! Match finished!
[15:34:06][TMGR][INFO] Starting tasks execution loop
[15:34:06][TMGR][SUCCESS] All tasks finished! Match finished!
[15:34:06][TMGR][INFO] Starting tasks execution loop
[15:34:06][TMGR][SUCCESS] All tasks finished! Match finished!
[15:34:06][TMGR][INFO] Starting tasks execution loop
[15:34:06][TMGR][SUCCESS] All tasks finished! Match finished!
[15:34:06][TMGR][INFO] Starting tasks execution loop
[15:34:07][TMGR][SUCCESS] All tasks finished! Match finished!
[15:34:07][TMGR][INFO] Starting tasks execution loop
[15:34:07][TMGR][SUCCESS] All tasks finished! Match finished!
[15:34:07][TMGR][INFO] Starting tasks execution loop
[15:34:07][TMGR][SUCCESS] All tasks finished! Match finished!
[15:34:07][TMGR][INFO] Starting tasks execution loop
[15:34:07][TMGR][SUCCESS] All tasks finished! Match finished!
[15:34:07][TMGR][INFO] Starting tasks execution loop
[15:34:07][TMGR][SUCCESS] All tasks finished! Match finished!
[15:34:07][TMGR][INFO] Starting tasks execution loop
[15:34:07][TMGR][SUCCESS] All tasks finished! Match finished!
[15:34:07][TMGR][INFO] Starting tasks execution loop
[15:34:07][TMGR][SUCCESS] All tasks finished! Match finished!
[15:34:07][TMGR][INFO] Starting tasks execution loop
[15:34:07][TMGR][SUCCESS] All tasks finished! Match finished!
[15:34:07][TMGR][INFO] Starting tasks execution loop
[15:34:07][TMGR][SUCCESS] All tasks finished! Match finished!
[15:34:07][TMGR][INFO] Starting tasks execution loop
[15:34:07][TMGR][SUCCESS] All tasks finished! Match finished!
[15:34:07][TMGR][INFO] Starting tasks execution loop
[15:34:08][TMGR][SUCCESS] All tasks finished! Match finished!
[15:34:08][TMGR][INFO] Starting tasks execution loop
[15:34:08][TMGR][SUCCESS] All tasks finished! Match finished!
[15:34:08][TMGR][INFO] Starting tasks execution loop
[15:34:08][TMGR][SUCCESS] All tasks finished! Match finished!
[15:34:08][TMGR][INFO] Starting tasks execution loop
[15:34:08][TMGR][SUCCESS] All tasks finished! Match finished!
[15:34:08][TMGR][INFO] Starting tasks execution loop
[15:34:08][TMGR][SUCCESS] All tasks finished! Match finished!
[15:34:08][TMGR][INFO] Starting tasks execution loop
[15:34:08][TMGR][SUCCESS] All tasks finished! Match finished!
[15:34:08][TMGR][INFO] Starting tasks execution loop
[15:34:08][TMGR][SUCCESS] All tasks finished! Match finished!
[15:34:08][TMGR][INFO] Starting tasks execution loop
[15:34:08][TMGR][SUCCESS] All tasks finished! Match finished!
[15:34:08][TMGR][INFO] Starting tasks execution loop
[15:34:08][TMGR][SUCCESS] All tasks finished! Match finished!
[15:34:08][TMGR][INFO] Starting tasks execution loop
[15:34:08][TMGR][SUCCESS] All tasks finished! Match finished!
[15:34:08][TMGR][INFO] Starting tasks execution loop
[15:34:09][TMGR][SUCCESS] All tasks finished! Match finished!
[15:34:09][TMGR][INFO] Starting tasks execution loop
[15:34:09][TMGR][SUCCESS] All tasks finished! Match finished!
[15:34:09][TMGR][INFO] Starting tasks execution loop
[15:34:09][TMGR][SUCCESS] All tasks finished! Match finished!
[15:34:09][TMGR][INFO] Starting tasks execution loop
[15:34:09][TMGR][SUCCESS] All tasks finished! Match finished!
[15:34:09][TMGR][INFO] Starting tasks execution loop
[15:34:09][TMGR][SUCCESS] All tasks finished! Match finished!
[15:34:09][TMGR][INFO] Starting tasks execution loop
[15:34:09][TMGR][SUCCESS] All tasks finished! Match finished!
[15:34:09][TMGR][INFO] Starting tasks execution loop
[15:34:09][TMGR][SUCCESS] All tasks finished! Match finished!
[15:34:09][TMGR][INFO] Starting tasks execution loop
[15:34:09][TMGR][SUCCESS] All tasks finished! Match finished!
[15:34:09][TMGR][INFO] Starting tasks execution loop
[15:34:09][TMGR][SUCCESS] All tasks finished! Match finished!
[15:34:09][TMGR][INFO] Starting tasks execution loop
[15:34:09][TMGR][SUCCESS] All tasks finished! Match finished!
[15:34:09][TMGR][INFO] Starting tasks execution loop
[15:34:09][TMGR][SUCCESS] All tasks finished! Match finished!
[15:34:09][TMGR][INFO] Starting tasks execution loop
[15:34:10][TMGR][SUCCESS] All tasks finished! Match finished!
[15:34:10][TMGR][INFO] Starting tasks execution loop
[15:34:10][TMGR][SUCCESS] All tasks finished! Match finished!
[15:34:10][TMGR][INFO] Starting tasks execution loop
[15:34:10][TMGR][SUCCESS] All tasks finished! Match finished!
[15:34:10][TMGR][INFO] Starting tasks execution loop
[15:34:10][TMGR][SUCCESS] All tasks finished! Match finished!
[15:34:10][TMGR][INFO] Starting tasks execution loop
[15:34:10][TMGR][SUCCESS] All tasks finished! Match finished!
[15:34:10][TMGR][INFO] Starting tasks execution loop
[15:34:10][TMGR][SUCCESS] All tasks finished! Match finished!
[15:34:10][TMGR][INFO] Starting tasks execution loop
[15:34:10][TMGR][SUCCESS] All tasks finished! Match finished!
[15:34:10][TMGR][INFO] Starting tasks execution loop
[15:34:10][TMGR][SUCCESS] All tasks finished! Match finished!
[15:34:10][TMGR][INFO] Starting tasks execution loop
[15:34:10][TMGR][SUCCESS] All tasks finished! Match finished!
[15:34:10][TMGR][INFO] Starting tasks execution loop
[15:34:10][TMGR][SUCCESS] All tasks finished! Match finished!
[15:34:10][TMGR][INFO] Starting tasks execution loop
[15:34:11][TMGR][SUCCESS] All tasks finished! Match finished!
[15:34:11][TMGR][INFO] Starting tasks execution loop
[15:34:11][TMGR][SUCCESS] All tasks finished! Match finished!
[15:34:11][TMGR][INFO] Starting tasks execution loop
[15:34:11][TMGR][SUCCESS] All tasks finished! Match finished!
[15:34:11][TMGR][INFO] Starting tasks execution loop
[15:34:11][TMGR][SUCCESS] All tasks finished! Match finished!
[15:34:11][TMGR][INFO] Starting tasks execution loop
[15:34:11][TMGR][SUCCESS] All tasks finished! Match finished!
[15:34:11][TMGR][INFO] Starting tasks execution loop
[15:34:11][TMGR][SUCCESS] All tasks finished! Match finished!
[15:34:11][TMGR][INFO] Starting tasks execution loop
[15:34:11][TMGR][SUCCESS] All tasks finished! Match finished!
[15:34:11][TMGR][INFO] Starting tasks execution loop
[15:34:11][TMGR][SUCCESS] All tasks finished! Match finished!
[15:34:11][TMGR][INFO] Starting tasks execution loop
[15:34:11][TMGR][SUCCESS] All tasks finished! Match finished!
[15:34:11][TMGR][INFO] Starting tasks execution loop
[15:34:11][TMGR][SUCCESS] All tasks finished! Match finished!
[15:34:11][TMGR][INFO] Starting tasks execution loop
[15:34:11][TMGR][SUCCESS] All tasks finished! Match finished!
[15:34:11][TMGR][INFO] Starting tasks execution loop
[15:34:12][TMGR][SUCCESS] All tasks finished! Match finished!
[15:34:12][TMGR][INFO] Starting tasks execution loop
[15:34:12][TMGR][SUCCESS] All tasks finished! Match finished!
[15:34:12][TMGR][INFO] Starting tasks execution loop
[15:34:12][TMGR][SUCCESS] All tasks finished! Match finished!
[15:34:12][TMGR][INFO] Starting tasks execution loop
[15:34:13][TMGR][SUCCESS] All tasks finished! Match finished!
[15:34:13][TMGR][INFO] Starting tasks execution loop
[15:34:13][TMGR][SUCCESS] All tasks finished! Match finished!
[15:34:13][TMGR][INFO] Starting tasks execution loop
[15:34:13][TMGR][SUCCESS] All tasks finished! Match finished!
[15:34:13][TMGR][INFO] Starting tasks execution loop
[15:34:13][TMGR][SUCCESS] All tasks finished! Match finished!
[15:34:13][TMGR][INFO] Starting tasks execution loop
[15:34:13][TMGR][SUCCESS] All tasks finished! Match finished!
[15:34:13][TMGR][INFO] Starting tasks execution loop
[15:34:13][TMGR][SUCCESS] All tasks finished! Match finished!
[15:34:13][TMGR][INFO] Starting tasks execution loop
[15:34:13][TMGR][SUCCESS] All tasks finished! Match finished!
[15:34:13][TMGR][INFO] Starting tasks execution loop
[15:34:13][TMGR][SUCCESS] All tasks finished! Match finished!
[15:34:13][TMGR][INFO] Starting tasks execution loop
[15:34:13][TMGR][SUCCESS] All tasks finished! Match finished!
[15:34:13][TMGR][INFO] Starting tasks execution loop
[15:34:14][TMGR][SUCCESS] All tasks finished! Match finished!
[15:34:14][TMGR][INFO] Starting tasks execution loop
[15:34:14][TMGR][SUCCESS] All tasks finished! Match finished!
[15:34:14][TMGR][INFO] Starting tasks execution loop
[15:34:14][TMGR][SUCCESS] All tasks finished! Match finished!
[15:34:14][TMGR][INFO] Starting tasks execution loop
[15:34:14][TMGR][SUCCESS] All tasks finished! Match finished!
[15:34:14][TMGR][INFO] Starting tasks execution loop
[15:34:14][TMGR][SUCCESS] All tasks finished! Match finished!
[15:34:14][TMGR][INFO] Starting tasks execution loop
[15:34:14][TMGR][SUCCESS] All tasks finished! Match finished!
[15:34:14][TMGR][INFO] Starting tasks execution loop
[15:34:14][TMGR][SUCCESS] All tasks finished! Match finished!
[15:34:14][TMGR][INFO] Starting tasks execution loop
[15:34:14][TMGR][SUCCESS] All tasks finished! Match finished!
[15:34:14][TMGR][INFO] Starting tasks execution loop
[15:34:14][TMGR][SUCCESS] All tasks finished! Match finished!
[15:34:14][TMGR][INFO] Starting tasks execution loop
[15:34:14][TMGR][SUCCESS] All tasks finished! Match finished!
[15:34:14][TMGR][INFO] Starting tasks execution loop
[15:34:14][TMGR][SUCCESS] All tasks finished! Match finished!
[15:34:15][TMGR][INFO] Starting tasks execution loop
[15:34:15][TMGR][SUCCESS] All tasks finished! Match finished!
[15:34:15][TMGR][INFO] Starting tasks execution loop
[15:34:15][TMGR][SUCCESS] All tasks finished! Match finished!
[15:34:15][TMGR][INFO] Starting tasks execution loop
[15:34:15][TMGR][SUCCESS] All tasks finished! Match finished!
[15:34:15][TMGR][INFO] Starting tasks execution loop
[15:34:15][TMGR][SUCCESS] All tasks finished! Match finished!
[15:34:15][TMGR][INFO] Starting tasks execution loop
[15:34:15][TMGR][SUCCESS] All tasks finished! Match finished!
[15:34:15][TMGR][INFO] Starting tasks execution loop
[15:34:15][TMGR][SUCCESS] All tasks finished! Match finished!
[15:34:15][TMGR][INFO] Starting tasks execution loop
[15:34:15][TMGR][SUCCESS] All tasks finished! Match finished!
[15:34:15][TMGR][INFO] Starting tasks execution loop
[15:34:15][TMGR][SUCCESS] All tasks finished! Match finished!
[15:34:15][TMGR][INFO] Starting tasks execution loop
[15:34:15][TMGR][SUCCESS] All tasks finished! Match finished!
[15:34:15][TMGR][INFO] Starting tasks execution loop
[15:34:15][TMGR][SUCCESS] All tasks finished! Match finished!
[15:34:15][TMGR][INFO] Starting tasks execution loop
[15:34:16][TMGR][SUCCESS] All tasks finished! Match finished!
[15:34:16][TMGR][INFO] Starting tasks execution loop
[15:34:16][TMGR][SUCCESS] All tasks finished! Match finished!
[15:34:16][TMGR][INFO] Starting tasks execution loop
[15:34:16][TMGR][SUCCESS] All tasks finished! Match finished!
[15:34:16][TMGR][INFO] Starting tasks execution loop
[15:34:16][TMGR][SUCCESS] All tasks finished! Match finished!
[15:34:16][TMGR][INFO] Starting tasks execution loop
[15:34:16][TMGR][SUCCESS] All tasks finished! Match finished!
[15:34:16][TMGR][INFO] Starting tasks execution loop
[15:34:16][TMGR][SUCCESS] All tasks finished! Match finished!
[15:34:16][TMGR][INFO] Starting tasks execution loop
[15:34:16][TMGR][SUCCESS] All tasks finished! Match finished!
[15:34:16][TMGR][INFO] Starting tasks execution loop
[15:34:16][TMGR][SUCCESS] All tasks finished! Match finished!
[15:34:16][TMGR][INFO] Starting tasks execution loop
[15:34:16][TMGR][SUCCESS] All tasks finished! Match finished!
[15:34:16][TMGR][INFO] Starting tasks execution loop
[15:34:16][TMGR][SUCCESS] All tasks finished! Match finished!
[15:34:16][TMGR][INFO] Starting tasks execution loop
[15:34:16][TMGR][SUCCESS] All tasks finished! Match finished!
[15:34:17][TMGR][INFO] Starting tasks execution loop
[15:34:17][TMGR][SUCCESS] All tasks finished! Match finished!
[15:34:17][TMGR][INFO] Starting tasks execution loop
[15:34:17][TMGR][SUCCESS] All tasks finished! Match finished!
[15:34:17][TMGR][INFO] Starting tasks execution loop
[15:34:17][TMGR][SUCCESS] All tasks finished! Match finished!
[15:34:17][TMGR][INFO] Starting tasks execution loop
[15:34:17][TMGR][SUCCESS] All tasks finished! Match finished!
[15:34:17][TMGR][INFO] Starting tasks execution loop
[15:34:17][TMGR][SUCCESS] All tasks finished! Match finished!
[15:34:17][TMGR][INFO] Starting tasks execution loop
[15:34:17][TMGR][SUCCESS] All tasks finished! Match finished!
[15:34:17][TMGR][INFO] Starting tasks execution loop
[15:34:17][TMGR][SUCCESS] All tasks finished! Match finished!
[15:34:17][TMGR][INFO] Starting tasks execution loop
[15:34:17][TMGR][SUCCESS] All tasks finished! Match finished!
[15:34:17][TMGR][INFO] Starting tasks execution loop
[15:34:17][TMGR][SUCCESS] All tasks finished! Match finished!
[15:34:17][TMGR][INFO] Starting tasks execution loop
[15:34:17][TMGR][SUCCESS] All tasks finished! Match finished!
[15:34:17][TMGR][INFO] Starting tasks execution loop
[15:34:18][TMGR][SUCCESS] All tasks finished! Match finished!
[15:34:18][TMGR][INFO] Starting tasks execution loop
[15:34:18][TMGR][SUCCESS] All tasks finished! Match finished!
[15:34:18][TMGR][INFO] Starting tasks execution loop
[15:34:18][TMGR][SUCCESS] All tasks finished! Match finished!
[15:34:18][TMGR][INFO] Starting tasks execution loop
[15:34:18][TMGR][SUCCESS] All tasks finished! Match finished!
[15:34:18][TMGR][INFO] Starting tasks execution loop
[15:34:18][TMGR][SUCCESS] All tasks finished! Match finished!
[15:34:18][TMGR][INFO] Starting tasks execution loop
[15:34:18][TMGR][SUCCESS] All tasks finished! Match finished!
[15:34:18][TMGR][INFO] Starting tasks execution loop
[15:34:18][TMGR][SUCCESS] All tasks finished! Match finished!
[15:34:18][TMGR][INFO] Starting tasks execution loop
[15:34:18][TMGR][SUCCESS] All tasks finished! Match finished!
[15:34:18][TMGR][INFO] Starting tasks execution loop
[15:34:18][TMGR][SUCCESS] All tasks finished! Match finished!
[15:34:18][TMGR][INFO] Starting tasks execution loop
[15:34:18][TMGR][SUCCESS] All tasks finished! Match finished!
[15:34:18][TMGR][INFO] Starting tasks execution loop
[15:34:19][TMGR][SUCCESS] All tasks finished! Match finished!
[15:34:19][TMGR][INFO] Starting tasks execution loop
[15:34:19][TMGR][SUCCESS] All tasks finished! Match finished!
[15:34:19][TMGR][INFO] Starting tasks execution loop
[15:34:19][TMGR][SUCCESS] All tasks finished! Match finished!
[15:34:19][TMGR][INFO] Starting tasks execution loop
[15:34:19][TMGR][SUCCESS] All tasks finished! Match finished!
[15:34:19][TMGR][INFO] Starting tasks execution loop
[15:34:19][TMGR][SUCCESS] All tasks finished! Match finished!
[15:34:19][TMGR][INFO] Starting tasks execution loop
[15:34:19][TMGR][SUCCESS] All tasks finished! Match finished!
[15:34:19][TMGR][INFO] Starting tasks execution loop
[15:34:19][TMGR][SUCCESS] All tasks finished! Match finished!
[15:34:19][TMGR][INFO] Starting tasks execution loop
[15:34:19][TMGR][SUCCESS] All tasks finished! Match finished!
[15:34:19][TMGR][INFO] Starting tasks execution loop
[15:34:19][TMGR][SUCCESS] All tasks finished! Match finished!
[15:34:19][TMGR][INFO] Starting tasks execution loop
[15:34:19][TMGR][SUCCESS] All tasks finished! Match finished!
[15:34:19][TMGR][INFO] Starting tasks execution loop
[15:34:19][TMGR][SUCCESS] All tasks finished! Match finished!
[15:34:20][TMGR][INFO] Starting tasks execution loop
[15:34:20][TMGR][SUCCESS] All tasks finished! Match finished!
[15:34:20][TMGR][INFO] Starting tasks execution loop
[15:34:20][TMGR][SUCCESS] All tasks finished! Match finished!
[15:34:20][TMGR][INFO] Starting tasks execution loop
[15:34:20][TMGR][SUCCESS] All tasks finished! Match finished!
[15:34:20][TMGR][INFO] Starting tasks execution loop
[15:34:20][TMGR][SUCCESS] All tasks finished! Match finished!
[15:34:20][TMGR][INFO] Starting tasks execution loop
[15:34:20][TMGR][SUCCESS] All tasks finished! Match finished!
[15:34:20][TMGR][INFO] Starting tasks execution loop
[15:34:20][TMGR][SUCCESS] All tasks finished! Match finished!
[15:34:20][TMGR][INFO] Starting tasks execution loop
[15:34:20][TMGR][SUCCESS] All tasks finished! Match finished!
[15:34:20][TMGR][INFO] Starting tasks execution loop
[15:34:20][TMGR][SUCCESS] All tasks finished! Match finished!
[15:34:20][TMGR][INFO] Starting tasks execution loop
[15:34:25][TMGR][SUCCESS] All tasks finished! Match finished!
[15:34:25][TMGR][INFO] Starting tasks execution loop
[15:34:25][TMGR][SUCCESS] All tasks finished! Match finished!
[15:34:25][TMGR][INFO] Starting tasks execution loop
[15:34:25][TMGR][SUCCESS] All tasks finished! Match finished!
[15:34:25][TMGR][INFO] Starting tasks execution loop
[15:34:25][TMGR][SUCCESS] All tasks finished! Match finished!
[15:34:25][TMGR][INFO] Starting tasks execution loop
[15:34:25][TMGR][SUCCESS] All tasks finished! Match finished!
[15:34:25][TMGR][INFO] Starting tasks execution loop
[15:34:26][TMGR][SUCCESS] All tasks finished! Match finished!
[15:34:26][TMGR][INFO] Starting tasks execution loop
[15:34:26][TMGR][SUCCESS] All tasks finished! Match finished!
[15:34:26][TMGR][INFO] Starting tasks execution loop
[15:34:26][TMGR][SUCCESS] All tasks finished! Match finished!
[15:34:26][TMGR][INFO] Starting tasks execution loop
[15:34:26][TMGR][SUCCESS] All tasks finished! Match finished!
[15:34:26][TMGR][INFO] Starting tasks execution loop
[15:34:26][TMGR][SUCCESS] All tasks finished! Match finished!
[15:34:26][TMGR][INFO] Starting tasks execution loop
[15:34:26][TMGR][SUCCESS] All tasks finished! Match finished!
[15:34:26][TMGR][INFO] Starting tasks execution loop
[15:34:26][TMGR][SUCCESS] All tasks finished! Match finished!
[15:34:26][TMGR][INFO] Starting tasks execution loop
[15:34:26][TMGR][SUCCESS] All tasks finished! Match finished!
[15:34:26][TMGR][INFO] Starting tasks execution loop
[15:34:26][TMGR][SUCCESS] All tasks finished! Match finished!
[15:34:26][TMGR][INFO] Starting tasks execution loop
[15:34:26][TMGR][SUCCESS] All tasks finished! Match finished!
[15:34:26][TMGR][INFO] Starting tasks execution loop
[15:34:27][TMGR][SUCCESS] All tasks finished! Match finished!
[15:34:27][TMGR][INFO] Starting tasks execution loop
[15:34:27][TMGR][SUCCESS] All tasks finished! Match finished!
[15:34:27][TMGR][INFO] Starting tasks execution loop
