[16:39:35][LOGGER][INFO] Match started!
[16:39:35][TMGR][INFO] Executing new task from route: {'action': 1, 'point': [0, 50]}
[16:39:35][MOTORS][INFO] Planning to drive to [0, 50]
[16:39:38][TMGR][INFO] Executing new task from route: {'action': 'delay', 'seconds': 2}
[16:39:40][TMGR][INFO] Executing new task from route: {'action': 'open_gripper'}
[16:39:40][TMGR][INFO] Executing new task from route: {'action': 'delay', 'seconds': 2}
[16:39:42][TMGR][INFO] Executing new task from route: {'action': 'close_gripper'}
[16:39:43][TMGR][INFO] Executing new task from route: {'action': 'backward', 'back_point': [240, 50]}
[16:39:43][TMGR][INFO] Executing new task from route: {'action': 'delay', 'seconds': 2}
[16:39:45][TMGR][INFO] Executing new task from route: {'action': 1, 'point': [240, 51]}
[16:39:45][MOTORS][INFO] Planning to drive to [240, 51]
[16:39:48][TMGR][INFO] Executing new task from route: {'action': 'backward', 'back_point': [240, 0], 'extra_force': 300}
[16:39:48][TMGR][INFO] Executing new task from route: {'action': 'delay', 'seconds': 5}
[16:39:53][TMGR][INFO] Executing new task from route: {'action': 1, 'point': [240, 50]}
[16:39:53][MOTORS][INFO] Planning to drive to [240, 50]
[16:39:54][TMGR][INFO] Executing new task from route: {'action': 'delay', 'seconds': 2}
[16:39:56][TMGR][INFO] Executing new task from route: {'action': 1, 'point': [235, 1600]}
[16:39:56][MOTORS][INFO] Planning to drive to [235, 1600]
[16:40:02][TMGR][INFO] Executing new task from route: {'action': 'delay', 'seconds': 2}
[16:40:04][TMGR][INFO] Executing new task from route: {'action': 'backward', 'back_point': [235, 1500]}
[16:40:05][TMGR][INFO] Executing new task from route: {'action': 'gripper_grab_start'}
[16:40:06][TMGR][INFO] Logged points: [[0, 50], [240, 51], [240, 50], [235, 1600]]
[16:40:06][TMGR][INFO] Match duration (seconds): 31.882192850112915
[16:40:06][TMGR][INFO] Distance: N/A
[16:40:06][TMGR][INFO] Points gained: N/A
