[16:36:53][LOGGER][INFO] Match started!
[16:36:53][TMGR][INFO] Executing new task from route: {'action': 1, 'point': [0, 50]}
[16:36:53][MOTORS][INFO] Planning to drive to [0, 50]
[16:36:57][TMGR][INFO] Executing new task from route: {'action': 'delay', 'seconds': 2}
[16:36:59][TMGR][INFO] Executing new task from route: {'action': 'open_gripper'}
[16:36:59][TMGR][INFO] Executing new task from route: {'action': 'delay', 'seconds': 2}
[16:37:01][TMGR][INFO] Executing new task from route: {'action': 'close_gripper'}
[16:37:02][TMGR][INFO] Executing new task from route: {'action': 'backward', 'back_point': [240, 50]}
[16:37:02][TMGR][INFO] Executing new task from route: {'action': 'delay', 'seconds': 2}
[16:37:04][TMGR][INFO] Executing new task from route: {'action': 1, 'point': [240, 51]}
[16:37:04][MOTORS][INFO] Planning to drive to [240, 51]
[16:37:07][TMGR][INFO] Executing new task from route: {'action': 'backward', 'back_point': [240, 0], 'extra_force': 300}
[16:37:07][TMGR][INFO] Executing new task from route: {'action': 'delay', 'seconds': 5}
[16:37:12][TMGR][INFO] Executing new task from route: {'action': 1, 'point': [240, 50]}
[16:37:12][MOTORS][INFO] Planning to drive to [240, 50]
[16:37:13][TMGR][INFO] Executing new task from route: {'action': 'delay', 'seconds': 2}
[16:37:15][TMGR][INFO] Executing new task from route: {'action': 1, 'point': [237, 1600]}
[16:37:15][MOTORS][INFO] Planning to drive to [237, 1600]
[16:37:21][TMGR][INFO] Executing new task from route: {'action': 'delay', 'seconds': 2}
[16:37:23][TMGR][INFO] Executing new task from route: {'action': 'backward', 'back_point': [237, 1300]}
[16:37:23][TMGR][INFO] Executing new task from route: {'action': 'gripper_grab_start'}
[16:37:26][TMGR][INFO] Logged points: [[0, 50], [240, 51], [240, 50], [237, 1600]]
[16:37:26][TMGR][INFO] Match duration (seconds): 32.8762993812561
[16:37:26][TMGR][INFO] Distance: N/A
[16:37:26][TMGR][INFO] Points gained: N/A
