[15:26:54][LOGGER][INFO] Logger started!
[15:26:54][RoboScript][INFO] Interpreter ready!
[15:26:54][TMGR][INFO] Applying robot position to model
[15:26:54][MOTORS][INFO] Motors controller ready!
[15:26:54][TMGR][INFO] TaskManager ready!
[15:26:54][WEB][INFO] Starting WebAPI on 0.0.0.0:8080
[15:26:54][TMGR][INFO] Starting tasks execution loop
[15:27:01][TMGR][SUCCESS] All tasks finished! Match finished!
[15:27:01][TMGR][INFO] Starting tasks execution loop
[15:27:01][TMGR][SUCCESS] All tasks finished! Match finished!
[15:27:01][TMGR][INFO] Starting tasks execution loop
[15:27:01][TMGR][SUCCESS] All tasks finished! Match finished!
[15:27:01][TMGR][INFO] Starting tasks execution loop
[15:27:01][TMGR][SUCCESS] All tasks finished! Match finished!
[15:27:01][TMGR][INFO] Starting tasks execution loop
[15:27:01][TMGR][SUCCESS] All tasks finished! Match finished!
[15:27:01][TMGR][INFO] Starting tasks execution loop
[15:27:01][TMGR][SUCCESS] All tasks finished! Match finished!
[15:27:01][TMGR][INFO] Starting tasks execution loop
[15:27:01][TMGR][SUCCESS] All tasks finished! Match finished!
[15:27:01][TMGR][INFO] Starting tasks execution loop
[15:27:02][TMGR][SUCCESS] All tasks finished! Match finished!
[15:27:02][TMGR][INFO] Starting tasks execution loop
[15:27:02][TMGR][SUCCESS] All tasks finished! Match finished!
[15:27:02][TMGR][INFO] Starting tasks execution loop
[15:27:02][TMGR][SUCCESS] All tasks finished! Match finished!
[15:27:02][TMGR][INFO] Starting tasks execution loop
[15:27:02][TMGR][SUCCESS] All tasks finished! Match finished!
[15:27:02][TMGR][INFO] Starting tasks execution loop
[15:27:02][TMGR][SUCCESS] All tasks finished! Match finished!
[15:27:02][TMGR][INFO] Starting tasks execution loop
[15:27:02][TMGR][SUCCESS] All tasks finished! Match finished!
[15:27:02][TMGR][INFO] Starting tasks execution loop
[15:27:05][TMGR][SUCCESS] All tasks finished! Match finished!
[15:27:05][TMGR][INFO] Starting tasks execution loop
[15:27:05][TMGR][SUCCESS] All tasks finished! Match finished!
[15:27:05][TMGR][INFO] Starting tasks execution loop
[15:27:05][TMGR][SUCCESS] All tasks finished! Match finished!
[15:27:05][TMGR][INFO] Starting tasks execution loop
[15:27:05][TMGR][SUCCESS] All tasks finished! Match finished!
[15:27:05][TMGR][INFO] Starting tasks execution loop
[15:27:05][TMGR][SUCCESS] All tasks finished! Match finished!
[15:27:05][TMGR][INFO] Starting tasks execution loop
[15:27:05][TMGR][SUCCESS] All tasks finished! Match finished!
[15:27:05][TMGR][INFO] Starting tasks execution loop
[15:27:05][TMGR][SUCCESS] All tasks finished! Match finished!
[15:27:05][TMGR][INFO] Starting tasks execution loop
[15:27:05][TMGR][SUCCESS] All tasks finished! Match finished!
[15:27:05][TMGR][INFO] Starting tasks execution loop
[15:27:05][TMGR][SUCCESS] All tasks finished! Match finished!
[15:27:05][TMGR][INFO] Starting tasks execution loop
[15:27:06][TMGR][SUCCESS] All tasks finished! Match finished!
[15:27:06][TMGR][INFO] Starting tasks execution loop
[15:27:06][TMGR][SUCCESS] All tasks finished! Match finished!
[15:27:06][TMGR][INFO] Starting tasks execution loop
[15:27:06][TMGR][SUCCESS] All tasks finished! Match finished!
[15:27:06][TMGR][INFO] Starting tasks execution loop
[15:27:06][TMGR][SUCCESS] All tasks finished! Match finished!
[15:27:06][TMGR][INFO] Starting tasks execution loop
[15:27:07][TMGR][SUCCESS] All tasks finished! Match finished!
[15:27:07][TMGR][INFO] Starting tasks execution loop
[15:27:07][TMGR][SUCCESS] All tasks finished! Match finished!
[15:27:07][TMGR][INFO] Starting tasks execution loop
[15:27:07][TMGR][SUCCESS] All tasks finished! Match finished!
[15:27:07][TMGR][INFO] Starting tasks execution loop
[15:27:07][TMGR][SUCCESS] All tasks finished! Match finished!
[15:27:07][TMGR][INFO] Starting tasks execution loop
[15:27:07][TMGR][SUCCESS] All tasks finished! Match finished!
[15:27:07][TMGR][INFO] Starting tasks execution loop
[15:27:07][TMGR][SUCCESS] All tasks finished! Match finished!
[15:27:07][TMGR][INFO] Starting tasks execution loop
[15:27:07][TMGR][SUCCESS] All tasks finished! Match finished!
[15:27:07][TMGR][INFO] Starting tasks execution loop
[15:27:07][TMGR][SUCCESS] All tasks finished! Match finished!
[15:27:07][TMGR][INFO] Starting tasks execution loop
[15:27:07][TMGR][SUCCESS] All tasks finished! Match finished!
[15:27:07][TMGR][INFO] Starting tasks execution loop
